42.0 APEX_CODE,FINEST;APEX_PROFILING,INFO;CALLOUT,INFO;DB,INFO;SYSTEM,DEBUG;VALIDATION,INFO;VISUALFORCE,INFO;WAVE,INFO;WORKFLOW,INFO
12:17:56.0 (61237)|USER_INFO|[EXTERNAL]|005f4000001gayX|lrodriguez@curious-bear-277664.com|Pacific Standard Time|GMT-07:00
12:17:56.0 (93016)|EXECUTION_STARTED
12:17:56.0 (97462)|CODE_UNIT_STARTED|[EXTERNAL]|Aura
12:17:56.0 (1297192)|CODE_UNIT_STARTED|[EXTERNAL]|01pf400000CcJkp|BoatSearchController.getBoatTypes
12:17:56.0 (1484284)|HEAP_ALLOCATE|[72]|Bytes:3
12:17:56.0 (1510971)|HEAP_ALLOCATE|[77]|Bytes:152
12:17:56.0 (1523339)|HEAP_ALLOCATE|[342]|Bytes:408
12:17:56.0 (1534489)|HEAP_ALLOCATE|[355]|Bytes:408
12:17:56.0 (1545404)|HEAP_ALLOCATE|[467]|Bytes:48
12:17:56.0 (1569850)|HEAP_ALLOCATE|[139]|Bytes:6
12:17:56.0 (1587428)|HEAP_ALLOCATE|[EXTERNAL]|Bytes:1
12:17:56.0 (1596037)|METHOD_ENTRY|[1]|01pf400000CcJkp|BoatSearchController.BoatSearchController()
12:17:56.0 (1602297)|STATEMENT_EXECUTE|[1]
12:17:56.0 (1605535)|STATEMENT_EXECUTE|[1]
12:17:56.0 (1629735)|HEAP_ALLOCATE|[50]|Bytes:5
12:17:56.0 (1653158)|HEAP_ALLOCATE|[56]|Bytes:5
12:17:56.0 (1661665)|HEAP_ALLOCATE|[64]|Bytes:7
12:17:56.0 (1681567)|SYSTEM_MODE_ENTER|false
12:17:56.0 (1693982)|HEAP_ALLOCATE|[EXTERNAL]|Bytes:5
12:17:56.0 (1701173)|SYSTEM_MODE_EXIT|false
12:17:56.0 (1709520)|METHOD_EXIT|[1]|BoatSearchController
12:17:56.0 (1719370)|SYSTEM_MODE_ENTER|false
12:17:56.0 (1730204)|HEAP_ALLOCATE|[4]|Bytes:5
12:17:56.0 (1734377)|STATEMENT_EXECUTE|[3]
12:17:56.0 (1736054)|STATEMENT_EXECUTE|[4]
12:17:56.0 (1738630)|HEAP_ALLOCATE|[4]|Bytes:32
12:17:56.0 (1751155)|HEAP_ALLOCATE|[4]|Bytes:4
12:17:56.0 (1961609)|SOQL_EXECUTE_BEGIN|[4]|Aggregations:0|SELECT Id, Name FROM BoatType__c
12:17:56.0 (3871035)|SOQL_EXECUTE_END|[4]|Rows:8
12:17:56.0 (3893658)|HEAP_ALLOCATE|[4]|Bytes:36
12:17:56.0 (3920396)|HEAP_ALLOCATE|[4]|Bytes:375
12:17:56.0 (3953816)|HEAP_ALLOCATE|[4]|Bytes:36
12:17:56.0 (3967891)|SYSTEM_MODE_EXIT|false
12:17:56.3 (3991391)|CUMULATIVE_LIMIT_USAGE
12:17:56.3 (3991391)|LIMIT_USAGE_FOR_NS|(default)|
  Number of SOQL queries: 1 out of 100
  Number of query rows: 8 out of 50000
  Number of SOSL queries: 0 out of 20
  Number of DML statements: 0 out of 150
  Number of DML rows: 0 out of 10000
  Maximum CPU time: 0 out of 10000
  Maximum heap size: 0 out of 6000000
  Number of callouts: 0 out of 100
  Number of Email Invocations: 0 out of 10
  Number of future calls: 0 out of 50
  Number of queueable jobs added to the queue: 0 out of 50
  Number of Mobile Apex push calls: 0 out of 10

12:17:56.3 (3991391)|CUMULATIVE_LIMIT_USAGE_END

12:17:56.0 (4018554)|CODE_UNIT_FINISHED|BoatSearchController.getBoatTypes
12:17:56.0 (4102774)|CODE_UNIT_FINISHED|Aura
12:17:56.0 (5846180)|EXECUTION_FINISHED
12:17:56.25 (25546235)|USER_INFO|[EXTERNAL]|005f4000001gayX|lrodriguez@curious-bear-277664.com|Pacific Standard Time|GMT-07:00
12:17:56.25 (25572469)|EXECUTION_STARTED
12:17:56.25 (25576049)|CODE_UNIT_STARTED|[EXTERNAL]|Aura
12:17:56.25 (26873858)|CODE_UNIT_STARTED|[EXTERNAL]|01pf400000CcM2l|BoatSearchResults.getBoats
12:17:56.25 (26959048)|HEAP_ALLOCATE|[EXTERNAL]|Bytes:1
12:17:56.25 (26976233)|METHOD_ENTRY|[1]|01pf400000CcM2l|BoatSearchResults.BoatSearchResults()
12:17:56.25 (26982480)|STATEMENT_EXECUTE|[1]
12:17:56.25 (26988115)|STATEMENT_EXECUTE|[1]
12:17:56.25 (26998148)|SYSTEM_MODE_ENTER|false
12:17:56.25 (27007103)|HEAP_ALLOCATE|[EXTERNAL]|Bytes:5
12:17:56.25 (27015806)|SYSTEM_MODE_EXIT|false
12:17:56.25 (27025357)|METHOD_EXIT|[1]|BoatSearchResults
12:17:56.25 (27035672)|SYSTEM_MODE_ENTER|false
12:17:56.25 (27043743)|VARIABLE_SCOPE_BEGIN|[3]|boatTypeId|String|false|false
12:17:56.25 (27064175)|VARIABLE_ASSIGNMENT|[3]|boatTypeId|""
12:17:56.25 (27077929)|HEAP_ALLOCATE|[4]|Bytes:5
12:17:56.25 (27082456)|STATEMENT_EXECUTE|[3]
12:17:56.25 (27084172)|STATEMENT_EXECUTE|[4]
12:17:56.25 (27108531)|HEAP_ALLOCATE|[4]|Bytes:4
12:17:56.25 (27170089)|VARIABLE_SCOPE_BEGIN|[4]|boats|List<Boat__c>|true|false
12:17:56.25 (27181123)|HEAP_ALLOCATE|[EXTERNAL]|Bytes:4
12:17:56.25 (27193906)|VARIABLE_ASSIGNMENT|[4]|boats|[]|0x1d137a4b
12:17:56.25 (27199225)|STATEMENT_EXECUTE|[5]
12:17:56.25 (27202621)|HEAP_ALLOCATE|[5]|Bytes:57
12:17:56.25 (27207558)|VARIABLE_SCOPE_BEGIN|[5]|query|String|false|false
12:17:56.25 (27220072)|VARIABLE_ASSIGNMENT|[5]|query|"SELECT Id, Name, Con (37 more) ..."
12:17:56.25 (27245545)|STATEMENT_EXECUTE|[6]
12:17:56.25 (27247211)|STATEMENT_EXECUTE|[7]
12:17:56.25 (27807160)|SOQL_EXECUTE_BEGIN|[7]|Aggregations:0|SELECT Id, Name, Contact__r.Name, Picture__c FROM Boat__c
12:17:56.25 (31731699)|SOQL_EXECUTE_END|[7]|Rows:10
12:17:56.25 (31758494)|HEAP_ALLOCATE|[7]|Bytes:44
12:17:56.25 (31805899)|HEAP_ALLOCATE|[7]|Bytes:1923
12:17:56.25 (31842808)|HEAP_ALLOCATE|[7]|Bytes:44
12:17:56.25 (31875757)|VARIABLE_ASSIGNMENT|[7]|boats|"List of size 10 too large to display"|0x75346577
12:17:56.25 (31884109)|STATEMENT_EXECUTE|[11]
12:17:56.25 (31894649)|SYSTEM_MODE_EXIT|false
12:17:56.31 (31916569)|CUMULATIVE_LIMIT_USAGE
12:17:56.31 (31916569)|LIMIT_USAGE_FOR_NS|(default)|
  Number of SOQL queries: 2 out of 100
  Number of query rows: 18 out of 50000
  Number of SOSL queries: 0 out of 20
  Number of DML statements: 0 out of 150
  Number of DML rows: 0 out of 10000
  Maximum CPU time: 0 out of 10000
  Maximum heap size: 0 out of 6000000
  Number of callouts: 0 out of 100
  Number of Email Invocations: 0 out of 10
  Number of future calls: 0 out of 50
  Number of queueable jobs added to the queue: 0 out of 50
  Number of Mobile Apex push calls: 0 out of 10

12:17:56.31 (31916569)|CUMULATIVE_LIMIT_USAGE_END

12:17:56.25 (31946004)|CODE_UNIT_FINISHED|BoatSearchResults.getBoats
12:17:56.25 (32078159)|CODE_UNIT_FINISHED|Aura
12:17:56.25 (33225802)|EXECUTION_FINISHED
