42.0 APEX_CODE,FINEST;APEX_PROFILING,INFO;CALLOUT,INFO;DB,INFO;SYSTEM,DEBUG;VALIDATION,INFO;VISUALFORCE,INFO;WAVE,INFO;WORKFLOW,INFO
12:37:29.0 (446963)|USER_INFO|[EXTERNAL]|005f4000001gayX|lrodriguez@curious-bear-277664.com|Pacific Standard Time|GMT-07:00
12:37:29.0 (501503)|EXECUTION_STARTED
12:37:29.0 (506337)|CODE_UNIT_STARTED|[EXTERNAL]|Aura
12:37:29.0 (24711429)|CODE_UNIT_STARTED|[EXTERNAL]|01pf400000CcJkp|BoatSearchController.getBoatTypes
12:37:29.0 (25018577)|HEAP_ALLOCATE|[72]|Bytes:3
12:37:29.0 (25105975)|HEAP_ALLOCATE|[77]|Bytes:152
12:37:29.0 (25126881)|HEAP_ALLOCATE|[342]|Bytes:408
12:37:29.0 (25146007)|HEAP_ALLOCATE|[355]|Bytes:408
12:37:29.0 (25165357)|HEAP_ALLOCATE|[467]|Bytes:48
12:37:29.0 (25227725)|HEAP_ALLOCATE|[139]|Bytes:6
12:37:29.0 (25249043)|HEAP_ALLOCATE|[EXTERNAL]|Bytes:1
12:37:29.0 (25294639)|METHOD_ENTRY|[1]|01pf400000CcJkp|BoatSearchController.BoatSearchController()
12:37:29.0 (25304702)|STATEMENT_EXECUTE|[1]
12:37:29.0 (25310891)|STATEMENT_EXECUTE|[1]
12:37:29.0 (25352934)|HEAP_ALLOCATE|[50]|Bytes:5
12:37:29.0 (25379475)|HEAP_ALLOCATE|[56]|Bytes:5
12:37:29.0 (25388779)|HEAP_ALLOCATE|[64]|Bytes:7
12:37:29.0 (25429623)|SYSTEM_MODE_ENTER|false
12:37:29.0 (25447871)|HEAP_ALLOCATE|[EXTERNAL]|Bytes:5
12:37:29.0 (25459184)|SYSTEM_MODE_EXIT|false
12:37:29.0 (25485919)|METHOD_EXIT|[1]|BoatSearchController
12:37:29.0 (25514960)|SYSTEM_MODE_ENTER|false
12:37:29.0 (25541372)|HEAP_ALLOCATE|[4]|Bytes:5
12:37:29.0 (25555642)|STATEMENT_EXECUTE|[3]
12:37:29.0 (25558207)|STATEMENT_EXECUTE|[4]
12:37:29.0 (25562199)|HEAP_ALLOCATE|[4]|Bytes:32
12:37:29.0 (25584534)|HEAP_ALLOCATE|[4]|Bytes:4
12:37:29.0 (58041963)|SOQL_EXECUTE_BEGIN|[4]|Aggregations:0|SELECT Id, Name FROM BoatType__c
12:37:29.0 (60675534)|SOQL_EXECUTE_END|[4]|Rows:8
12:37:29.0 (60726824)|HEAP_ALLOCATE|[4]|Bytes:36
12:37:29.0 (60762047)|HEAP_ALLOCATE|[4]|Bytes:375
12:37:29.0 (60850671)|HEAP_ALLOCATE|[4]|Bytes:36
12:37:29.0 (60880177)|SYSTEM_MODE_EXIT|false
12:37:29.60 (60906633)|CUMULATIVE_LIMIT_USAGE
12:37:29.60 (60906633)|LIMIT_USAGE_FOR_NS|(default)|
  Number of SOQL queries: 1 out of 100
  Number of query rows: 8 out of 50000
  Number of SOSL queries: 0 out of 20
  Number of DML statements: 0 out of 150
  Number of DML rows: 0 out of 10000
  Maximum CPU time: 0 out of 10000
  Maximum heap size: 0 out of 6000000
  Number of callouts: 0 out of 100
  Number of Email Invocations: 0 out of 10
  Number of future calls: 0 out of 50
  Number of queueable jobs added to the queue: 0 out of 50
  Number of Mobile Apex push calls: 0 out of 10

12:37:29.60 (60906633)|CUMULATIVE_LIMIT_USAGE_END

12:37:29.0 (60939012)|CODE_UNIT_FINISHED|BoatSearchController.getBoatTypes
12:37:29.0 (61022523)|CODE_UNIT_FINISHED|Aura
12:37:29.0 (62245516)|EXECUTION_FINISHED
