42.0 APEX_CODE,FINEST;APEX_PROFILING,INFO;CALLOUT,INFO;DB,INFO;SYSTEM,DEBUG;VALIDATION,INFO;VISUALFORCE,INFO;WAVE,INFO;WORKFLOW,INFO
12:37:29.0 (87847)|USER_INFO|[EXTERNAL]|005f4000001gayX|lrodriguez@curious-bear-277664.com|Pacific Standard Time|GMT-07:00
12:37:29.0 (140428)|EXECUTION_STARTED
12:37:29.0 (145369)|CODE_UNIT_STARTED|[EXTERNAL]|Aura
12:37:29.0 (1042492)|HEAP_ALLOCATE|[72]|Bytes:3
12:37:29.0 (1090994)|HEAP_ALLOCATE|[77]|Bytes:152
12:37:29.0 (1110940)|HEAP_ALLOCATE|[342]|Bytes:408
12:37:29.0 (1131846)|HEAP_ALLOCATE|[355]|Bytes:408
12:37:29.0 (1150616)|HEAP_ALLOCATE|[467]|Bytes:48
12:37:29.0 (1182823)|HEAP_ALLOCATE|[139]|Bytes:6
12:37:29.0 (65621994)|CODE_UNIT_STARTED|[EXTERNAL]|01pf400000CcM2l|BoatSearchResults.getBoats
12:37:29.0 (65845510)|HEAP_ALLOCATE|[EXTERNAL]|Bytes:1
12:37:29.0 (65865965)|METHOD_ENTRY|[1]|01pf400000CcM2l|BoatSearchResults.BoatSearchResults()
12:37:29.0 (65873723)|STATEMENT_EXECUTE|[1]
12:37:29.0 (65880061)|STATEMENT_EXECUTE|[1]
12:37:29.0 (65917757)|HEAP_ALLOCATE|[50]|Bytes:5
12:37:29.0 (65952994)|HEAP_ALLOCATE|[56]|Bytes:5
12:37:29.0 (65965911)|HEAP_ALLOCATE|[64]|Bytes:7
12:37:29.0 (65995689)|SYSTEM_MODE_ENTER|false
12:37:29.0 (66009333)|HEAP_ALLOCATE|[EXTERNAL]|Bytes:5
12:37:29.0 (66019509)|SYSTEM_MODE_EXIT|false
12:37:29.0 (66028197)|METHOD_EXIT|[1]|BoatSearchResults
12:37:29.0 (66039742)|SYSTEM_MODE_ENTER|false
12:37:29.0 (66048225)|VARIABLE_SCOPE_BEGIN|[3]|boatTypeId|String|false|false
12:37:29.0 (66069776)|VARIABLE_ASSIGNMENT|[3]|boatTypeId|""
12:37:29.0 (66084513)|HEAP_ALLOCATE|[4]|Bytes:5
12:37:29.0 (66089455)|STATEMENT_EXECUTE|[3]
12:37:29.0 (66091181)|STATEMENT_EXECUTE|[4]
12:37:29.0 (66129307)|HEAP_ALLOCATE|[4]|Bytes:4
12:37:29.0 (195521755)|VARIABLE_SCOPE_BEGIN|[4]|boats|List<Boat__c>|true|false
12:37:29.0 (195553424)|HEAP_ALLOCATE|[EXTERNAL]|Bytes:4
12:37:29.0 (195578262)|VARIABLE_ASSIGNMENT|[4]|boats|[]|0x6d1428
12:37:29.0 (195588751)|STATEMENT_EXECUTE|[5]
12:37:29.0 (195601622)|HEAP_ALLOCATE|[5]|Bytes:57
12:37:29.0 (195613664)|VARIABLE_SCOPE_BEGIN|[5]|query|String|false|false
12:37:29.0 (195633074)|VARIABLE_ASSIGNMENT|[5]|query|"SELECT Id, Name, Con (37 more) ..."
12:37:29.0 (195677027)|STATEMENT_EXECUTE|[6]
12:37:29.0 (195679173)|STATEMENT_EXECUTE|[7]
12:37:29.0 (223634891)|SOQL_EXECUTE_BEGIN|[7]|Aggregations:0|SELECT Id, Name, Contact__r.Name, Picture__c FROM Boat__c
12:37:29.0 (228784537)|SOQL_EXECUTE_END|[7]|Rows:10
12:37:29.0 (228817980)|HEAP_ALLOCATE|[7]|Bytes:44
12:37:29.0 (228866354)|HEAP_ALLOCATE|[7]|Bytes:1923
12:37:29.0 (228906091)|HEAP_ALLOCATE|[7]|Bytes:44
12:37:29.0 (228996475)|VARIABLE_ASSIGNMENT|[7]|boats|"List of size 10 too large to display"|0x63da3077
12:37:29.0 (229007816)|STATEMENT_EXECUTE|[11]
12:37:29.0 (229019865)|SYSTEM_MODE_EXIT|false
12:37:29.229 (229044288)|CUMULATIVE_LIMIT_USAGE
12:37:29.229 (229044288)|LIMIT_USAGE_FOR_NS|(default)|
  Number of SOQL queries: 1 out of 100
  Number of query rows: 10 out of 50000
  Number of SOSL queries: 0 out of 20
  Number of DML statements: 0 out of 150
  Number of DML rows: 0 out of 10000
  Maximum CPU time: 0 out of 10000
  Maximum heap size: 0 out of 6000000
  Number of callouts: 0 out of 100
  Number of Email Invocations: 0 out of 10
  Number of future calls: 0 out of 50
  Number of queueable jobs added to the queue: 0 out of 50
  Number of Mobile Apex push calls: 0 out of 10

12:37:29.229 (229044288)|CUMULATIVE_LIMIT_USAGE_END

12:37:29.0 (229080237)|CODE_UNIT_FINISHED|BoatSearchResults.getBoats
12:37:29.0 (229249243)|CODE_UNIT_FINISHED|Aura
12:37:29.0 (230478571)|EXECUTION_FINISHED
