42.0 APEX_CODE,FINEST;APEX_PROFILING,INFO;CALLOUT,INFO;DB,INFO;SYSTEM,DEBUG;VALIDATION,INFO;VISUALFORCE,INFO;WAVE,INFO;WORKFLOW,INFO
07:53:08.0 (67564)|USER_INFO|[EXTERNAL]|005f4000001gayX|lrodriguez@curious-bear-277664.com|Pacific Standard Time|GMT-07:00
07:53:08.0 (103154)|EXECUTION_STARTED
07:53:08.0 (108890)|CODE_UNIT_STARTED|[EXTERNAL]|Aura
07:53:08.0 (1248616)|CODE_UNIT_STARTED|[EXTERNAL]|01pf400000CcJkp|BoatSearchController.getBoatTypes
07:53:08.0 (1406611)|HEAP_ALLOCATE|[72]|Bytes:3
07:53:08.0 (1458378)|HEAP_ALLOCATE|[77]|Bytes:152
07:53:08.0 (1474733)|HEAP_ALLOCATE|[342]|Bytes:408
07:53:08.0 (1487972)|HEAP_ALLOCATE|[355]|Bytes:408
07:53:08.0 (1500525)|HEAP_ALLOCATE|[467]|Bytes:48
07:53:08.0 (1527675)|HEAP_ALLOCATE|[139]|Bytes:6
07:53:08.0 (1591217)|HEAP_ALLOCATE|[EXTERNAL]|Bytes:1
07:53:08.0 (1603150)|METHOD_ENTRY|[1]|01pf400000CcJkp|BoatSearchController.BoatSearchController()
07:53:08.0 (1609792)|STATEMENT_EXECUTE|[1]
07:53:08.0 (1614510)|STATEMENT_EXECUTE|[1]
07:53:08.0 (1645475)|HEAP_ALLOCATE|[50]|Bytes:5
07:53:08.0 (1669519)|HEAP_ALLOCATE|[56]|Bytes:5
07:53:08.0 (1677737)|HEAP_ALLOCATE|[64]|Bytes:7
07:53:08.0 (1701546)|SYSTEM_MODE_ENTER|false
07:53:08.0 (1718990)|HEAP_ALLOCATE|[EXTERNAL]|Bytes:5
07:53:08.0 (1727376)|SYSTEM_MODE_EXIT|false
07:53:08.0 (1737604)|METHOD_EXIT|[1]|BoatSearchController
07:53:08.0 (1747060)|SYSTEM_MODE_ENTER|false
07:53:08.0 (1760400)|HEAP_ALLOCATE|[4]|Bytes:5
07:53:08.0 (1764251)|STATEMENT_EXECUTE|[3]
07:53:08.0 (1766094)|STATEMENT_EXECUTE|[4]
07:53:08.0 (1769174)|HEAP_ALLOCATE|[4]|Bytes:32
07:53:08.0 (1794578)|HEAP_ALLOCATE|[4]|Bytes:4
07:53:08.0 (2075899)|SOQL_EXECUTE_BEGIN|[4]|Aggregations:0|SELECT Id, Name FROM BoatType__c
07:53:08.0 (3790259)|SOQL_EXECUTE_END|[4]|Rows:8
07:53:08.0 (3812100)|HEAP_ALLOCATE|[4]|Bytes:36
07:53:08.0 (3841032)|HEAP_ALLOCATE|[4]|Bytes:375
07:53:08.0 (3941192)|HEAP_ALLOCATE|[4]|Bytes:36
07:53:08.0 (3955840)|SYSTEM_MODE_EXIT|false
07:53:08.3 (3977409)|CUMULATIVE_LIMIT_USAGE
07:53:08.3 (3977409)|LIMIT_USAGE_FOR_NS|(default)|
  Number of SOQL queries: 1 out of 100
  Number of query rows: 8 out of 50000
  Number of SOSL queries: 0 out of 20
  Number of DML statements: 0 out of 150
  Number of DML rows: 0 out of 10000
  Maximum CPU time: 0 out of 10000
  Maximum heap size: 0 out of 6000000
  Number of callouts: 0 out of 100
  Number of Email Invocations: 0 out of 10
  Number of future calls: 0 out of 50
  Number of queueable jobs added to the queue: 0 out of 50
  Number of Mobile Apex push calls: 0 out of 10

07:53:08.3 (3977409)|CUMULATIVE_LIMIT_USAGE_END

07:53:08.0 (4004958)|CODE_UNIT_FINISHED|BoatSearchController.getBoatTypes
07:53:08.0 (4084842)|CODE_UNIT_FINISHED|Aura
07:53:08.0 (5204313)|EXECUTION_FINISHED
