42.0 APEX_CODE,FINEST;APEX_PROFILING,INFO;CALLOUT,INFO;DB,INFO;SYSTEM,DEBUG;VALIDATION,INFO;VISUALFORCE,INFO;WAVE,INFO;WORKFLOW,INFO
Execute Anonymous: GenerateData.initData();
07:33:02.1 (1305576)|USER_INFO|[EXTERNAL]|005f4000001gayX|lrodriguez@curious-bear-277664.com|Pacific Standard Time|GMT-07:00
07:33:02.1 (1324706)|EXECUTION_STARTED
07:33:02.1 (1329333)|CODE_UNIT_STARTED|[EXTERNAL]|execute_anonymous_apex
07:33:02.1 (1513149)|HEAP_ALLOCATE|[72]|Bytes:3
07:33:02.1 (1543367)|HEAP_ALLOCATE|[77]|Bytes:152
07:33:02.1 (1556680)|HEAP_ALLOCATE|[342]|Bytes:408
07:33:02.1 (1569766)|HEAP_ALLOCATE|[355]|Bytes:408
07:33:02.1 (1580103)|HEAP_ALLOCATE|[467]|Bytes:48
07:33:02.1 (1604670)|HEAP_ALLOCATE|[139]|Bytes:6
07:33:02.1 (1622372)|HEAP_ALLOCATE|[EXTERNAL]|Bytes:1
07:33:02.1 (1699619)|STATEMENT_EXECUTE|[1]
07:33:02.1 (1702498)|STATEMENT_EXECUTE|[1]
07:33:02.1 (1763408)|HEAP_ALLOCATE|[50]|Bytes:5
07:33:02.1 (1782904)|HEAP_ALLOCATE|[56]|Bytes:5
07:33:02.1 (1792974)|HEAP_ALLOCATE|[64]|Bytes:7
07:33:02.1 (1816027)|SYSTEM_MODE_ENTER|false
07:33:02.1 (1830266)|HEAP_ALLOCATE|[1]|Bytes:5
07:33:02.1 (20998131)|HEAP_ALLOCATE|[1]|Bytes:6
07:33:02.1 (21022384)|METHOD_ENTRY|[1]|01pf400000CcIkv|GenerateData.GenerateData()
07:33:02.1 (21029449)|STATEMENT_EXECUTE|[1]
07:33:02.1 (21034594)|STATEMENT_EXECUTE|[1]
07:33:02.1 (21040477)|METHOD_EXIT|[1]|GenerateData
07:33:02.1 (21064703)|METHOD_ENTRY|[1]|01pf400000CcIkv|GenerateData.initData()
07:33:02.1 (21099445)|STATEMENT_EXECUTE|[3]
07:33:02.1 (21101330)|STATEMENT_EXECUTE|[4]
07:33:02.1 (21110907)|METHOD_ENTRY|[4]|01pf400000CcIkv|GenerateData.removeOldData()
07:33:02.1 (21146996)|STATEMENT_EXECUTE|[8]
07:33:02.1 (21148861)|STATEMENT_EXECUTE|[9]
07:33:02.1 (21152560)|HEAP_ALLOCATE|[9]|Bytes:26
07:33:02.1 (21167768)|HEAP_ALLOCATE|[9]|Bytes:4
07:33:02.1 (21347457)|SOQL_EXECUTE_BEGIN|[9]|Aggregations:0|SELECT id FROM Opportunity
07:33:02.1 (33910576)|SOQL_EXECUTE_END|[9]|Rows:31
07:33:02.1 (33935832)|HEAP_ALLOCATE|[9]|Bytes:128
07:33:02.1 (33971952)|HEAP_ALLOCATE|[9]|Bytes:899
07:33:02.1 (34052039)|HEAP_ALLOCATE|[9]|Bytes:128
07:33:02.1 (34098176)|DML_BEGIN|[9]|Op:Delete|Type:Opportunity|Rows:31
07:33:02.1 (34127307)|HEAP_ALLOCATE|[EXTERNAL]|Bytes:128
07:33:04.404 (2404207743)|DML_END|[9]
07:33:04.404 (2404295362)|HEAP_ALLOCATE|[EXTERNAL]|Bytes:128
07:33:04.404 (2404320061)|STATEMENT_EXECUTE|[10]
07:33:04.404 (2404331959)|HEAP_ALLOCATE|[10]|Bytes:19
07:33:04.404 (2404968665)|HEAP_ALLOCATE|[10]|Bytes:4
07:33:04.404 (2405200844)|SOQL_EXECUTE_BEGIN|[10]|Aggregations:0|SELECT id FROM Case
07:33:04.404 (2419412474)|SOQL_EXECUTE_END|[10]|Rows:26
07:33:04.404 (2419453454)|HEAP_ALLOCATE|[10]|Bytes:108
07:33:04.404 (2419498041)|HEAP_ALLOCATE|[10]|Bytes:754
07:33:04.404 (2419650131)|HEAP_ALLOCATE|[10]|Bytes:108
07:33:04.404 (2419725329)|DML_BEGIN|[10]|Op:Delete|Type:Case|Rows:26
07:33:04.404 (2419754615)|HEAP_ALLOCATE|[EXTERNAL]|Bytes:108
07:33:05.890 (3890869374)|DML_END|[10]
07:33:05.890 (3890922961)|HEAP_ALLOCATE|[EXTERNAL]|Bytes:108
07:33:05.890 (3890959699)|STATEMENT_EXECUTE|[11]
07:33:05.890 (3890969408)|HEAP_ALLOCATE|[11]|Bytes:22
07:33:05.890 (3890997694)|HEAP_ALLOCATE|[11]|Bytes:4
07:33:05.890 (3891194830)|SOQL_EXECUTE_BEGIN|[11]|Aggregations:0|SELECT id FROM Account
07:33:05.890 (3902625584)|SOQL_EXECUTE_END|[11]|Rows:12
07:33:05.890 (3902687771)|HEAP_ALLOCATE|[11]|Bytes:52
07:33:05.890 (3902721067)|HEAP_ALLOCATE|[11]|Bytes:348
07:33:05.890 (3902833822)|HEAP_ALLOCATE|[11]|Bytes:52
07:33:05.890 (3902894838)|DML_BEGIN|[11]|Op:Delete|Type:Account|Rows:12
07:33:05.890 (3902933209)|HEAP_ALLOCATE|[EXTERNAL]|Bytes:52
07:33:09.279 (7279568321)|DML_END|[11]
07:33:09.279 (7279612291)|HEAP_ALLOCATE|[EXTERNAL]|Bytes:52
07:33:09.279 (7279631161)|STATEMENT_EXECUTE|[12]
07:33:09.279 (7279637770)|HEAP_ALLOCATE|[12]|Bytes:22
07:33:09.279 (7279656705)|HEAP_ALLOCATE|[12]|Bytes:4
07:33:09.279 (7279772664)|SOQL_EXECUTE_BEGIN|[12]|Aggregations:0|SELECT id FROM Contact
07:33:09.279 (7288276274)|SOQL_EXECUTE_END|[12]|Rows:0
07:33:09.279 (7288303378)|HEAP_ALLOCATE|[12]|Bytes:4
07:33:09.279 (7288314166)|HEAP_ALLOCATE|[12]|Bytes:0
07:33:09.279 (7288367499)|HEAP_ALLOCATE|[12]|Bytes:4
07:33:09.279 (7288416472)|HEAP_ALLOCATE|[EXTERNAL]|Bytes:4
07:33:09.279 (7288424143)|STATEMENT_EXECUTE|[13]
07:33:09.279 (7288429626)|HEAP_ALLOCATE|[13]|Bytes:22
07:33:09.279 (7288441591)|HEAP_ALLOCATE|[13]|Bytes:4
07:33:09.279 (7288558470)|SOQL_EXECUTE_BEGIN|[13]|Aggregations:0|SELECT id FROM Boat__c
07:33:09.279 (7303434817)|SOQL_EXECUTE_END|[13]|Rows:0
07:33:09.279 (7303473736)|HEAP_ALLOCATE|[13]|Bytes:4
07:33:09.279 (7303485948)|HEAP_ALLOCATE|[13]|Bytes:0
07:33:09.279 (7303551280)|HEAP_ALLOCATE|[13]|Bytes:4
07:33:09.279 (7303608505)|HEAP_ALLOCATE|[EXTERNAL]|Bytes:4
07:33:09.279 (7303616831)|STATEMENT_EXECUTE|[14]
07:33:09.279 (7303622578)|HEAP_ALLOCATE|[14]|Bytes:26
07:33:09.279 (7303635095)|HEAP_ALLOCATE|[14]|Bytes:4
07:33:09.279 (7303754619)|SOQL_EXECUTE_BEGIN|[14]|Aggregations:0|SELECT id FROM BoatType__c
07:33:09.279 (7319361745)|SOQL_EXECUTE_END|[14]|Rows:0
07:33:09.279 (7319393391)|HEAP_ALLOCATE|[14]|Bytes:4
07:33:09.279 (7319405529)|HEAP_ALLOCATE|[14]|Bytes:0
07:33:09.279 (7319474509)|HEAP_ALLOCATE|[14]|Bytes:4
07:33:09.279 (7319530083)|HEAP_ALLOCATE|[EXTERNAL]|Bytes:4
07:33:09.279 (7319538927)|STATEMENT_EXECUTE|[15]
07:33:09.279 (7319544139)|HEAP_ALLOCATE|[15]|Bytes:28
07:33:09.279 (7319556515)|HEAP_ALLOCATE|[15]|Bytes:4
07:33:09.279 (7319672715)|SOQL_EXECUTE_BEGIN|[15]|Aggregations:0|SELECT id FROM BoatReview__c
07:33:09.279 (7338099620)|SOQL_EXECUTE_END|[15]|Rows:0
07:33:09.279 (7338132347)|HEAP_ALLOCATE|[15]|Bytes:4
07:33:09.279 (7338145014)|HEAP_ALLOCATE|[15]|Bytes:0
07:33:09.279 (7338200783)|HEAP_ALLOCATE|[15]|Bytes:4
07:33:09.279 (7338251856)|HEAP_ALLOCATE|[EXTERNAL]|Bytes:4
07:33:09.279 (7338267418)|METHOD_EXIT|[4]|01pf400000CcIkv|GenerateData.removeOldData()
07:33:09.279 (7338276700)|STATEMENT_EXECUTE|[5]
07:33:09.279 (7338289370)|METHOD_ENTRY|[5]|01pf400000CcIkv|GenerateData.createNewData()
07:33:09.279 (7338327756)|STATEMENT_EXECUTE|[18]
07:33:09.279 (7338330158)|STATEMENT_EXECUTE|[20]
07:33:09.279 (7338355058)|HEAP_ALLOCATE|[20]|Bytes:4
07:33:09.279 (7338435188)|HEAP_ALLOCATE|[20]|Bytes:20
07:33:09.279 (7338501273)|VARIABLE_ASSIGNMENT|[20]|this.Name|"Lightning Superbadge"|0x117733b7
07:33:09.279 (7338510609)|HEAP_ALLOCATE|[21]|Bytes:13
07:33:09.279 (7338530472)|VARIABLE_ASSIGNMENT|[20]|this.BillingCity|"San Francisco"|0x117733b7
07:33:09.279 (7338537643)|HEAP_ALLOCATE|[22]|Bytes:10
07:33:09.279 (7338550858)|VARIABLE_ASSIGNMENT|[20]|this.BillingCountry|"California"|0x117733b7
07:33:09.279 (7338580569)|VARIABLE_SCOPE_BEGIN|[20]|newAccount|Account|true|false
07:33:09.279 (7338605126)|VARIABLE_ASSIGNMENT|[20]|newAccount|{"Name":"Lightning Superbadge","BillingCity":"San Francisco","BillingCountry":"California"}|0x117733b7
07:33:09.279 (7338612871)|STATEMENT_EXECUTE|[24]
07:33:09.279 (7338631025)|HEAP_ALLOCATE|[24]|Bytes:8
07:33:09.279 (7338642123)|DML_BEGIN|[24]|Op:Insert|Type:Account|Rows:1
07:33:09.279 (7338671423)|HEAP_ALLOCATE|[EXTERNAL]|Bytes:8
07:33:09.279 (7393666376)|DML_END|[24]
07:33:09.279 (7393697443)|STATEMENT_EXECUTE|[27]
07:33:09.279 (7393728420)|HEAP_ALLOCATE|[27]|Bytes:4
07:33:09.279 (7393822560)|HEAP_ALLOCATE|[28]|Bytes:5
07:33:09.279 (7393875100)|VARIABLE_ASSIGNMENT|[27]|this.FirstName|"Jamie"|0x40f189a0
07:33:09.279 (7393883518)|HEAP_ALLOCATE|[29]|Bytes:6
07:33:09.279 (7393898603)|VARIABLE_ASSIGNMENT|[27]|this.LastName|"Powell"|0x40f189a0
07:33:09.279 (7393947410)|VARIABLE_ASSIGNMENT|[27]|this.AccountId|"001f400000N56kxAAB"|0x40f189a0
07:33:09.279 (7393955627)|HEAP_ALLOCATE|[31]|Bytes:24
07:33:09.279 (7393975031)|VARIABLE_ASSIGNMENT|[27]|this.Email|"jamie@trailheadboats (4 more) ..."|0x40f189a0
07:33:09.279 (7394005140)|VARIABLE_SCOPE_BEGIN|[27]|Contact1|Contact|true|false
07:33:09.279 (7394029709)|VARIABLE_ASSIGNMENT|[27]|Contact1|{"FirstName":"Jamie","LastName":"Powell","AccountId":"001f400000N56kxAAB","Email":"jamie@trailheadboats (4 more) ..."}|0x40f189a0
07:33:09.279 (7394037077)|STATEMENT_EXECUTE|[33]
07:33:09.279 (7394061315)|HEAP_ALLOCATE|[33]|Bytes:8
07:33:09.279 (7394072903)|DML_BEGIN|[33]|Op:Insert|Type:Contact|Rows:1
07:33:09.279 (7394114181)|HEAP_ALLOCATE|[EXTERNAL]|Bytes:8
07:33:09.279 (7429262052)|DML_END|[33]
07:33:09.279 (7429291214)|STATEMENT_EXECUTE|[35]
07:33:09.279 (7429326486)|HEAP_ALLOCATE|[35]|Bytes:4
07:33:09.279 (7429352690)|HEAP_ALLOCATE|[36]|Bytes:7
07:33:09.279 (7429399672)|VARIABLE_ASSIGNMENT|[35]|this.FirstName|"Gayatri"|0x39174607
07:33:09.279 (7429409387)|HEAP_ALLOCATE|[37]|Bytes:5
07:33:09.279 (7429424037)|VARIABLE_ASSIGNMENT|[35]|this.LastName|"Bhatt"|0x39174607
07:33:09.279 (7429452426)|VARIABLE_ASSIGNMENT|[35]|this.AccountId|"001f400000N56kxAAB"|0x39174607
07:33:09.279 (7429459842)|HEAP_ALLOCATE|[39]|Bytes:26
07:33:09.279 (7429482193)|VARIABLE_ASSIGNMENT|[35]|this.Email|"gayatri@trailheadboa (6 more) ..."|0x39174607
07:33:09.279 (7429522257)|VARIABLE_SCOPE_BEGIN|[35]|Contact2|Contact|true|false
07:33:09.279 (7429548278)|VARIABLE_ASSIGNMENT|[35]|Contact2|{"FirstName":"Gayatri","LastName":"Bhatt","AccountId":"001f400000N56kxAAB","Email":"gayatri@trailheadboa (6 more) ..."}|0x39174607
07:33:09.279 (7429555510)|STATEMENT_EXECUTE|[41]
07:33:09.279 (7429580617)|HEAP_ALLOCATE|[41]|Bytes:8
07:33:09.279 (7429591793)|DML_BEGIN|[41]|Op:Insert|Type:Contact|Rows:1
07:33:09.279 (7429630046)|HEAP_ALLOCATE|[EXTERNAL]|Bytes:8
07:33:09.279 (7446888183)|DML_END|[41]
07:33:09.279 (7446908007)|STATEMENT_EXECUTE|[43]
07:33:09.279 (7446929909)|HEAP_ALLOCATE|[43]|Bytes:4
07:33:09.279 (7446951258)|HEAP_ALLOCATE|[44]|Bytes:5
07:33:09.279 (7446986838)|VARIABLE_ASSIGNMENT|[43]|this.FirstName|"Aaron"|0x6da8bb5f
07:33:09.279 (7446996158)|HEAP_ALLOCATE|[45]|Bytes:4
07:33:09.279 (7447010439)|VARIABLE_ASSIGNMENT|[43]|this.LastName|"Gray"|0x6da8bb5f
07:33:09.279 (7447034442)|VARIABLE_ASSIGNMENT|[43]|this.AccountId|"001f400000N56kxAAB"|0x6da8bb5f
07:33:09.279 (7447042177)|HEAP_ALLOCATE|[47]|Bytes:24
07:33:09.279 (7447057277)|VARIABLE_ASSIGNMENT|[43]|this.Email|"aaron@trailheadboats (4 more) ..."|0x6da8bb5f
07:33:09.279 (7447086656)|VARIABLE_SCOPE_BEGIN|[43]|Contact3|Contact|true|false
07:33:09.279 (7447108041)|VARIABLE_ASSIGNMENT|[43]|Contact3|{"FirstName":"Aaron","LastName":"Gray","AccountId":"001f400000N56kxAAB","Email":"aaron@trailheadboats (4 more) ..."}|0x6da8bb5f
07:33:09.279 (7447115438)|STATEMENT_EXECUTE|[49]
07:33:09.279 (7447137579)|HEAP_ALLOCATE|[49]|Bytes:8
07:33:09.279 (7447146965)|DML_BEGIN|[49]|Op:Insert|Type:Contact|Rows:1
07:33:09.279 (7447182194)|HEAP_ALLOCATE|[EXTERNAL]|Bytes:8
07:33:09.279 (7460956156)|DML_END|[49]
07:33:09.279 (7460972828)|STATEMENT_EXECUTE|[51]
07:33:09.279 (7460993369)|HEAP_ALLOCATE|[51]|Bytes:4
07:33:09.279 (7461011417)|HEAP_ALLOCATE|[52]|Bytes:7
07:33:09.279 (7461044246)|VARIABLE_ASSIGNMENT|[51]|this.FirstName|"Emanuel"|0x570978bc
07:33:09.279 (7461053141)|HEAP_ALLOCATE|[53]|Bytes:10
07:33:09.279 (7461069043)|VARIABLE_ASSIGNMENT|[51]|this.LastName|"Manzanares"|0x570978bc
07:33:09.279 (7461093669)|VARIABLE_ASSIGNMENT|[51]|this.AccountId|"001f400000N56kxAAB"|0x570978bc
07:33:09.279 (7461101528)|HEAP_ALLOCATE|[55]|Bytes:26
07:33:09.279 (7461116931)|VARIABLE_ASSIGNMENT|[51]|this.Email|"emanuel@trailheadboa (6 more) ..."|0x570978bc
07:33:09.279 (7461144446)|VARIABLE_SCOPE_BEGIN|[51]|Contact4|Contact|true|false
07:33:09.279 (7461167069)|VARIABLE_ASSIGNMENT|[51]|Contact4|{"FirstName":"Emanuel","LastName":"Manzanares","AccountId":"001f400000N56kxAAB","Email":"emanuel@trailheadboa (6 more) ..."}|0x570978bc
07:33:09.279 (7461174372)|STATEMENT_EXECUTE|[57]
07:33:09.279 (7461194021)|HEAP_ALLOCATE|[57]|Bytes:8
07:33:09.279 (7461203613)|DML_BEGIN|[57]|Op:Insert|Type:Contact|Rows:1
07:33:09.279 (7461237476)|HEAP_ALLOCATE|[EXTERNAL]|Bytes:8
07:33:09.279 (7476225649)|DML_END|[57]
07:33:09.279 (7476241888)|STATEMENT_EXECUTE|[59]
07:33:09.279 (7476261249)|HEAP_ALLOCATE|[59]|Bytes:4
07:33:09.279 (7476278973)|HEAP_ALLOCATE|[60]|Bytes:6
07:33:09.279 (7476309419)|VARIABLE_ASSIGNMENT|[59]|this.FirstName|"Rachel"|0x1be5c73c
07:33:09.279 (7476317796)|HEAP_ALLOCATE|[61]|Bytes:4
07:33:09.279 (7476331364)|VARIABLE_ASSIGNMENT|[59]|this.LastName|"King"|0x1be5c73c
07:33:09.279 (7476354452)|VARIABLE_ASSIGNMENT|[59]|this.AccountId|"001f400000N56kxAAB"|0x1be5c73c
07:33:09.279 (7476362058)|HEAP_ALLOCATE|[63]|Bytes:25
07:33:09.279 (7476376334)|VARIABLE_ASSIGNMENT|[59]|this.Email|"rachel@trailheadboat (5 more) ..."|0x1be5c73c
07:33:09.279 (7476400226)|VARIABLE_SCOPE_BEGIN|[59]|Contact5|Contact|true|false
07:33:09.279 (7476419363)|VARIABLE_ASSIGNMENT|[59]|Contact5|{"FirstName":"Rachel","LastName":"King","AccountId":"001f400000N56kxAAB","Email":"rachel@trailheadboat (5 more) ..."}|0x1be5c73c
07:33:09.279 (7476426230)|STATEMENT_EXECUTE|[65]
07:33:09.279 (7476444691)|HEAP_ALLOCATE|[65]|Bytes:8
07:33:09.279 (7476453188)|DML_BEGIN|[65]|Op:Insert|Type:Contact|Rows:1
07:33:09.279 (7476486185)|HEAP_ALLOCATE|[EXTERNAL]|Bytes:8
07:33:09.279 (7490986576)|DML_END|[65]
07:33:09.279 (7491006159)|STATEMENT_EXECUTE|[67]
07:33:09.279 (7491034765)|HEAP_ALLOCATE|[67]|Bytes:4
07:33:09.279 (7491056949)|HEAP_ALLOCATE|[68]|Bytes:6
07:33:09.279 (7491091963)|VARIABLE_ASSIGNMENT|[67]|this.FirstName|"Takuya"|0x21fb0c56
07:33:09.279 (7491100620)|HEAP_ALLOCATE|[69]|Bytes:8
07:33:09.279 (7491115039)|VARIABLE_ASSIGNMENT|[67]|this.LastName|"Watanabe"|0x21fb0c56
07:33:09.279 (7491140376)|VARIABLE_ASSIGNMENT|[67]|this.AccountId|"001f400000N56kxAAB"|0x21fb0c56
07:33:09.279 (7491148148)|HEAP_ALLOCATE|[71]|Bytes:25
07:33:09.279 (7491162685)|VARIABLE_ASSIGNMENT|[67]|this.Email|"takuya@trailheadboat (5 more) ..."|0x21fb0c56
07:33:09.279 (7491191565)|VARIABLE_SCOPE_BEGIN|[67]|Contact6|Contact|true|false
07:33:09.279 (7491212798)|VARIABLE_ASSIGNMENT|[67]|Contact6|{"FirstName":"Takuya","LastName":"Watanabe","AccountId":"001f400000N56kxAAB","Email":"takuya@trailheadboat (5 more) ..."}|0x21fb0c56
07:33:09.279 (7491220505)|STATEMENT_EXECUTE|[73]
07:33:09.279 (7491240622)|HEAP_ALLOCATE|[73]|Bytes:8
07:33:09.279 (7491250677)|DML_BEGIN|[73]|Op:Insert|Type:Contact|Rows:1
07:33:09.279 (7491282091)|HEAP_ALLOCATE|[EXTERNAL]|Bytes:8
07:33:09.279 (7505520300)|DML_END|[73]
07:33:09.279 (7505543666)|STATEMENT_EXECUTE|[75]
07:33:09.279 (7505566039)|HEAP_ALLOCATE|[75]|Bytes:4
07:33:09.279 (7505585238)|HEAP_ALLOCATE|[76]|Bytes:5
07:33:09.279 (7505621396)|VARIABLE_ASSIGNMENT|[75]|this.FirstName|"Clara"|0x3a4e3df5
07:33:09.279 (7505629425)|HEAP_ALLOCATE|[77]|Bytes:8
07:33:09.279 (7505644496)|VARIABLE_ASSIGNMENT|[75]|this.LastName|"Figueroa"|0x3a4e3df5
07:33:09.279 (7505670607)|VARIABLE_ASSIGNMENT|[75]|this.AccountId|"001f400000N56kxAAB"|0x3a4e3df5
07:33:09.279 (7505677771)|HEAP_ALLOCATE|[79]|Bytes:24
07:33:09.279 (7505692462)|VARIABLE_ASSIGNMENT|[75]|this.Email|"clara@trailheadboats (4 more) ..."|0x3a4e3df5
07:33:09.279 (7505721898)|VARIABLE_SCOPE_BEGIN|[75]|Contact7|Contact|true|false
07:33:09.279 (7505744996)|VARIABLE_ASSIGNMENT|[75]|Contact7|{"FirstName":"Clara","LastName":"Figueroa","AccountId":"001f400000N56kxAAB","Email":"clara@trailheadboats (4 more) ..."}|0x3a4e3df5
07:33:09.279 (7505752225)|STATEMENT_EXECUTE|[81]
07:33:09.279 (7505771759)|HEAP_ALLOCATE|[81]|Bytes:8
07:33:09.279 (7505781970)|DML_BEGIN|[81]|Op:Insert|Type:Contact|Rows:1
07:33:09.279 (7505815149)|HEAP_ALLOCATE|[EXTERNAL]|Bytes:8
07:33:09.279 (7520492267)|DML_END|[81]
07:33:09.279 (7520504646)|STATEMENT_EXECUTE|[83]
07:33:09.279 (7520522076)|HEAP_ALLOCATE|[83]|Bytes:4
07:33:09.279 (7520536651)|HEAP_ALLOCATE|[84]|Bytes:4
07:33:09.279 (7520566048)|VARIABLE_ASSIGNMENT|[83]|this.FirstName|"Liam"|0x519682cb
07:33:09.279 (7520574927)|HEAP_ALLOCATE|[85]|Bytes:5
07:33:09.279 (7520589987)|VARIABLE_ASSIGNMENT|[83]|this.LastName|"Bates"|0x519682cb
07:33:09.279 (7520611645)|VARIABLE_ASSIGNMENT|[83]|this.AccountId|"001f400000N56kxAAB"|0x519682cb
07:33:09.279 (7520618535)|HEAP_ALLOCATE|[87]|Bytes:23
07:33:09.279 (7520636437)|VARIABLE_ASSIGNMENT|[83]|this.Email|"Liam@trailheadboats. (3 more) ..."|0x519682cb
07:33:09.279 (7520656671)|VARIABLE_SCOPE_BEGIN|[83]|Contact8|Contact|true|false
07:33:09.279 (7520674337)|VARIABLE_ASSIGNMENT|[83]|Contact8|{"FirstName":"Liam","LastName":"Bates","AccountId":"001f400000N56kxAAB","Email":"Liam@trailheadboats. (3 more) ..."}|0x519682cb
07:33:09.279 (7520681185)|STATEMENT_EXECUTE|[89]
07:33:09.279 (7520695552)|HEAP_ALLOCATE|[89]|Bytes:8
07:33:09.279 (7520706122)|DML_BEGIN|[89]|Op:Insert|Type:Contact|Rows:1
07:33:09.279 (7520729163)|HEAP_ALLOCATE|[EXTERNAL]|Bytes:8
07:33:09.279 (7535543575)|DML_END|[89]
07:33:09.279 (7535572200)|STATEMENT_EXECUTE|[91]
07:33:09.279 (7535603427)|HEAP_ALLOCATE|[91]|Bytes:4
07:33:09.279 (7535630502)|HEAP_ALLOCATE|[92]|Bytes:4
07:33:09.279 (7535670257)|VARIABLE_ASSIGNMENT|[91]|this.FirstName|"Skye"|0x262385e2
07:33:09.279 (7535678895)|HEAP_ALLOCATE|[93]|Bytes:6
07:33:09.279 (7535710607)|VARIABLE_ASSIGNMENT|[91]|this.LastName|"Taylor"|0x262385e2
07:33:09.279 (7535740241)|VARIABLE_ASSIGNMENT|[91]|this.AccountId|"001f400000N56kxAAB"|0x262385e2
07:33:09.279 (7535748217)|HEAP_ALLOCATE|[95]|Bytes:23
07:33:09.279 (7535764000)|VARIABLE_ASSIGNMENT|[91]|this.Email|"skye@trailheadboats. (3 more) ..."|0x262385e2
07:33:09.279 (7535798901)|VARIABLE_SCOPE_BEGIN|[91]|Contact9|Contact|true|false
07:33:09.279 (7535824440)|VARIABLE_ASSIGNMENT|[91]|Contact9|{"FirstName":"Skye","LastName":"Taylor","AccountId":"001f400000N56kxAAB","Email":"skye@trailheadboats. (3 more) ..."}|0x262385e2
07:33:09.279 (7535831886)|STATEMENT_EXECUTE|[97]
07:33:09.279 (7535856124)|HEAP_ALLOCATE|[97]|Bytes:8
07:33:09.279 (7535866476)|DML_BEGIN|[97]|Op:Insert|Type:Contact|Rows:1
07:33:09.279 (7535902021)|HEAP_ALLOCATE|[EXTERNAL]|Bytes:8
07:33:09.279 (7552231852)|DML_END|[97]
07:33:09.279 (7552266414)|STATEMENT_EXECUTE|[99]
07:33:09.279 (7552302504)|HEAP_ALLOCATE|[99]|Bytes:4
07:33:09.279 (7552329579)|HEAP_ALLOCATE|[100]|Bytes:6
07:33:09.279 (7552382737)|VARIABLE_ASSIGNMENT|[99]|this.FirstName|"Millie"|0x69dc7b53
07:33:09.279 (7552400728)|HEAP_ALLOCATE|[101]|Bytes:6
07:33:09.279 (7552424796)|VARIABLE_ASSIGNMENT|[99]|this.LastName|"Brooks"|0x69dc7b53
07:33:09.279 (7552467717)|VARIABLE_ASSIGNMENT|[99]|this.AccountId|"001f400000N56kxAAB"|0x69dc7b53
07:33:09.279 (7552479915)|HEAP_ALLOCATE|[103]|Bytes:25
07:33:09.279 (7552505079)|VARIABLE_ASSIGNMENT|[99]|this.Email|"millie@trailheadboat (5 more) ..."|0x69dc7b53
07:33:09.279 (7552550809)|VARIABLE_SCOPE_BEGIN|[99]|Contact10|Contact|true|false
07:33:09.279 (7552586565)|VARIABLE_ASSIGNMENT|[99]|Contact10|{"FirstName":"Millie","LastName":"Brooks","AccountId":"001f400000N56kxAAB","Email":"millie@trailheadboat (5 more) ..."}|0x69dc7b53
07:33:09.279 (7552599063)|STATEMENT_EXECUTE|[105]
07:33:09.279 (7552630399)|HEAP_ALLOCATE|[105]|Bytes:8
07:33:09.279 (7552646378)|DML_BEGIN|[105]|Op:Insert|Type:Contact|Rows:1
07:33:09.279 (7552694565)|HEAP_ALLOCATE|[EXTERNAL]|Bytes:8
07:33:09.279 (7569774710)|DML_END|[105]
07:33:09.279 (7569812772)|STATEMENT_EXECUTE|[108]
07:33:09.279 (7569854097)|HEAP_ALLOCATE|[108]|Bytes:4
07:33:09.279 (7569974988)|HEAP_ALLOCATE|[109]|Bytes:8
07:33:09.279 (7570022892)|VARIABLE_ASSIGNMENT|[108]|this.Name|"Sailboat"|0x15ba0e11
07:33:09.279 (7570061191)|VARIABLE_SCOPE_BEGIN|[108]|Sailboat|BoatType__c|true|false
07:33:09.279 (7570082122)|VARIABLE_ASSIGNMENT|[108]|Sailboat|{"Name":"Sailboat"}|0x15ba0e11
07:33:09.279 (7570088319)|STATEMENT_EXECUTE|[111]
07:33:09.279 (7570117173)|HEAP_ALLOCATE|[111]|Bytes:8
07:33:09.279 (7570128888)|DML_BEGIN|[111]|Op:Insert|Type:BoatType__c|Rows:1
07:33:09.279 (7570167204)|HEAP_ALLOCATE|[EXTERNAL]|Bytes:8
07:33:09.279 (7594645948)|DML_END|[111]
07:33:09.279 (7594686250)|STATEMENT_EXECUTE|[113]
07:33:09.279 (7594748653)|HEAP_ALLOCATE|[113]|Bytes:4
07:33:09.279 (7594783422)|HEAP_ALLOCATE|[114]|Bytes:12
07:33:09.279 (7594838717)|VARIABLE_ASSIGNMENT|[113]|this.Name|"Fishing Boat"|0x80731fa
07:33:09.279 (7594887214)|VARIABLE_SCOPE_BEGIN|[113]|Fishingboat|BoatType__c|true|false
07:33:09.279 (7594914802)|VARIABLE_ASSIGNMENT|[113]|Fishingboat|{"Name":"Fishing Boat"}|0x80731fa
07:33:09.279 (7594921730)|STATEMENT_EXECUTE|[116]
07:33:09.279 (7594952407)|HEAP_ALLOCATE|[116]|Bytes:8
07:33:09.279 (7594965138)|DML_BEGIN|[116]|Op:Insert|Type:BoatType__c|Rows:1
07:33:09.279 (7595010614)|HEAP_ALLOCATE|[EXTERNAL]|Bytes:8
07:33:09.279 (7606129504)|DML_END|[116]
07:33:09.279 (7606157875)|STATEMENT_EXECUTE|[118]
07:33:09.279 (7606188856)|HEAP_ALLOCATE|[118]|Bytes:4
07:33:09.279 (7606215573)|HEAP_ALLOCATE|[119]|Bytes:7
07:33:09.279 (7606256399)|VARIABLE_ASSIGNMENT|[118]|this.Name|"Jet Ski"|0x62a7222c
07:33:09.279 (7606294553)|VARIABLE_SCOPE_BEGIN|[118]|JetSki|BoatType__c|true|false
07:33:09.279 (7606317397)|VARIABLE_ASSIGNMENT|[118]|JetSki|{"Name":"Jet Ski"}|0x62a7222c
07:33:09.279 (7606324136)|STATEMENT_EXECUTE|[121]
07:33:09.279 (7606350492)|HEAP_ALLOCATE|[121]|Bytes:8
07:33:09.279 (7606362475)|DML_BEGIN|[121]|Op:Insert|Type:BoatType__c|Rows:1
07:33:09.279 (7606412365)|HEAP_ALLOCATE|[EXTERNAL]|Bytes:8
07:33:09.279 (7616762658)|DML_END|[121]
07:33:09.279 (7616784596)|STATEMENT_EXECUTE|[123]
07:33:09.279 (7616810145)|HEAP_ALLOCATE|[123]|Bytes:4
07:33:09.279 (7616830754)|HEAP_ALLOCATE|[124]|Bytes:16
07:33:09.279 (7616872722)|VARIABLE_ASSIGNMENT|[123]|this.Name|"High Performance"|0x61ee64b4
07:33:09.279 (7616905617)|VARIABLE_SCOPE_BEGIN|[123]|HighPerformance|BoatType__c|true|false
07:33:09.279 (7616923968)|VARIABLE_ASSIGNMENT|[123]|HighPerformance|{"Name":"High Performance"}|0x61ee64b4
07:33:09.279 (7616930841)|STATEMENT_EXECUTE|[126]
07:33:09.279 (7616951104)|HEAP_ALLOCATE|[126]|Bytes:8
07:33:09.279 (7616959751)|DML_BEGIN|[126]|Op:Insert|Type:BoatType__c|Rows:1
07:33:09.279 (7616987554)|HEAP_ALLOCATE|[EXTERNAL]|Bytes:8
07:33:09.279 (7627967198)|DML_END|[126]
07:33:09.279 (7627995896)|STATEMENT_EXECUTE|[128]
07:33:09.279 (7628028274)|HEAP_ALLOCATE|[128]|Bytes:4
07:33:09.279 (7628051717)|HEAP_ALLOCATE|[129]|Bytes:13
07:33:09.279 (7628102174)|VARIABLE_ASSIGNMENT|[128]|this.Name|"Pleasure Boat"|0x189f1884
07:33:09.279 (7628132113)|VARIABLE_SCOPE_BEGIN|[128]|PleasureBoat|BoatType__c|true|false
07:33:09.279 (7628161739)|VARIABLE_ASSIGNMENT|[128]|PleasureBoat|{"Name":"Pleasure Boat"}|0x189f1884
07:33:09.279 (7628172874)|STATEMENT_EXECUTE|[131]
07:33:09.279 (7628210126)|HEAP_ALLOCATE|[131]|Bytes:8
07:33:09.279 (7628225985)|DML_BEGIN|[131]|Op:Insert|Type:BoatType__c|Rows:1
07:33:09.279 (7628271472)|HEAP_ALLOCATE|[EXTERNAL]|Bytes:8
07:33:09.279 (7639772805)|DML_END|[131]
07:33:09.279 (7639809521)|STATEMENT_EXECUTE|[133]
07:33:09.279 (7639850884)|HEAP_ALLOCATE|[133]|Bytes:4
07:33:09.279 (7639883300)|HEAP_ALLOCATE|[134]|Bytes:8
07:33:09.279 (7639929890)|VARIABLE_ASSIGNMENT|[133]|this.Name|"Ski Boat"|0x7d221b0e
07:33:09.279 (7639970002)|VARIABLE_SCOPE_BEGIN|[133]|SkiBoat|BoatType__c|true|false
07:33:09.279 (7639992490)|VARIABLE_ASSIGNMENT|[133]|SkiBoat|{"Name":"Ski Boat"}|0x7d221b0e
07:33:09.279 (7639999281)|STATEMENT_EXECUTE|[136]
07:33:09.279 (7640029826)|HEAP_ALLOCATE|[136]|Bytes:8
07:33:09.279 (7640040997)|DML_BEGIN|[136]|Op:Insert|Type:BoatType__c|Rows:1
07:33:09.279 (7640081833)|HEAP_ALLOCATE|[EXTERNAL]|Bytes:8
07:33:09.279 (7651567582)|DML_END|[136]
07:33:09.279 (7651607073)|STATEMENT_EXECUTE|[138]
07:33:09.279 (7651657031)|HEAP_ALLOCATE|[138]|Bytes:4
07:33:09.279 (7651694946)|HEAP_ALLOCATE|[139]|Bytes:5
07:33:09.279 (7651747937)|VARIABLE_ASSIGNMENT|[138]|this.Name|"Yacht"|0x568bde5
07:33:09.279 (7651797241)|VARIABLE_SCOPE_BEGIN|[138]|Yacht|BoatType__c|true|false
07:33:09.279 (7651827165)|VARIABLE_ASSIGNMENT|[138]|Yacht|{"Name":"Yacht"}|0x568bde5
07:33:09.279 (7651837722)|STATEMENT_EXECUTE|[141]
07:33:09.279 (7651878550)|HEAP_ALLOCATE|[141]|Bytes:8
07:33:09.279 (7651895663)|DML_BEGIN|[141]|Op:Insert|Type:BoatType__c|Rows:1
07:33:09.279 (7651943717)|HEAP_ALLOCATE|[EXTERNAL]|Bytes:8
07:33:09.279 (7661628507)|DML_END|[141]
07:33:09.279 (7661659589)|STATEMENT_EXECUTE|[143]
07:33:09.279 (7661697094)|HEAP_ALLOCATE|[143]|Bytes:4
07:33:09.279 (7661729056)|HEAP_ALLOCATE|[144]|Bytes:10
07:33:09.279 (7661782295)|VARIABLE_ASSIGNMENT|[143]|this.Name|"House Boat"|0x26975c38
07:33:09.279 (7661834054)|VARIABLE_SCOPE_BEGIN|[143]|Houseboat|BoatType__c|true|false
07:33:09.279 (7661867007)|VARIABLE_ASSIGNMENT|[143]|Houseboat|{"Name":"House Boat"}|0x26975c38
07:33:09.279 (7661878639)|STATEMENT_EXECUTE|[146]
07:33:09.279 (7661915976)|HEAP_ALLOCATE|[146]|Bytes:8
07:33:09.279 (7661931928)|DML_BEGIN|[146]|Op:Insert|Type:BoatType__c|Rows:1
07:33:09.279 (7661982358)|HEAP_ALLOCATE|[EXTERNAL]|Bytes:8
07:33:09.279 (7674248278)|DML_END|[146]
07:33:09.279 (7674282651)|STATEMENT_EXECUTE|[149]
07:33:09.279 (7674317182)|HEAP_ALLOCATE|[149]|Bytes:4
07:33:09.279 (7674446674)|HEAP_ALLOCATE|[150]|Bytes:12
07:33:09.279 (7674505472)|VARIABLE_ASSIGNMENT|[149]|this.Name|"Dipsy Doodle"|0x13e92a1c
07:33:09.279 (7674582210)|VARIABLE_ASSIGNMENT|[149]|this.Contact__c|"003f400000M6KnAAAV"|0x13e92a1c
07:33:09.279 (7674638613)|VARIABLE_ASSIGNMENT|[149]|this.BoatType__c|"a01f400000DKVR5AAP"|0x13e92a1c
07:33:09.279 (7674679330)|HEAP_ALLOCATE|[149]|Bytes:28
07:33:09.279 (7674714680)|VARIABLE_ASSIGNMENT|[149]|this.Length__c|20|0x13e92a1c
07:33:09.279 (7674732333)|HEAP_ALLOCATE|[149]|Bytes:28
07:33:09.279 (7674760576)|VARIABLE_ASSIGNMENT|[149]|this.Price__c|100000|0x13e92a1c
07:33:09.279 (7674776724)|HEAP_ALLOCATE|[149]|Bytes:28
07:33:09.279 (7674801447)|VARIABLE_ASSIGNMENT|[149]|this.Year_Built__c|2015|0x13e92a1c
07:33:09.279 (7674813920)|HEAP_ALLOCATE|[156]|Bytes:33
07:33:09.279 (7674842026)|VARIABLE_ASSIGNMENT|[149]|this.Picture__c|"/resource/Sailboats/ (13 more) ..."|0x13e92a1c
07:33:09.279 (7674853850)|HEAP_ALLOCATE|[158]|Bytes:9
07:33:09.279 (7674869860)|HEAP_ALLOCATE|[158]|Bytes:28
07:33:09.279 (7674901374)|VARIABLE_ASSIGNMENT|[149]|this.Geolocation__Latitude__s|38.875052|0x13e92a1c
07:33:09.279 (7674912174)|HEAP_ALLOCATE|[159]|Bytes:9
07:33:09.279 (7674922319)|HEAP_ALLOCATE|[159]|Bytes:28
07:33:09.279 (7675023061)|HEAP_ALLOCATE|[159]|Bytes:28
07:33:09.279 (7675069263)|VARIABLE_ASSIGNMENT|[149]|this.Geolocation__Longitude__s|-77.049531|0x13e92a1c
07:33:09.279 (7675108802)|VARIABLE_SCOPE_BEGIN|[149]|Boat1|Boat__c|true|false
07:33:09.279 (7675147375)|VARIABLE_ASSIGNMENT|[149]|Boat1|{"Name":"Dipsy Doodle","Contact__c":"003f400000M6KnAAAV","BoatType__c":"a01f400000DKVR5AAP","Length__c":20,"Price__c":100000,"Year_Built__c":2015,"Picture__c":"/resource/Sailboats/ (13 more) ...","Geolocation__Latitud (4 more) ...":38.875052,"Geolocation__Longitu (5 more) ...":-77.049531}|0x13e92a1c
07:33:09.279 (7675159958)|STATEMENT_EXECUTE|[161]
07:33:09.279 (7675183364)|HEAP_ALLOCATE|[161]|Bytes:8
07:33:09.279 (7675195209)|DML_BEGIN|[161]|Op:Insert|Type:Boat__c|Rows:1
07:33:09.279 (7675225704)|HEAP_ALLOCATE|[EXTERNAL]|Bytes:8
07:33:09.279 (7695541872)|DML_END|[161]
07:33:09.279 (7695571102)|STATEMENT_EXECUTE|[163]
07:33:09.279 (7695601803)|HEAP_ALLOCATE|[163]|Bytes:4
07:33:09.279 (7695626394)|HEAP_ALLOCATE|[164]|Bytes:15
07:33:09.279 (7695669688)|VARIABLE_ASSIGNMENT|[163]|this.Name|"Gallifrey Falls"|0x3b4a6c90
07:33:09.279 (7695714536)|VARIABLE_ASSIGNMENT|[163]|this.Contact__c|"003f400000M6KnBAAV"|0x3b4a6c90
07:33:09.279 (7695739452)|VARIABLE_ASSIGNMENT|[163]|this.BoatType__c|"a01f400000DKVR5AAP"|0x3b4a6c90
07:33:09.279 (7695763636)|HEAP_ALLOCATE|[163]|Bytes:28
07:33:09.279 (7695784132)|VARIABLE_ASSIGNMENT|[163]|this.Length__c|30|0x3b4a6c90
07:33:09.279 (7695794993)|HEAP_ALLOCATE|[163]|Bytes:28
07:33:09.279 (7695809646)|VARIABLE_ASSIGNMENT|[163]|this.Price__c|500000|0x3b4a6c90
07:33:09.279 (7695818914)|HEAP_ALLOCATE|[163]|Bytes:28
07:33:09.279 (7695832761)|VARIABLE_ASSIGNMENT|[163]|this.Year_Built__c|2013|0x3b4a6c90
07:33:09.279 (7695840101)|HEAP_ALLOCATE|[170]|Bytes:33
07:33:09.279 (7695856191)|VARIABLE_ASSIGNMENT|[163]|this.Picture__c|"/resource/Sailboats/ (13 more) ..."|0x3b4a6c90
07:33:09.279 (7695863096)|HEAP_ALLOCATE|[172]|Bytes:9
07:33:09.279 (7695871417)|HEAP_ALLOCATE|[172]|Bytes:28
07:33:09.279 (7695889023)|VARIABLE_ASSIGNMENT|[163]|this.Geolocation__Latitude__s|39.282735|0x3b4a6c90
07:33:09.279 (7695896482)|HEAP_ALLOCATE|[173]|Bytes:10
07:33:09.279 (7695902590)|HEAP_ALLOCATE|[173]|Bytes:28
07:33:09.279 (7695970076)|HEAP_ALLOCATE|[173]|Bytes:28
07:33:09.279 (7695999930)|VARIABLE_ASSIGNMENT|[163]|this.Geolocation__Longitude__s|-76.6170849|0x3b4a6c90
07:33:09.279 (7696035284)|VARIABLE_SCOPE_BEGIN|[163]|Boat2|Boat__c|true|false
07:33:09.279 (7696065345)|VARIABLE_ASSIGNMENT|[163]|Boat2|{"Name":"Gallifrey Falls","Contact__c":"003f400000M6KnBAAV","BoatType__c":"a01f400000DKVR5AAP","Length__c":30,"Price__c":500000,"Year_Built__c":2013,"Picture__c":"/resource/Sailboats/ (13 more) ...","Geolocation__Latitud (4 more) ...":39.282735,"Geolocation__Longitu (5 more) ...":-76.6170849}|0x3b4a6c90
07:33:09.279 (7696076582)|STATEMENT_EXECUTE|[175]
07:33:09.279 (7696099084)|HEAP_ALLOCATE|[175]|Bytes:8
07:33:09.279 (7696111021)|DML_BEGIN|[175]|Op:Insert|Type:Boat__c|Rows:1
07:33:09.279 (7696146831)|HEAP_ALLOCATE|[EXTERNAL]|Bytes:8
07:33:09.279 (7710271658)|DML_END|[175]
07:33:09.279 (7710295715)|STATEMENT_EXECUTE|[177]
07:33:09.279 (7710326893)|HEAP_ALLOCATE|[177]|Bytes:4
07:33:09.279 (7710351527)|HEAP_ALLOCATE|[178]|Bytes:8
07:33:09.279 (7710388590)|VARIABLE_ASSIGNMENT|[177]|this.Name|"Geronimo"|0x694fe997
07:33:09.279 (7710424686)|VARIABLE_ASSIGNMENT|[177]|this.Contact__c|"003f400000M6KnCAAV"|0x694fe997
07:33:09.279 (7710450897)|VARIABLE_ASSIGNMENT|[177]|this.BoatType__c|"a01f400000DKVRAAA5"|0x694fe997
07:33:09.279 (7710475302)|HEAP_ALLOCATE|[177]|Bytes:28
07:33:09.279 (7710495717)|VARIABLE_ASSIGNMENT|[177]|this.Length__c|15|0x694fe997
07:33:09.279 (7710506142)|HEAP_ALLOCATE|[177]|Bytes:28
07:33:09.279 (7710521106)|VARIABLE_ASSIGNMENT|[177]|this.Price__c|30000|0x694fe997
07:33:09.279 (7710530061)|HEAP_ALLOCATE|[177]|Bytes:28
07:33:09.279 (7710543418)|VARIABLE_ASSIGNMENT|[177]|this.Year_Built__c|2008|0x694fe997
07:33:09.279 (7710550513)|HEAP_ALLOCATE|[184]|Bytes:32
07:33:09.279 (7710565619)|VARIABLE_ASSIGNMENT|[177]|this.Picture__c|"/resource/Sailboats/ (12 more) ..."|0x694fe997
07:33:09.279 (7710573296)|HEAP_ALLOCATE|[186]|Bytes:10
07:33:09.279 (7710582487)|HEAP_ALLOCATE|[186]|Bytes:28
07:33:09.279 (7710599671)|VARIABLE_ASSIGNMENT|[177]|this.Geolocation__Latitude__s|42.3565323|0x694fe997
07:33:09.279 (7710607378)|HEAP_ALLOCATE|[187]|Bytes:10
07:33:09.279 (7710613563)|HEAP_ALLOCATE|[187]|Bytes:28
07:33:09.279 (7710669772)|HEAP_ALLOCATE|[187]|Bytes:28
07:33:09.279 (7710698578)|VARIABLE_ASSIGNMENT|[177]|this.Geolocation__Longitude__s|-71.0524035|0x694fe997
07:33:09.279 (7710730777)|VARIABLE_SCOPE_BEGIN|[177]|Boat3|Boat__c|true|false
07:33:09.279 (7710756834)|VARIABLE_ASSIGNMENT|[177]|Boat3|{"Name":"Geronimo","Contact__c":"003f400000M6KnCAAV","BoatType__c":"a01f400000DKVRAAA5","Length__c":15,"Price__c":30000,"Year_Built__c":2008,"Picture__c":"/resource/Sailboats/ (12 more) ...","Geolocation__Latitud (4 more) ...":42.3565323,"Geolocation__Longitu (5 more) ...":-71.0524035}|0x694fe997
07:33:09.279 (7710767131)|STATEMENT_EXECUTE|[189]
07:33:09.279 (7710787354)|HEAP_ALLOCATE|[189]|Bytes:8
07:33:09.279 (7710797981)|DML_BEGIN|[189]|Op:Insert|Type:Boat__c|Rows:1
07:33:09.279 (7710831259)|HEAP_ALLOCATE|[EXTERNAL]|Bytes:8
07:33:09.279 (7737950052)|DML_END|[189]
07:33:09.279 (7737973298)|STATEMENT_EXECUTE|[191]
07:33:09.279 (7737995968)|HEAP_ALLOCATE|[191]|Bytes:4
07:33:09.279 (7738014354)|HEAP_ALLOCATE|[192]|Bytes:17
07:33:09.279 (7738048986)|VARIABLE_ASSIGNMENT|[191]|this.Name|"All In The Family"|0x60b48af5
07:33:09.279 (7738079501)|VARIABLE_ASSIGNMENT|[191]|this.Contact__c|"003f400000M6KnDAAV"|0x60b48af5
07:33:09.279 (7738102556)|VARIABLE_ASSIGNMENT|[191]|this.BoatType__c|"a01f400000DKVR9AAP"|0x60b48af5
07:33:09.279 (7738118218)|HEAP_ALLOCATE|[191]|Bytes:28
07:33:09.279 (7738135496)|VARIABLE_ASSIGNMENT|[191]|this.Length__c|15|0x60b48af5
07:33:09.279 (7738145704)|HEAP_ALLOCATE|[191]|Bytes:28
07:33:09.279 (7738159826)|VARIABLE_ASSIGNMENT|[191]|this.Price__c|99000|0x60b48af5
07:33:09.279 (7738168927)|HEAP_ALLOCATE|[191]|Bytes:28
07:33:09.279 (7738181647)|VARIABLE_ASSIGNMENT|[191]|this.Year_Built__c|2005|0x60b48af5
07:33:09.279 (7738189045)|HEAP_ALLOCATE|[198]|Bytes:34
07:33:09.279 (7738204129)|VARIABLE_ASSIGNMENT|[191]|this.Picture__c|"/resource/Sailboats/ (14 more) ..."|0x60b48af5
07:33:09.279 (7738211043)|HEAP_ALLOCATE|[200]|Bytes:10
07:33:09.279 (7738219950)|HEAP_ALLOCATE|[200]|Bytes:28
07:33:09.279 (7738236207)|VARIABLE_ASSIGNMENT|[191]|this.Geolocation__Latitude__s|25.0831569|0x60b48af5
07:33:09.279 (7738243801)|HEAP_ALLOCATE|[201]|Bytes:10
07:33:09.279 (7738249808)|HEAP_ALLOCATE|[201]|Bytes:28
07:33:09.279 (7738300862)|HEAP_ALLOCATE|[201]|Bytes:28
07:33:09.279 (7738328948)|VARIABLE_ASSIGNMENT|[191]|this.Geolocation__Longitude__s|-77.3248236|0x60b48af5
07:33:09.279 (7738350254)|VARIABLE_SCOPE_BEGIN|[191]|Boat4|Boat__c|true|false
07:33:09.279 (7738376491)|VARIABLE_ASSIGNMENT|[191]|Boat4|{"Name":"All In The Family","Contact__c":"003f400000M6KnDAAV","BoatType__c":"a01f400000DKVR9AAP","Length__c":15,"Price__c":99000,"Year_Built__c":2005,"Picture__c":"/resource/Sailboats/ (14 more) ...","Geolocation__Latitud (4 more) ...":25.0831569,"Geolocation__Longitu (5 more) ...":-77.3248236}|0x60b48af5
07:33:09.279 (7738387402)|STATEMENT_EXECUTE|[203]
07:33:09.279 (7738407239)|HEAP_ALLOCATE|[203]|Bytes:8
07:33:09.279 (7738417238)|DML_BEGIN|[203]|Op:Insert|Type:Boat__c|Rows:1
07:33:09.279 (7738471572)|HEAP_ALLOCATE|[EXTERNAL]|Bytes:8
07:33:09.279 (7751167115)|DML_END|[203]
07:33:09.279 (7751186024)|STATEMENT_EXECUTE|[205]
07:33:09.279 (7751209409)|HEAP_ALLOCATE|[205]|Bytes:4
07:33:09.279 (7751229488)|HEAP_ALLOCATE|[206]|Bytes:23
07:33:09.279 (7751264154)|VARIABLE_ASSIGNMENT|[205]|this.Name|"The Old Man and the  (3 more) ..."|0x4b928b39
07:33:09.279 (7751296023)|VARIABLE_ASSIGNMENT|[205]|this.Contact__c|"003f400000M6KnEAAV"|0x4b928b39
07:33:09.279 (7751318117)|VARIABLE_ASSIGNMENT|[205]|this.BoatType__c|"a01f400000DKVRAAA5"|0x4b928b39
07:33:09.279 (7751336226)|HEAP_ALLOCATE|[205]|Bytes:28
07:33:09.279 (7751353480)|VARIABLE_ASSIGNMENT|[205]|this.Length__c|15|0x4b928b39
07:33:09.279 (7751364274)|HEAP_ALLOCATE|[205]|Bytes:28
07:33:09.279 (7751378160)|VARIABLE_ASSIGNMENT|[205]|this.Price__c|55000|0x4b928b39
07:33:09.279 (7751387168)|HEAP_ALLOCATE|[205]|Bytes:28
07:33:09.279 (7751403340)|VARIABLE_ASSIGNMENT|[205]|this.Year_Built__c|2009|0x4b928b39
07:33:09.279 (7751410389)|HEAP_ALLOCATE|[212]|Bytes:32
07:33:09.279 (7751425642)|VARIABLE_ASSIGNMENT|[205]|this.Picture__c|"/resource/Sailboats/ (12 more) ..."|0x4b928b39
07:33:09.279 (7751432720)|HEAP_ALLOCATE|[214]|Bytes:10
07:33:09.279 (7751440989)|HEAP_ALLOCATE|[214]|Bytes:28
07:33:09.279 (7751457169)|VARIABLE_ASSIGNMENT|[205]|this.Geolocation__Latitude__s|41.0671996|0x4b928b39
07:33:09.279 (7751468927)|HEAP_ALLOCATE|[215]|Bytes:10
07:33:09.279 (7751475999)|HEAP_ALLOCATE|[215]|Bytes:28
07:33:09.279 (7751526178)|HEAP_ALLOCATE|[215]|Bytes:28
07:33:09.279 (7751554604)|VARIABLE_ASSIGNMENT|[205]|this.Geolocation__Longitude__s|-71.9345349|0x4b928b39
07:33:09.279 (7751581455)|VARIABLE_SCOPE_BEGIN|[205]|Boat5|Boat__c|true|false
07:33:09.279 (7751606653)|VARIABLE_ASSIGNMENT|[205]|Boat5|{"Name":"The Old Man and the  (3 more) ...","Contact__c":"003f400000M6KnEAAV","BoatType__c":"a01f400000DKVRAAA5","Length__c":15,"Price__c":55000,"Year_Built__c":2009,"Picture__c":"/resource/Sailboats/ (12 more) ...","Geolocation__Latitud (4 more) ...":41.0671996,"Geolocation__Longitu (5 more) ...":-71.9345349}|0x4b928b39
07:33:09.279 (7751617495)|STATEMENT_EXECUTE|[217]
07:33:09.279 (7751636036)|HEAP_ALLOCATE|[217]|Bytes:8
07:33:09.279 (7751645582)|DML_BEGIN|[217]|Op:Insert|Type:Boat__c|Rows:1
07:33:09.279 (7751676012)|HEAP_ALLOCATE|[EXTERNAL]|Bytes:8
07:33:09.279 (7763393146)|DML_END|[217]
07:33:09.279 (7763410593)|STATEMENT_EXECUTE|[219]
07:33:09.279 (7763430679)|HEAP_ALLOCATE|[219]|Bytes:4
07:33:09.279 (7763447811)|HEAP_ALLOCATE|[220]|Bytes:14
07:33:09.279 (7763484359)|VARIABLE_ASSIGNMENT|[219]|this.Name|"The Enterprise"|0x10c6b1ea
07:33:09.279 (7763514490)|VARIABLE_ASSIGNMENT|[219]|this.Contact__c|"003f400000M6KnFAAV"|0x10c6b1ea
07:33:09.279 (7763537121)|VARIABLE_ASSIGNMENT|[219]|this.BoatType__c|"a01f400000DKVRBAA5"|0x10c6b1ea
07:33:09.279 (7763552447)|HEAP_ALLOCATE|[219]|Bytes:28
07:33:09.279 (7763568760)|VARIABLE_ASSIGNMENT|[219]|this.Length__c|42|0x10c6b1ea
07:33:09.279 (7763579151)|HEAP_ALLOCATE|[219]|Bytes:28
07:33:09.279 (7763592518)|VARIABLE_ASSIGNMENT|[219]|this.Price__c|555000|0x10c6b1ea
07:33:09.279 (7763601410)|HEAP_ALLOCATE|[219]|Bytes:28
07:33:09.279 (7763614703)|VARIABLE_ASSIGNMENT|[219]|this.Year_Built__c|2009|0x10c6b1ea
07:33:09.279 (7763621904)|HEAP_ALLOCATE|[226]|Bytes:30
07:33:09.279 (7763636601)|VARIABLE_ASSIGNMENT|[219]|this.Picture__c|"/resource/Sailboats/ (10 more) ..."|0x10c6b1ea
07:33:09.279 (7763648496)|HEAP_ALLOCATE|[228]|Bytes:9
07:33:09.279 (7763656393)|HEAP_ALLOCATE|[228]|Bytes:28
07:33:09.279 (7763672812)|VARIABLE_ASSIGNMENT|[219]|this.Geolocation__Latitude__s|29.229702|0x10c6b1ea
07:33:09.279 (7763681109)|HEAP_ALLOCATE|[229]|Bytes:10
07:33:09.279 (7763692700)|HEAP_ALLOCATE|[229]|Bytes:28
07:33:09.279 (7763734871)|HEAP_ALLOCATE|[229]|Bytes:28
07:33:09.279 (7763762733)|VARIABLE_ASSIGNMENT|[219]|this.Geolocation__Longitude__s|-81.0111687|0x10c6b1ea
07:33:09.279 (7763785749)|VARIABLE_SCOPE_BEGIN|[219]|Boat6|Boat__c|true|false
07:33:09.279 (7763810875)|VARIABLE_ASSIGNMENT|[219]|Boat6|{"Name":"The Enterprise","Contact__c":"003f400000M6KnFAAV","BoatType__c":"a01f400000DKVRBAA5","Length__c":42,"Price__c":555000,"Year_Built__c":2009,"Picture__c":"/resource/Sailboats/ (10 more) ...","Geolocation__Latitud (4 more) ...":29.229702,"Geolocation__Longitu (5 more) ...":-81.0111687}|0x10c6b1ea
07:33:09.279 (7763821815)|STATEMENT_EXECUTE|[231]
07:33:09.279 (7763838734)|HEAP_ALLOCATE|[231]|Bytes:8
07:33:09.279 (7763846579)|DML_BEGIN|[231]|Op:Insert|Type:Boat__c|Rows:1
07:33:09.279 (7763874764)|HEAP_ALLOCATE|[EXTERNAL]|Bytes:8
07:33:09.279 (7776651706)|DML_END|[231]
07:33:09.279 (7776673357)|STATEMENT_EXECUTE|[233]
07:33:09.279 (7776695917)|HEAP_ALLOCATE|[233]|Bytes:4
07:33:09.279 (7776714934)|HEAP_ALLOCATE|[234]|Bytes:9
07:33:09.279 (7776749291)|VARIABLE_ASSIGNMENT|[233]|this.Name|"Excelsior"|0x49284234
07:33:09.279 (7776780486)|VARIABLE_ASSIGNMENT|[233]|this.Contact__c|"003f400000M6KnGAAV"|0x49284234
07:33:09.279 (7776802154)|VARIABLE_ASSIGNMENT|[233]|this.BoatType__c|"a01f400000DKVRBAA5"|0x49284234
07:33:09.279 (7776817779)|HEAP_ALLOCATE|[233]|Bytes:28
07:33:09.279 (7776834770)|VARIABLE_ASSIGNMENT|[233]|this.Length__c|40|0x49284234
07:33:09.279 (7776845126)|HEAP_ALLOCATE|[233]|Bytes:28
07:33:09.279 (7776858786)|VARIABLE_ASSIGNMENT|[233]|this.Price__c|655000|0x49284234
07:33:09.279 (7776867814)|HEAP_ALLOCATE|[233]|Bytes:28
07:33:09.279 (7776881180)|VARIABLE_ASSIGNMENT|[233]|this.Year_Built__c|2012|0x49284234
07:33:09.279 (7776888078)|HEAP_ALLOCATE|[240]|Bytes:30
07:33:09.279 (7776902459)|VARIABLE_ASSIGNMENT|[233]|this.Picture__c|"/resource/Sailboats/ (10 more) ..."|0x49284234
07:33:09.279 (7776909807)|HEAP_ALLOCATE|[242]|Bytes:10
07:33:09.279 (7776917039)|HEAP_ALLOCATE|[242]|Bytes:28
07:33:09.279 (7776932884)|VARIABLE_ASSIGNMENT|[233]|this.Geolocation__Latitude__s|35.8937555|0x49284234
07:33:09.279 (7776940211)|HEAP_ALLOCATE|[243]|Bytes:10
07:33:09.279 (7776945915)|HEAP_ALLOCATE|[243]|Bytes:28
07:33:09.279 (7776995406)|HEAP_ALLOCATE|[243]|Bytes:28
07:33:09.279 (7777023027)|VARIABLE_ASSIGNMENT|[233]|this.Geolocation__Longitude__s|-75.6461981|0x49284234
07:33:09.279 (7777048575)|VARIABLE_SCOPE_BEGIN|[233]|Boat7|Boat__c|true|false
07:33:09.279 (7777074026)|VARIABLE_ASSIGNMENT|[233]|Boat7|{"Name":"Excelsior","Contact__c":"003f400000M6KnGAAV","BoatType__c":"a01f400000DKVRBAA5","Length__c":40,"Price__c":655000,"Year_Built__c":2012,"Picture__c":"/resource/Sailboats/ (10 more) ...","Geolocation__Latitud (4 more) ...":35.8937555,"Geolocation__Longitu (5 more) ...":-75.6461981}|0x49284234
07:33:09.279 (7777085115)|STATEMENT_EXECUTE|[245]
07:33:09.279 (7777102265)|HEAP_ALLOCATE|[245]|Bytes:8
07:33:09.279 (7777111831)|DML_BEGIN|[245]|Op:Insert|Type:Boat__c|Rows:1
07:33:09.279 (7777139344)|HEAP_ALLOCATE|[EXTERNAL]|Bytes:8
07:33:09.279 (7789925433)|DML_END|[245]
07:33:09.279 (7789950202)|STATEMENT_EXECUTE|[247]
07:33:09.279 (7789983366)|HEAP_ALLOCATE|[247]|Bytes:4
07:33:09.279 (7790007082)|HEAP_ALLOCATE|[248]|Bytes:14
07:33:09.279 (7790043911)|VARIABLE_ASSIGNMENT|[247]|this.Name|"Big Billy Bass"|0x7a276cb6
07:33:09.279 (7790085600)|VARIABLE_ASSIGNMENT|[247]|this.Contact__c|"003f400000M6KnHAAV"|0x7a276cb6
07:33:09.279 (7790108666)|VARIABLE_ASSIGNMENT|[247]|this.BoatType__c|"a01f400000DKVR6AAP"|0x7a276cb6
07:33:09.279 (7790131833)|HEAP_ALLOCATE|[247]|Bytes:28
07:33:09.279 (7790150796)|VARIABLE_ASSIGNMENT|[247]|this.Length__c|15|0x7a276cb6
07:33:09.279 (7790160485)|HEAP_ALLOCATE|[247]|Bytes:28
07:33:09.279 (7790174700)|VARIABLE_ASSIGNMENT|[247]|this.Price__c|30000|0x7a276cb6
07:33:09.279 (7790183812)|HEAP_ALLOCATE|[247]|Bytes:28
07:33:09.279 (7790197012)|VARIABLE_ASSIGNMENT|[247]|this.Year_Built__c|2002|0x7a276cb6
07:33:09.279 (7790205040)|HEAP_ALLOCATE|[254]|Bytes:37
07:33:09.279 (7790219718)|VARIABLE_ASSIGNMENT|[247]|this.Picture__c|"/resource/Houseboats (17 more) ..."|0x7a276cb6
07:33:09.279 (7790226896)|HEAP_ALLOCATE|[256]|Bytes:10
07:33:09.279 (7790234956)|HEAP_ALLOCATE|[256]|Bytes:28
07:33:09.279 (7790251028)|VARIABLE_ASSIGNMENT|[247]|this.Geolocation__Latitude__s|36.8315019|0x7a276cb6
07:33:09.279 (7790257934)|HEAP_ALLOCATE|[257]|Bytes:10
07:33:09.279 (7790263659)|HEAP_ALLOCATE|[257]|Bytes:28
07:33:09.279 (7790318881)|HEAP_ALLOCATE|[257]|Bytes:28
07:33:09.279 (7790348039)|VARIABLE_ASSIGNMENT|[247]|this.Geolocation__Longitude__s|-75.9792301|0x7a276cb6
07:33:09.279 (7790379300)|VARIABLE_SCOPE_BEGIN|[247]|Boat8|Boat__c|true|false
07:33:09.279 (7790407821)|VARIABLE_ASSIGNMENT|[247]|Boat8|{"Name":"Big Billy Bass","Contact__c":"003f400000M6KnHAAV","BoatType__c":"a01f400000DKVR6AAP","Length__c":15,"Price__c":30000,"Year_Built__c":2002,"Picture__c":"/resource/Houseboats (17 more) ...","Geolocation__Latitud (4 more) ...":36.8315019,"Geolocation__Longitu (5 more) ...":-75.9792301}|0x7a276cb6
07:33:09.279 (7790418956)|STATEMENT_EXECUTE|[259]
07:33:09.279 (7790440033)|HEAP_ALLOCATE|[259]|Bytes:8
07:33:09.279 (7790449798)|DML_BEGIN|[259]|Op:Insert|Type:Boat__c|Rows:1
07:33:09.279 (7790489603)|HEAP_ALLOCATE|[EXTERNAL]|Bytes:8
07:33:09.279 (7802239036)|DML_END|[259]
07:33:09.279 (7802258388)|STATEMENT_EXECUTE|[261]
07:33:09.279 (7802280485)|HEAP_ALLOCATE|[261]|Bytes:4
07:33:09.279 (7802297755)|HEAP_ALLOCATE|[262]|Bytes:15
07:33:09.279 (7802330979)|VARIABLE_ASSIGNMENT|[261]|this.Name|"Home Suite Home"|0x479fc828
07:33:09.279 (7802364468)|VARIABLE_ASSIGNMENT|[261]|this.Contact__c|"003f400000M6KnIAAV"|0x479fc828
07:33:09.279 (7802388188)|VARIABLE_ASSIGNMENT|[261]|this.BoatType__c|"a01f400000DKVRCAA5"|0x479fc828
07:33:09.279 (7802405635)|HEAP_ALLOCATE|[261]|Bytes:28
07:33:09.279 (7802424804)|VARIABLE_ASSIGNMENT|[261]|this.Length__c|25|0x479fc828
07:33:09.279 (7802435215)|HEAP_ALLOCATE|[261]|Bytes:28
07:33:09.279 (7802449325)|VARIABLE_ASSIGNMENT|[261]|this.Price__c|120500|0x479fc828
07:33:09.279 (7802457209)|HEAP_ALLOCATE|[261]|Bytes:28
07:33:09.279 (7802476815)|VARIABLE_ASSIGNMENT|[261]|this.Year_Built__c|2006|0x479fc828
07:33:09.279 (7802484687)|HEAP_ALLOCATE|[268]|Bytes:35
07:33:09.279 (7802500652)|VARIABLE_ASSIGNMENT|[261]|this.Picture__c|"/resource/Houseboats (15 more) ..."|0x479fc828
07:33:09.279 (7802512161)|HEAP_ALLOCATE|[270]|Bytes:10
07:33:09.279 (7802519838)|HEAP_ALLOCATE|[270]|Bytes:28
07:33:09.279 (7802536364)|VARIABLE_ASSIGNMENT|[261]|this.Geolocation__Latitude__s|21.1412251|0x479fc828
07:33:09.279 (7802543686)|HEAP_ALLOCATE|[271]|Bytes:10
07:33:09.279 (7802549956)|HEAP_ALLOCATE|[271]|Bytes:28
07:33:09.279 (7802595977)|HEAP_ALLOCATE|[271]|Bytes:28
07:33:09.279 (7802627024)|VARIABLE_ASSIGNMENT|[261]|this.Geolocation__Longitude__s|-86.7767266|0x479fc828
07:33:09.279 (7802650491)|VARIABLE_SCOPE_BEGIN|[261]|Boat9|Boat__c|true|false
07:33:09.279 (7802675390)|VARIABLE_ASSIGNMENT|[261]|Boat9|{"Name":"Home Suite Home","Contact__c":"003f400000M6KnIAAV","BoatType__c":"a01f400000DKVRCAA5","Length__c":25,"Price__c":120500,"Year_Built__c":2006,"Picture__c":"/resource/Houseboats (15 more) ...","Geolocation__Latitud (4 more) ...":21.1412251,"Geolocation__Longitu (5 more) ...":-86.7767266}|0x479fc828
07:33:09.279 (7802686233)|STATEMENT_EXECUTE|[273]
07:33:09.279 (7802704534)|HEAP_ALLOCATE|[273]|Bytes:8
07:33:09.279 (7802714225)|DML_BEGIN|[273]|Op:Insert|Type:Boat__c|Rows:1
07:33:09.279 (7802743464)|HEAP_ALLOCATE|[EXTERNAL]|Bytes:8
07:33:09.279 (7814777523)|DML_END|[273]
07:33:09.279 (7814799470)|STATEMENT_EXECUTE|[275]
07:33:09.279 (7814823336)|HEAP_ALLOCATE|[275]|Bytes:4
07:33:09.279 (7814841849)|HEAP_ALLOCATE|[276]|Bytes:8
07:33:09.279 (7814878034)|VARIABLE_ASSIGNMENT|[275]|this.Name|"Man Cave"|0x4638a620
07:33:09.279 (7814911789)|VARIABLE_ASSIGNMENT|[275]|this.Contact__c|"003f400000M6KnJAAV"|0x4638a620
07:33:09.279 (7814934947)|VARIABLE_ASSIGNMENT|[275]|this.BoatType__c|"a01f400000DKVRCAA5"|0x4638a620
07:33:09.279 (7814952645)|HEAP_ALLOCATE|[275]|Bytes:28
07:33:09.279 (7814971352)|VARIABLE_ASSIGNMENT|[275]|this.Length__c|27|0x4638a620
07:33:09.279 (7814982554)|HEAP_ALLOCATE|[275]|Bytes:28
07:33:09.279 (7814997144)|VARIABLE_ASSIGNMENT|[275]|this.Price__c|140500|0x4638a620
07:33:09.279 (7815005722)|HEAP_ALLOCATE|[275]|Bytes:28
07:33:09.279 (7815024133)|VARIABLE_ASSIGNMENT|[275]|this.Year_Built__c|1999|0x4638a620
07:33:09.279 (7815032142)|HEAP_ALLOCATE|[282]|Bytes:35
07:33:09.279 (7815047077)|VARIABLE_ASSIGNMENT|[275]|this.Picture__c|"/resource/Houseboats (15 more) ..."|0x4638a620
07:33:09.279 (7815054422)|HEAP_ALLOCATE|[284]|Bytes:9
07:33:09.279 (7815062706)|HEAP_ALLOCATE|[284]|Bytes:28
07:33:09.279 (7815079459)|VARIABLE_ASSIGNMENT|[275]|this.Geolocation__Latitude__s|38.689841|0x4638a620
07:33:09.279 (7815087233)|HEAP_ALLOCATE|[285]|Bytes:10
07:33:09.279 (7815093509)|HEAP_ALLOCATE|[285]|Bytes:28
07:33:09.279 (7815150134)|HEAP_ALLOCATE|[285]|Bytes:28
07:33:09.279 (7815179026)|VARIABLE_ASSIGNMENT|[275]|this.Geolocation__Longitude__s|-75.0781053|0x4638a620
07:33:09.279 (7815205216)|VARIABLE_SCOPE_BEGIN|[275]|Boat10|Boat__c|true|false
07:33:09.279 (7815232529)|VARIABLE_ASSIGNMENT|[275]|Boat10|{"Name":"Man Cave","Contact__c":"003f400000M6KnJAAV","BoatType__c":"a01f400000DKVRCAA5","Length__c":27,"Price__c":140500,"Year_Built__c":1999,"Picture__c":"/resource/Houseboats (15 more) ...","Geolocation__Latitud (4 more) ...":38.689841,"Geolocation__Longitu (5 more) ...":-75.0781053}|0x4638a620
07:33:09.279 (7815243501)|STATEMENT_EXECUTE|[287]
07:33:09.279 (7815262824)|HEAP_ALLOCATE|[287]|Bytes:8
07:33:09.279 (7815273391)|DML_BEGIN|[287]|Op:Insert|Type:Boat__c|Rows:1
07:33:09.279 (7815301558)|HEAP_ALLOCATE|[EXTERNAL]|Bytes:8
07:33:09.279 (7827302452)|DML_END|[287]
07:33:09.279 (7827332820)|METHOD_EXIT|[5]|01pf400000CcIkv|GenerateData.createNewData()
07:33:09.279 (7827346532)|METHOD_EXIT|[1]|01pf400000CcIkv|GenerateData.initData()
07:33:09.279 (7827355043)|SYSTEM_MODE_EXIT|false
07:33:09.872 (7872969439)|CUMULATIVE_LIMIT_USAGE
07:33:09.872 (7872969439)|LIMIT_USAGE_FOR_NS|(default)|
  Number of SOQL queries: 7 out of 100
  Number of query rows: 69 out of 50000
  Number of SOSL queries: 0 out of 20
  Number of DML statements: 32 out of 150
  Number of DML rows: 98 out of 10000
  Maximum CPU time: 0 out of 10000
  Maximum heap size: 0 out of 6000000
  Number of callouts: 0 out of 100
  Number of Email Invocations: 0 out of 10
  Number of future calls: 0 out of 50
  Number of queueable jobs added to the queue: 0 out of 50
  Number of Mobile Apex push calls: 0 out of 10

07:33:09.872 (7872969439)|CUMULATIVE_LIMIT_USAGE_END

07:33:09.279 (7873013999)|CODE_UNIT_FINISHED|execute_anonymous_apex
07:33:09.279 (7874002839)|EXECUTION_FINISHED
