42.0 APEX_CODE,FINEST;APEX_PROFILING,INFO;CALLOUT,INFO;DB,INFO;SYSTEM,DEBUG;VALIDATION,INFO;VISUALFORCE,INFO;WAVE,INFO;WORKFLOW,INFO
07:52:46.0 (383544)|USER_INFO|[EXTERNAL]|005f4000001gayX|lrodriguez@curious-bear-277664.com|Pacific Standard Time|GMT-07:00
07:52:46.0 (440169)|EXECUTION_STARTED
07:52:46.0 (449230)|CODE_UNIT_STARTED|[EXTERNAL]|Aura
07:52:46.0 (2062404)|CODE_UNIT_STARTED|[EXTERNAL]|01pf400000CcJkp|BoatSearchController.getBoatTypes
07:52:46.0 (2202520)|HEAP_ALLOCATE|[72]|Bytes:3
07:52:46.0 (2238497)|HEAP_ALLOCATE|[77]|Bytes:152
07:52:46.0 (2252814)|HEAP_ALLOCATE|[342]|Bytes:408
07:52:46.0 (2265904)|HEAP_ALLOCATE|[355]|Bytes:408
07:52:46.0 (2278790)|HEAP_ALLOCATE|[467]|Bytes:48
07:52:46.0 (2304025)|HEAP_ALLOCATE|[139]|Bytes:6
07:52:46.0 (2362550)|HEAP_ALLOCATE|[EXTERNAL]|Bytes:1
07:52:46.0 (2374058)|METHOD_ENTRY|[1]|01pf400000CcJkp|BoatSearchController.BoatSearchController()
07:52:46.0 (2381057)|STATEMENT_EXECUTE|[1]
07:52:46.0 (2385783)|STATEMENT_EXECUTE|[1]
07:52:46.0 (2412218)|HEAP_ALLOCATE|[50]|Bytes:5
07:52:46.0 (2430270)|HEAP_ALLOCATE|[56]|Bytes:5
07:52:46.0 (2438399)|HEAP_ALLOCATE|[64]|Bytes:7
07:52:46.0 (2460446)|SYSTEM_MODE_ENTER|false
07:52:46.0 (2473421)|HEAP_ALLOCATE|[EXTERNAL]|Bytes:5
07:52:46.0 (2479772)|SYSTEM_MODE_EXIT|false
07:52:46.0 (2488285)|METHOD_EXIT|[1]|BoatSearchController
07:52:46.0 (2498147)|SYSTEM_MODE_ENTER|false
07:52:46.0 (2509610)|HEAP_ALLOCATE|[4]|Bytes:5
07:52:46.0 (2513690)|STATEMENT_EXECUTE|[3]
07:52:46.0 (2515564)|STATEMENT_EXECUTE|[4]
07:52:46.0 (2518919)|HEAP_ALLOCATE|[4]|Bytes:32
07:52:46.0 (2536368)|HEAP_ALLOCATE|[4]|Bytes:4
07:52:46.0 (3248723)|SOQL_EXECUTE_BEGIN|[4]|Aggregations:0|SELECT Id, Name FROM BoatType__c
07:52:46.0 (5391668)|SOQL_EXECUTE_END|[4]|Rows:8
07:52:46.0 (5412698)|HEAP_ALLOCATE|[4]|Bytes:36
07:52:46.0 (5441986)|HEAP_ALLOCATE|[4]|Bytes:375
07:52:46.0 (5526687)|HEAP_ALLOCATE|[4]|Bytes:36
07:52:46.0 (5545001)|SYSTEM_MODE_EXIT|false
07:52:46.5 (5567173)|CUMULATIVE_LIMIT_USAGE
07:52:46.5 (5567173)|LIMIT_USAGE_FOR_NS|(default)|
  Number of SOQL queries: 1 out of 100
  Number of query rows: 8 out of 50000
  Number of SOSL queries: 0 out of 20
  Number of DML statements: 0 out of 150
  Number of DML rows: 0 out of 10000
  Maximum CPU time: 0 out of 10000
  Maximum heap size: 0 out of 6000000
  Number of callouts: 0 out of 100
  Number of Email Invocations: 0 out of 10
  Number of future calls: 0 out of 50
  Number of queueable jobs added to the queue: 0 out of 50
  Number of Mobile Apex push calls: 0 out of 10

07:52:46.5 (5567173)|CUMULATIVE_LIMIT_USAGE_END

07:52:46.0 (5597487)|CODE_UNIT_FINISHED|BoatSearchController.getBoatTypes
07:52:46.0 (5684554)|CODE_UNIT_FINISHED|Aura
07:52:46.0 (6752710)|EXECUTION_FINISHED
