42.0 APEX_CODE,FINEST;APEX_PROFILING,INFO;CALLOUT,INFO;DB,INFO;SYSTEM,DEBUG;VALIDATION,INFO;VISUALFORCE,INFO;WAVE,INFO;WORKFLOW,INFO
12:29:13.0 (63689)|USER_INFO|[EXTERNAL]|005f4000001gayX|lrodriguez@curious-bear-277664.com|Pacific Standard Time|GMT-07:00
12:29:13.0 (92548)|EXECUTION_STARTED
12:29:13.0 (96756)|CODE_UNIT_STARTED|[EXTERNAL]|Aura
12:29:13.0 (783748)|HEAP_ALLOCATE|[72]|Bytes:3
12:29:13.0 (816334)|HEAP_ALLOCATE|[77]|Bytes:152
12:29:13.0 (829745)|HEAP_ALLOCATE|[342]|Bytes:408
12:29:13.0 (842753)|HEAP_ALLOCATE|[355]|Bytes:408
12:29:13.0 (853105)|HEAP_ALLOCATE|[467]|Bytes:48
12:29:13.0 (876116)|HEAP_ALLOCATE|[139]|Bytes:6
12:29:13.0 (1876512)|CODE_UNIT_STARTED|[EXTERNAL]|01pf400000CcM2l|BoatSearchResults.getBoats
12:29:13.0 (1974795)|HEAP_ALLOCATE|[EXTERNAL]|Bytes:1
12:29:13.0 (1994167)|METHOD_ENTRY|[1]|01pf400000CcM2l|BoatSearchResults.BoatSearchResults()
12:29:13.0 (2003816)|STATEMENT_EXECUTE|[1]
12:29:13.0 (2011503)|STATEMENT_EXECUTE|[1]
12:29:13.0 (2041428)|HEAP_ALLOCATE|[50]|Bytes:5
12:29:13.0 (2064763)|HEAP_ALLOCATE|[56]|Bytes:5
12:29:13.0 (2072294)|HEAP_ALLOCATE|[64]|Bytes:7
12:29:13.0 (2095314)|SYSTEM_MODE_ENTER|false
12:29:13.0 (2106575)|HEAP_ALLOCATE|[EXTERNAL]|Bytes:5
12:29:13.0 (2114361)|SYSTEM_MODE_EXIT|false
12:29:13.0 (2122529)|METHOD_EXIT|[1]|BoatSearchResults
12:29:13.0 (2133110)|SYSTEM_MODE_ENTER|false
12:29:13.0 (2141014)|VARIABLE_SCOPE_BEGIN|[3]|boatTypeId|String|false|false
12:29:13.0 (2165098)|VARIABLE_ASSIGNMENT|[3]|boatTypeId|""
12:29:13.0 (2178890)|HEAP_ALLOCATE|[4]|Bytes:5
12:29:13.0 (2184164)|STATEMENT_EXECUTE|[3]
12:29:13.0 (2185951)|STATEMENT_EXECUTE|[4]
12:29:13.0 (2253835)|HEAP_ALLOCATE|[4]|Bytes:4
12:29:13.0 (2344751)|VARIABLE_SCOPE_BEGIN|[4]|boats|List<Boat__c>|true|false
12:29:13.0 (2357918)|HEAP_ALLOCATE|[EXTERNAL]|Bytes:4
12:29:13.0 (2388113)|VARIABLE_ASSIGNMENT|[4]|boats|[]|0x3079d6fb
12:29:13.0 (2395859)|STATEMENT_EXECUTE|[5]
12:29:13.0 (2399432)|HEAP_ALLOCATE|[5]|Bytes:57
12:29:13.0 (2406080)|VARIABLE_SCOPE_BEGIN|[5]|query|String|false|false
12:29:13.0 (2419930)|VARIABLE_ASSIGNMENT|[5]|query|"SELECT Id, Name, Con (37 more) ..."
12:29:13.0 (2442428)|STATEMENT_EXECUTE|[6]
12:29:13.0 (2444180)|STATEMENT_EXECUTE|[7]
12:29:13.0 (3073981)|SOQL_EXECUTE_BEGIN|[7]|Aggregations:0|SELECT Id, Name, Contact__r.Name, Picture__c FROM Boat__c
12:29:13.0 (7152899)|SOQL_EXECUTE_END|[7]|Rows:10
12:29:13.0 (7182812)|HEAP_ALLOCATE|[7]|Bytes:44
12:29:13.0 (7262291)|HEAP_ALLOCATE|[7]|Bytes:1923
12:29:13.0 (7317495)|HEAP_ALLOCATE|[7]|Bytes:44
12:29:13.0 (7358153)|VARIABLE_ASSIGNMENT|[7]|boats|"List of size 10 too large to display"|0x2f756246
12:29:13.0 (7368459)|STATEMENT_EXECUTE|[11]
12:29:13.0 (7381423)|SYSTEM_MODE_EXIT|false
12:29:13.7 (7411352)|CUMULATIVE_LIMIT_USAGE
12:29:13.7 (7411352)|LIMIT_USAGE_FOR_NS|(default)|
  Number of SOQL queries: 1 out of 100
  Number of query rows: 10 out of 50000
  Number of SOSL queries: 0 out of 20
  Number of DML statements: 0 out of 150
  Number of DML rows: 0 out of 10000
  Maximum CPU time: 0 out of 10000
  Maximum heap size: 0 out of 6000000
  Number of callouts: 0 out of 100
  Number of Email Invocations: 0 out of 10
  Number of future calls: 0 out of 50
  Number of queueable jobs added to the queue: 0 out of 50
  Number of Mobile Apex push calls: 0 out of 10

12:29:13.7 (7411352)|CUMULATIVE_LIMIT_USAGE_END

12:29:13.0 (7452263)|CODE_UNIT_FINISHED|BoatSearchResults.getBoats
12:29:13.0 (7666167)|CODE_UNIT_FINISHED|Aura
12:29:13.0 (8981489)|EXECUTION_FINISHED
