42.0 APEX_CODE,FINEST;APEX_PROFILING,INFO;CALLOUT,INFO;DB,INFO;SYSTEM,DEBUG;VALIDATION,INFO;VISUALFORCE,INFO;WAVE,INFO;WORKFLOW,INFO
07:50:05.0 (370183)|USER_INFO|[EXTERNAL]|005f4000001gayX|lrodriguez@curious-bear-277664.com|Pacific Standard Time|GMT-07:00
07:50:05.0 (414410)|EXECUTION_STARTED
07:50:05.0 (419482)|CODE_UNIT_STARTED|[EXTERNAL]|Aura
07:50:05.0 (2268991)|CODE_UNIT_STARTED|[EXTERNAL]|01pf400000CcJkp|BoatSearchController.getBoatTypes
07:50:05.0 (2423705)|HEAP_ALLOCATE|[72]|Bytes:3
07:50:05.0 (2457135)|HEAP_ALLOCATE|[77]|Bytes:152
07:50:05.0 (2473376)|HEAP_ALLOCATE|[342]|Bytes:408
07:50:05.0 (2502478)|HEAP_ALLOCATE|[355]|Bytes:408
07:50:05.0 (2524292)|HEAP_ALLOCATE|[467]|Bytes:48
07:50:05.0 (2554562)|HEAP_ALLOCATE|[139]|Bytes:6
07:50:05.0 (2629452)|HEAP_ALLOCATE|[EXTERNAL]|Bytes:1
07:50:05.0 (2645315)|METHOD_ENTRY|[1]|01pf400000CcJkp|BoatSearchController.BoatSearchController()
07:50:05.0 (2654698)|STATEMENT_EXECUTE|[1]
07:50:05.0 (2661362)|STATEMENT_EXECUTE|[1]
07:50:05.0 (2695829)|HEAP_ALLOCATE|[50]|Bytes:5
07:50:05.0 (2720483)|HEAP_ALLOCATE|[56]|Bytes:5
07:50:05.0 (2731184)|HEAP_ALLOCATE|[64]|Bytes:7
07:50:05.0 (2776207)|SYSTEM_MODE_ENTER|false
07:50:05.0 (2794802)|HEAP_ALLOCATE|[EXTERNAL]|Bytes:5
07:50:05.0 (2804478)|SYSTEM_MODE_EXIT|false
07:50:05.0 (2816410)|METHOD_EXIT|[1]|BoatSearchController
07:50:05.0 (2832182)|SYSTEM_MODE_ENTER|false
07:50:05.0 (2848853)|HEAP_ALLOCATE|[4]|Bytes:5
07:50:05.0 (2854828)|STATEMENT_EXECUTE|[3]
07:50:05.0 (2857462)|STATEMENT_EXECUTE|[4]
07:50:05.0 (2862342)|HEAP_ALLOCATE|[4]|Bytes:32
07:50:05.0 (2885649)|HEAP_ALLOCATE|[4]|Bytes:4
07:50:05.0 (3803665)|SOQL_EXECUTE_BEGIN|[4]|Aggregations:0|SELECT Id, Name FROM BoatType__c
07:50:05.0 (6231054)|SOQL_EXECUTE_END|[4]|Rows:8
07:50:05.0 (6268342)|HEAP_ALLOCATE|[4]|Bytes:36
07:50:05.0 (6308027)|HEAP_ALLOCATE|[4]|Bytes:375
07:50:05.0 (6443891)|HEAP_ALLOCATE|[4]|Bytes:36
07:50:05.0 (6473073)|SYSTEM_MODE_EXIT|false
07:50:05.6 (6501904)|CUMULATIVE_LIMIT_USAGE
07:50:05.6 (6501904)|LIMIT_USAGE_FOR_NS|(default)|
  Number of SOQL queries: 1 out of 100
  Number of query rows: 8 out of 50000
  Number of SOSL queries: 0 out of 20
  Number of DML statements: 0 out of 150
  Number of DML rows: 0 out of 10000
  Maximum CPU time: 0 out of 10000
  Maximum heap size: 0 out of 6000000
  Number of callouts: 0 out of 100
  Number of Email Invocations: 0 out of 10
  Number of future calls: 0 out of 50
  Number of queueable jobs added to the queue: 0 out of 50
  Number of Mobile Apex push calls: 0 out of 10

07:50:05.6 (6501904)|CUMULATIVE_LIMIT_USAGE_END

07:50:05.0 (6536207)|CODE_UNIT_FINISHED|BoatSearchController.getBoatTypes
07:50:05.0 (6635395)|CODE_UNIT_FINISHED|Aura
07:50:05.0 (8017369)|EXECUTION_FINISHED
