42.0 APEX_CODE,FINEST;APEX_PROFILING,INFO;CALLOUT,INFO;DB,INFO;SYSTEM,DEBUG;VALIDATION,INFO;VISUALFORCE,INFO;WAVE,INFO;WORKFLOW,INFO
12:28:37.0 (353459)|USER_INFO|[EXTERNAL]|005f4000001gayX|lrodriguez@curious-bear-277664.com|Pacific Standard Time|GMT-07:00
12:28:37.0 (386321)|EXECUTION_STARTED
12:28:37.0 (390791)|CODE_UNIT_STARTED|[EXTERNAL]|Aura
12:28:37.0 (2151553)|CODE_UNIT_STARTED|[EXTERNAL]|01pf400000CcJkp|BoatSearchController.getBoatTypes
12:28:37.0 (2420662)|HEAP_ALLOCATE|[72]|Bytes:3
12:28:37.0 (2485677)|HEAP_ALLOCATE|[77]|Bytes:152
12:28:37.0 (2502116)|HEAP_ALLOCATE|[342]|Bytes:408
12:28:37.0 (2517546)|HEAP_ALLOCATE|[355]|Bytes:408
12:28:37.0 (2528224)|HEAP_ALLOCATE|[467]|Bytes:48
12:28:37.0 (2579763)|HEAP_ALLOCATE|[139]|Bytes:6
12:28:37.0 (2596183)|HEAP_ALLOCATE|[EXTERNAL]|Bytes:1
12:28:37.0 (2630926)|METHOD_ENTRY|[1]|01pf400000CcJkp|BoatSearchController.BoatSearchController()
12:28:37.0 (2638931)|STATEMENT_EXECUTE|[1]
12:28:37.0 (2643702)|STATEMENT_EXECUTE|[1]
12:28:37.0 (2672094)|HEAP_ALLOCATE|[50]|Bytes:5
12:28:37.0 (2694687)|HEAP_ALLOCATE|[56]|Bytes:5
12:28:37.0 (2701855)|HEAP_ALLOCATE|[64]|Bytes:7
12:28:37.0 (2729053)|SYSTEM_MODE_ENTER|false
12:28:37.0 (2743465)|HEAP_ALLOCATE|[EXTERNAL]|Bytes:5
12:28:37.0 (2752120)|SYSTEM_MODE_EXIT|false
12:28:37.0 (2771200)|METHOD_EXIT|[1]|BoatSearchController
12:28:37.0 (2782938)|SYSTEM_MODE_ENTER|false
12:28:37.0 (2796908)|HEAP_ALLOCATE|[4]|Bytes:5
12:28:37.0 (2801431)|STATEMENT_EXECUTE|[3]
12:28:37.0 (2803076)|STATEMENT_EXECUTE|[4]
12:28:37.0 (2805739)|HEAP_ALLOCATE|[4]|Bytes:32
12:28:37.0 (2824664)|HEAP_ALLOCATE|[4]|Bytes:4
12:28:37.0 (3439643)|SOQL_EXECUTE_BEGIN|[4]|Aggregations:0|SELECT Id, Name FROM BoatType__c
12:28:37.0 (5585653)|SOQL_EXECUTE_END|[4]|Rows:8
12:28:37.0 (5611155)|HEAP_ALLOCATE|[4]|Bytes:36
12:28:37.0 (5638291)|HEAP_ALLOCATE|[4]|Bytes:375
12:28:37.0 (5680642)|HEAP_ALLOCATE|[4]|Bytes:36
12:28:37.0 (5712799)|SYSTEM_MODE_EXIT|false
12:28:37.5 (5734839)|CUMULATIVE_LIMIT_USAGE
12:28:37.5 (5734839)|LIMIT_USAGE_FOR_NS|(default)|
  Number of SOQL queries: 1 out of 100
  Number of query rows: 8 out of 50000
  Number of SOSL queries: 0 out of 20
  Number of DML statements: 0 out of 150
  Number of DML rows: 0 out of 10000
  Maximum CPU time: 0 out of 10000
  Maximum heap size: 0 out of 6000000
  Number of callouts: 0 out of 100
  Number of Email Invocations: 0 out of 10
  Number of future calls: 0 out of 50
  Number of queueable jobs added to the queue: 0 out of 50
  Number of Mobile Apex push calls: 0 out of 10

12:28:37.5 (5734839)|CUMULATIVE_LIMIT_USAGE_END

12:28:37.0 (5770603)|CODE_UNIT_FINISHED|BoatSearchController.getBoatTypes
12:28:37.0 (5851542)|CODE_UNIT_FINISHED|Aura
12:28:37.0 (7242220)|EXECUTION_FINISHED
