42.0 APEX_CODE,FINEST;APEX_PROFILING,INFO;CALLOUT,INFO;DB,INFO;SYSTEM,DEBUG;VALIDATION,INFO;VISUALFORCE,INFO;WAVE,INFO;WORKFLOW,INFO
07:33:34.0 (67699)|USER_INFO|[EXTERNAL]|005f4000001gayX|lrodriguez@curious-bear-277664.com|Pacific Standard Time|GMT-07:00
07:33:34.0 (105903)|EXECUTION_STARTED
07:33:34.0 (111187)|CODE_UNIT_STARTED|[EXTERNAL]|Aura
07:33:34.0 (1246629)|CODE_UNIT_STARTED|[EXTERNAL]|01pf400000CcJkp|BoatSearchController.getBoatTypes
07:33:34.0 (1400247)|HEAP_ALLOCATE|[72]|Bytes:3
07:33:34.0 (1446851)|HEAP_ALLOCATE|[77]|Bytes:152
07:33:34.0 (1461991)|HEAP_ALLOCATE|[342]|Bytes:408
07:33:34.0 (1474771)|HEAP_ALLOCATE|[355]|Bytes:408
07:33:34.0 (1486847)|HEAP_ALLOCATE|[467]|Bytes:48
07:33:34.0 (1512672)|HEAP_ALLOCATE|[139]|Bytes:6
07:33:34.0 (1571042)|HEAP_ALLOCATE|[EXTERNAL]|Bytes:1
07:33:34.0 (1582577)|METHOD_ENTRY|[1]|01pf400000CcJkp|BoatSearchController.BoatSearchController()
07:33:34.0 (1589081)|STATEMENT_EXECUTE|[1]
07:33:34.0 (1594371)|STATEMENT_EXECUTE|[1]
07:33:34.0 (1624047)|HEAP_ALLOCATE|[50]|Bytes:5
07:33:34.0 (1647392)|HEAP_ALLOCATE|[56]|Bytes:5
07:33:34.0 (1654864)|HEAP_ALLOCATE|[64]|Bytes:7
07:33:34.0 (1677528)|SYSTEM_MODE_ENTER|false
07:33:34.0 (1694459)|HEAP_ALLOCATE|[EXTERNAL]|Bytes:5
07:33:34.0 (1702745)|SYSTEM_MODE_EXIT|false
07:33:34.0 (1711968)|METHOD_EXIT|[1]|BoatSearchController
07:33:34.0 (1727414)|SYSTEM_MODE_ENTER|false
07:33:34.0 (1741302)|HEAP_ALLOCATE|[4]|Bytes:5
07:33:34.0 (1745448)|STATEMENT_EXECUTE|[3]
07:33:34.0 (1747230)|STATEMENT_EXECUTE|[4]
07:33:34.0 (1750570)|HEAP_ALLOCATE|[4]|Bytes:32
07:33:34.0 (1771297)|HEAP_ALLOCATE|[4]|Bytes:4
07:33:34.0 (2052868)|SOQL_EXECUTE_BEGIN|[4]|Aggregations:0|SELECT Id, Name FROM BoatType__c
07:33:34.0 (4982788)|SOQL_EXECUTE_END|[4]|Rows:8
07:33:34.0 (5005140)|HEAP_ALLOCATE|[4]|Bytes:36
07:33:34.0 (5034164)|HEAP_ALLOCATE|[4]|Bytes:375
07:33:34.0 (5133379)|HEAP_ALLOCATE|[4]|Bytes:36
07:33:34.0 (5148342)|SYSTEM_MODE_EXIT|false
07:33:34.5 (5170301)|CUMULATIVE_LIMIT_USAGE
07:33:34.5 (5170301)|LIMIT_USAGE_FOR_NS|(default)|
  Number of SOQL queries: 1 out of 100
  Number of query rows: 8 out of 50000
  Number of SOSL queries: 0 out of 20
  Number of DML statements: 0 out of 150
  Number of DML rows: 0 out of 10000
  Maximum CPU time: 0 out of 10000
  Maximum heap size: 0 out of 6000000
  Number of callouts: 0 out of 100
  Number of Email Invocations: 0 out of 10
  Number of future calls: 0 out of 50
  Number of queueable jobs added to the queue: 0 out of 50
  Number of Mobile Apex push calls: 0 out of 10

07:33:34.5 (5170301)|CUMULATIVE_LIMIT_USAGE_END

07:33:34.0 (5197636)|CODE_UNIT_FINISHED|BoatSearchController.getBoatTypes
07:33:34.0 (5276507)|CODE_UNIT_FINISHED|Aura
07:33:34.0 (6439072)|EXECUTION_FINISHED
