42.0 APEX_CODE,FINEST;APEX_PROFILING,INFO;CALLOUT,INFO;DB,INFO;SYSTEM,DEBUG;VALIDATION,INFO;VISUALFORCE,INFO;WAVE,INFO;WORKFLOW,INFO
12:37:37.0 (58546)|USER_INFO|[EXTERNAL]|005f4000001gayX|lrodriguez@curious-bear-277664.com|Pacific Standard Time|GMT-07:00
12:37:37.0 (85472)|EXECUTION_STARTED
12:37:37.0 (90048)|CODE_UNIT_STARTED|[EXTERNAL]|Aura
12:37:37.0 (760819)|HEAP_ALLOCATE|[72]|Bytes:3
12:37:37.0 (794054)|HEAP_ALLOCATE|[77]|Bytes:152
12:37:37.0 (808536)|HEAP_ALLOCATE|[342]|Bytes:408
12:37:37.0 (820436)|HEAP_ALLOCATE|[355]|Bytes:408
12:37:37.0 (830998)|HEAP_ALLOCATE|[467]|Bytes:48
12:37:37.0 (853992)|HEAP_ALLOCATE|[139]|Bytes:6
12:37:37.0 (1667975)|CODE_UNIT_STARTED|[EXTERNAL]|01pf400000CcM2l|BoatSearchResults.getBoats
12:37:37.0 (1750513)|HEAP_ALLOCATE|[EXTERNAL]|Bytes:1
12:37:37.0 (1761682)|METHOD_ENTRY|[1]|01pf400000CcM2l|BoatSearchResults.BoatSearchResults()
12:37:37.0 (1768251)|STATEMENT_EXECUTE|[1]
12:37:37.0 (1773164)|STATEMENT_EXECUTE|[1]
12:37:37.0 (1804272)|HEAP_ALLOCATE|[50]|Bytes:5
12:37:37.0 (1829531)|HEAP_ALLOCATE|[56]|Bytes:5
12:37:37.0 (1836651)|HEAP_ALLOCATE|[64]|Bytes:7
12:37:37.0 (1858439)|SYSTEM_MODE_ENTER|false
12:37:37.0 (1871484)|HEAP_ALLOCATE|[EXTERNAL]|Bytes:5
12:37:37.0 (1878937)|SYSTEM_MODE_EXIT|false
12:37:37.0 (1887766)|METHOD_EXIT|[1]|BoatSearchResults
12:37:37.0 (1898395)|SYSTEM_MODE_ENTER|false
12:37:37.0 (1904923)|VARIABLE_SCOPE_BEGIN|[3]|boatTypeId|String|false|false
12:37:37.0 (1924778)|VARIABLE_ASSIGNMENT|[3]|boatTypeId|""
12:37:37.0 (1939058)|HEAP_ALLOCATE|[4]|Bytes:5
12:37:37.0 (1943399)|STATEMENT_EXECUTE|[3]
12:37:37.0 (1945270)|STATEMENT_EXECUTE|[4]
12:37:37.0 (2014685)|HEAP_ALLOCATE|[4]|Bytes:4
12:37:37.0 (2083972)|VARIABLE_SCOPE_BEGIN|[4]|boats|List<Boat__c>|true|false
12:37:37.0 (2096112)|HEAP_ALLOCATE|[EXTERNAL]|Bytes:4
12:37:37.0 (2107496)|VARIABLE_ASSIGNMENT|[4]|boats|[]|0x34fbfd4d
12:37:37.0 (2113129)|STATEMENT_EXECUTE|[5]
12:37:37.0 (2116363)|HEAP_ALLOCATE|[5]|Bytes:57
12:37:37.0 (2121576)|VARIABLE_SCOPE_BEGIN|[5]|query|String|false|false
12:37:37.0 (2132506)|VARIABLE_ASSIGNMENT|[5]|query|"SELECT Id, Name, Con (37 more) ..."
12:37:37.0 (2157049)|STATEMENT_EXECUTE|[6]
12:37:37.0 (2158694)|STATEMENT_EXECUTE|[7]
12:37:37.0 (2709891)|SOQL_EXECUTE_BEGIN|[7]|Aggregations:0|SELECT Id, Name, Contact__r.Name, Picture__c FROM Boat__c
12:37:37.0 (7073786)|SOQL_EXECUTE_END|[7]|Rows:10
12:37:37.0 (7101811)|HEAP_ALLOCATE|[7]|Bytes:44
12:37:37.0 (7148480)|HEAP_ALLOCATE|[7]|Bytes:1923
12:37:37.0 (7195380)|HEAP_ALLOCATE|[7]|Bytes:44
12:37:37.0 (7228394)|VARIABLE_ASSIGNMENT|[7]|boats|"List of size 10 too large to display"|0x28a57c13
12:37:37.0 (7236359)|STATEMENT_EXECUTE|[11]
12:37:37.0 (7248137)|SYSTEM_MODE_EXIT|false
12:37:37.7 (7271702)|CUMULATIVE_LIMIT_USAGE
12:37:37.7 (7271702)|LIMIT_USAGE_FOR_NS|(default)|
  Number of SOQL queries: 1 out of 100
  Number of query rows: 10 out of 50000
  Number of SOSL queries: 0 out of 20
  Number of DML statements: 0 out of 150
  Number of DML rows: 0 out of 10000
  Maximum CPU time: 0 out of 10000
  Maximum heap size: 0 out of 6000000
  Number of callouts: 0 out of 100
  Number of Email Invocations: 0 out of 10
  Number of future calls: 0 out of 50
  Number of queueable jobs added to the queue: 0 out of 50
  Number of Mobile Apex push calls: 0 out of 10

12:37:37.7 (7271702)|CUMULATIVE_LIMIT_USAGE_END

12:37:37.0 (7302639)|CODE_UNIT_FINISHED|BoatSearchResults.getBoats
12:37:37.0 (7425161)|CODE_UNIT_FINISHED|Aura
12:37:37.0 (8522557)|EXECUTION_FINISHED
