42.0 APEX_CODE,FINEST;APEX_PROFILING,INFO;CALLOUT,INFO;DB,INFO;SYSTEM,DEBUG;VALIDATION,INFO;VISUALFORCE,INFO;WAVE,INFO;WORKFLOW,INFO
07:34:58.0 (82559)|USER_INFO|[EXTERNAL]|005f4000001gayX|lrodriguez@curious-bear-277664.com|Pacific Standard Time|GMT-07:00
07:34:58.0 (122507)|EXECUTION_STARTED
07:34:58.0 (128255)|CODE_UNIT_STARTED|[EXTERNAL]|Aura
07:34:58.0 (1405341)|CODE_UNIT_STARTED|[EXTERNAL]|01pf400000CcJkp|BoatSearchController.getBoatTypes
07:34:58.0 (1571151)|HEAP_ALLOCATE|[72]|Bytes:3
07:34:58.0 (1618117)|HEAP_ALLOCATE|[77]|Bytes:152
07:34:58.0 (1633535)|HEAP_ALLOCATE|[342]|Bytes:408
07:34:58.0 (1646332)|HEAP_ALLOCATE|[355]|Bytes:408
07:34:58.0 (1661587)|HEAP_ALLOCATE|[467]|Bytes:48
07:34:58.0 (1688963)|HEAP_ALLOCATE|[139]|Bytes:6
07:34:58.0 (1754742)|HEAP_ALLOCATE|[EXTERNAL]|Bytes:1
07:34:58.0 (1765573)|METHOD_ENTRY|[1]|01pf400000CcJkp|BoatSearchController.BoatSearchController()
07:34:58.0 (1772005)|STATEMENT_EXECUTE|[1]
07:34:58.0 (1776812)|STATEMENT_EXECUTE|[1]
07:34:58.0 (1806574)|HEAP_ALLOCATE|[50]|Bytes:5
07:34:58.0 (1833866)|HEAP_ALLOCATE|[56]|Bytes:5
07:34:58.0 (1843058)|HEAP_ALLOCATE|[64]|Bytes:7
07:34:58.0 (1865640)|SYSTEM_MODE_ENTER|false
07:34:58.0 (1881584)|HEAP_ALLOCATE|[EXTERNAL]|Bytes:5
07:34:58.0 (1890035)|SYSTEM_MODE_EXIT|false
07:34:58.0 (1899017)|METHOD_EXIT|[1]|BoatSearchController
07:34:58.0 (1908742)|SYSTEM_MODE_ENTER|false
07:34:58.0 (1922248)|HEAP_ALLOCATE|[4]|Bytes:5
07:34:58.0 (1926025)|STATEMENT_EXECUTE|[3]
07:34:58.0 (1927953)|STATEMENT_EXECUTE|[4]
07:34:58.0 (1931188)|HEAP_ALLOCATE|[4]|Bytes:32
07:34:58.0 (1951192)|HEAP_ALLOCATE|[4]|Bytes:4
07:34:58.0 (2266061)|SOQL_EXECUTE_BEGIN|[4]|Aggregations:0|SELECT Id, Name FROM BoatType__c
07:34:58.0 (5388070)|SOQL_EXECUTE_END|[4]|Rows:8
07:34:58.0 (5410422)|HEAP_ALLOCATE|[4]|Bytes:36
07:34:58.0 (5441344)|HEAP_ALLOCATE|[4]|Bytes:375
07:34:58.0 (5546532)|HEAP_ALLOCATE|[4]|Bytes:36
07:34:58.0 (5562956)|SYSTEM_MODE_EXIT|false
07:34:58.5 (5588768)|CUMULATIVE_LIMIT_USAGE
07:34:58.5 (5588768)|LIMIT_USAGE_FOR_NS|(default)|
  Number of SOQL queries: 1 out of 100
  Number of query rows: 8 out of 50000
  Number of SOSL queries: 0 out of 20
  Number of DML statements: 0 out of 150
  Number of DML rows: 0 out of 10000
  Maximum CPU time: 0 out of 10000
  Maximum heap size: 0 out of 6000000
  Number of callouts: 0 out of 100
  Number of Email Invocations: 0 out of 10
  Number of future calls: 0 out of 50
  Number of queueable jobs added to the queue: 0 out of 50
  Number of Mobile Apex push calls: 0 out of 10

07:34:58.5 (5588768)|CUMULATIVE_LIMIT_USAGE_END

07:34:58.0 (5624686)|CODE_UNIT_FINISHED|BoatSearchController.getBoatTypes
07:34:58.0 (5721431)|CODE_UNIT_FINISHED|Aura
07:34:58.0 (6859922)|EXECUTION_FINISHED
