42.0 APEX_CODE,FINEST;APEX_PROFILING,INFO;CALLOUT,INFO;DB,INFO;SYSTEM,DEBUG;VALIDATION,INFO;VISUALFORCE,INFO;WAVE,INFO;WORKFLOW,INFO
12:19:17.0 (76030)|USER_INFO|[EXTERNAL]|005f4000001gayX|lrodriguez@curious-bear-277664.com|Pacific Standard Time|GMT-07:00
12:19:17.0 (118058)|EXECUTION_STARTED
12:19:17.0 (124321)|CODE_UNIT_STARTED|[EXTERNAL]|Aura
12:19:17.0 (1324056)|CODE_UNIT_STARTED|[EXTERNAL]|01pf400000CcJkp|BoatSearchController.getBoatTypes
12:19:17.0 (1527867)|HEAP_ALLOCATE|[72]|Bytes:3
12:19:17.0 (1578384)|HEAP_ALLOCATE|[77]|Bytes:152
12:19:17.0 (1599591)|HEAP_ALLOCATE|[342]|Bytes:408
12:19:17.0 (1619810)|HEAP_ALLOCATE|[355]|Bytes:408
12:19:17.0 (1638254)|HEAP_ALLOCATE|[467]|Bytes:48
12:19:17.0 (1681098)|HEAP_ALLOCATE|[139]|Bytes:6
12:19:17.0 (1763454)|HEAP_ALLOCATE|[EXTERNAL]|Bytes:1
12:19:17.0 (1778078)|METHOD_ENTRY|[1]|01pf400000CcJkp|BoatSearchController.BoatSearchController()
12:19:17.0 (1787177)|STATEMENT_EXECUTE|[1]
12:19:17.0 (1794551)|STATEMENT_EXECUTE|[1]
12:19:17.0 (1832512)|HEAP_ALLOCATE|[50]|Bytes:5
12:19:17.0 (1861411)|HEAP_ALLOCATE|[56]|Bytes:5
12:19:17.0 (1871437)|HEAP_ALLOCATE|[64]|Bytes:7
12:19:17.0 (1903062)|SYSTEM_MODE_ENTER|false
12:19:17.0 (1921709)|HEAP_ALLOCATE|[EXTERNAL]|Bytes:5
12:19:17.0 (1933216)|SYSTEM_MODE_EXIT|false
12:19:17.0 (1946537)|METHOD_EXIT|[1]|BoatSearchController
12:19:17.0 (1963579)|SYSTEM_MODE_ENTER|false
12:19:17.0 (1989560)|HEAP_ALLOCATE|[4]|Bytes:5
12:19:17.0 (2000214)|STATEMENT_EXECUTE|[3]
12:19:17.0 (2004987)|STATEMENT_EXECUTE|[4]
12:19:17.0 (2008583)|HEAP_ALLOCATE|[4]|Bytes:32
12:19:17.0 (2046200)|HEAP_ALLOCATE|[4]|Bytes:4
12:19:17.0 (2367487)|SOQL_EXECUTE_BEGIN|[4]|Aggregations:0|SELECT Id, Name FROM BoatType__c
12:19:17.0 (4265303)|SOQL_EXECUTE_END|[4]|Rows:8
12:19:17.0 (4290013)|HEAP_ALLOCATE|[4]|Bytes:36
12:19:17.0 (4316424)|HEAP_ALLOCATE|[4]|Bytes:375
12:19:17.0 (4406675)|HEAP_ALLOCATE|[4]|Bytes:36
12:19:17.0 (4423071)|SYSTEM_MODE_EXIT|false
12:19:17.4 (4443337)|CUMULATIVE_LIMIT_USAGE
12:19:17.4 (4443337)|LIMIT_USAGE_FOR_NS|(default)|
  Number of SOQL queries: 1 out of 100
  Number of query rows: 8 out of 50000
  Number of SOSL queries: 0 out of 20
  Number of DML statements: 0 out of 150
  Number of DML rows: 0 out of 10000
  Maximum CPU time: 0 out of 10000
  Maximum heap size: 0 out of 6000000
  Number of callouts: 0 out of 100
  Number of Email Invocations: 0 out of 10
  Number of future calls: 0 out of 50
  Number of queueable jobs added to the queue: 0 out of 50
  Number of Mobile Apex push calls: 0 out of 10

12:19:17.4 (4443337)|CUMULATIVE_LIMIT_USAGE_END

12:19:17.0 (4474004)|CODE_UNIT_FINISHED|BoatSearchController.getBoatTypes
12:19:17.0 (4552516)|CODE_UNIT_FINISHED|Aura
12:19:17.0 (5670856)|EXECUTION_FINISHED
12:19:17.31 (31803443)|USER_INFO|[EXTERNAL]|005f4000001gayX|lrodriguez@curious-bear-277664.com|Pacific Standard Time|GMT-07:00
12:19:17.31 (31824144)|EXECUTION_STARTED
12:19:17.31 (31828261)|CODE_UNIT_STARTED|[EXTERNAL]|Aura
12:19:17.31 (32993801)|CODE_UNIT_STARTED|[EXTERNAL]|01pf400000CcM2l|BoatSearchResults.getBoats
12:19:17.31 (33075742)|HEAP_ALLOCATE|[EXTERNAL]|Bytes:1
12:19:17.31 (33098212)|METHOD_ENTRY|[1]|01pf400000CcM2l|BoatSearchResults.BoatSearchResults()
12:19:17.31 (33105399)|STATEMENT_EXECUTE|[1]
12:19:17.31 (33112887)|STATEMENT_EXECUTE|[1]
12:19:17.31 (33128513)|SYSTEM_MODE_ENTER|false
12:19:17.31 (33138011)|HEAP_ALLOCATE|[EXTERNAL]|Bytes:5
12:19:17.31 (33148471)|SYSTEM_MODE_EXIT|false
12:19:17.31 (33159497)|METHOD_EXIT|[1]|BoatSearchResults
12:19:17.31 (33177264)|SYSTEM_MODE_ENTER|false
12:19:17.31 (33188756)|VARIABLE_SCOPE_BEGIN|[3]|boatTypeId|String|false|false
12:19:17.31 (33210745)|VARIABLE_ASSIGNMENT|[3]|boatTypeId|""
12:19:17.31 (33226709)|HEAP_ALLOCATE|[4]|Bytes:5
12:19:17.31 (33231875)|STATEMENT_EXECUTE|[3]
12:19:17.31 (33233676)|STATEMENT_EXECUTE|[4]
12:19:17.31 (33275996)|HEAP_ALLOCATE|[4]|Bytes:4
12:19:17.31 (33347981)|VARIABLE_SCOPE_BEGIN|[4]|boats|List<Boat__c>|true|false
12:19:17.31 (33359080)|HEAP_ALLOCATE|[EXTERNAL]|Bytes:4
12:19:17.31 (33374957)|VARIABLE_ASSIGNMENT|[4]|boats|[]|0x56c0d748
12:19:17.31 (33381179)|STATEMENT_EXECUTE|[5]
12:19:17.31 (33384848)|HEAP_ALLOCATE|[5]|Bytes:57
12:19:17.31 (33390267)|VARIABLE_SCOPE_BEGIN|[5]|query|String|false|false
12:19:17.31 (33402510)|VARIABLE_ASSIGNMENT|[5]|query|"SELECT Id, Name, Con (37 more) ..."
12:19:17.31 (33428909)|STATEMENT_EXECUTE|[6]
12:19:17.31 (33430607)|STATEMENT_EXECUTE|[7]
12:19:17.31 (33906056)|SOQL_EXECUTE_BEGIN|[7]|Aggregations:0|SELECT Id, Name, Contact__r.Name, Picture__c FROM Boat__c
12:19:17.31 (38036370)|SOQL_EXECUTE_END|[7]|Rows:10
12:19:17.31 (38065620)|HEAP_ALLOCATE|[7]|Bytes:44
12:19:17.31 (38128059)|HEAP_ALLOCATE|[7]|Bytes:1923
12:19:17.31 (38173228)|HEAP_ALLOCATE|[7]|Bytes:44
12:19:17.31 (38208204)|VARIABLE_ASSIGNMENT|[7]|boats|"List of size 10 too large to display"|0x7e5c6e77
12:19:17.31 (38222773)|STATEMENT_EXECUTE|[11]
12:19:17.31 (38233919)|SYSTEM_MODE_EXIT|false
12:19:17.38 (38260407)|CUMULATIVE_LIMIT_USAGE
12:19:17.38 (38260407)|LIMIT_USAGE_FOR_NS|(default)|
  Number of SOQL queries: 2 out of 100
  Number of query rows: 18 out of 50000
  Number of SOSL queries: 0 out of 20
  Number of DML statements: 0 out of 150
  Number of DML rows: 0 out of 10000
  Maximum CPU time: 0 out of 10000
  Maximum heap size: 0 out of 6000000
  Number of callouts: 0 out of 100
  Number of Email Invocations: 0 out of 10
  Number of future calls: 0 out of 50
  Number of queueable jobs added to the queue: 0 out of 50
  Number of Mobile Apex push calls: 0 out of 10

12:19:17.38 (38260407)|CUMULATIVE_LIMIT_USAGE_END

12:19:17.31 (38297923)|CODE_UNIT_FINISHED|BoatSearchResults.getBoats
12:19:17.31 (38489008)|CODE_UNIT_FINISHED|Aura
12:19:17.31 (39725219)|EXECUTION_FINISHED
