42.0 APEX_CODE,FINEST;APEX_PROFILING,INFO;CALLOUT,INFO;DB,INFO;SYSTEM,DEBUG;VALIDATION,INFO;VISUALFORCE,INFO;WAVE,INFO;WORKFLOW,INFO
07:45:38.0 (391200)|USER_INFO|[EXTERNAL]|005f4000001gayX|lrodriguez@curious-bear-277664.com|Pacific Standard Time|GMT-07:00
07:45:38.0 (429935)|EXECUTION_STARTED
07:45:38.0 (434491)|CODE_UNIT_STARTED|[EXTERNAL]|Aura
07:45:38.0 (2206902)|CODE_UNIT_STARTED|[EXTERNAL]|01pf400000CcJkp|BoatSearchController.getBoatTypes
07:45:38.0 (2410759)|HEAP_ALLOCATE|[72]|Bytes:3
07:45:38.0 (2490223)|HEAP_ALLOCATE|[77]|Bytes:152
07:45:38.0 (2516908)|HEAP_ALLOCATE|[342]|Bytes:408
07:45:38.0 (2538445)|HEAP_ALLOCATE|[355]|Bytes:408
07:45:38.0 (2559831)|HEAP_ALLOCATE|[467]|Bytes:48
07:45:38.0 (2595334)|HEAP_ALLOCATE|[139]|Bytes:6
07:45:38.0 (2674533)|HEAP_ALLOCATE|[EXTERNAL]|Bytes:1
07:45:38.0 (2732627)|METHOD_ENTRY|[1]|01pf400000CcJkp|BoatSearchController.BoatSearchController()
07:45:38.0 (2742100)|STATEMENT_EXECUTE|[1]
07:45:38.0 (2749040)|STATEMENT_EXECUTE|[1]
07:45:38.0 (2790688)|HEAP_ALLOCATE|[50]|Bytes:5
07:45:38.0 (2820249)|HEAP_ALLOCATE|[56]|Bytes:5
07:45:38.0 (2830790)|HEAP_ALLOCATE|[64]|Bytes:7
07:45:38.0 (2861362)|SYSTEM_MODE_ENTER|false
07:45:38.0 (2881552)|HEAP_ALLOCATE|[EXTERNAL]|Bytes:5
07:45:38.0 (2891510)|SYSTEM_MODE_EXIT|false
07:45:38.0 (2920681)|METHOD_EXIT|[1]|BoatSearchController
07:45:38.0 (2937034)|SYSTEM_MODE_ENTER|false
07:45:38.0 (2955516)|HEAP_ALLOCATE|[4]|Bytes:5
07:45:38.0 (2961520)|STATEMENT_EXECUTE|[3]
07:45:38.0 (2964266)|STATEMENT_EXECUTE|[4]
07:45:38.0 (2968614)|HEAP_ALLOCATE|[4]|Bytes:32
07:45:38.0 (2994768)|HEAP_ALLOCATE|[4]|Bytes:4
07:45:38.0 (3858959)|SOQL_EXECUTE_BEGIN|[4]|Aggregations:0|SELECT Id, Name FROM BoatType__c
07:45:38.0 (7465572)|SOQL_EXECUTE_END|[4]|Rows:8
07:45:38.0 (7491220)|HEAP_ALLOCATE|[4]|Bytes:36
07:45:38.0 (7526269)|HEAP_ALLOCATE|[4]|Bytes:375
07:45:38.0 (7607960)|HEAP_ALLOCATE|[4]|Bytes:36
07:45:38.0 (7627551)|SYSTEM_MODE_EXIT|false
07:45:38.7 (7650583)|CUMULATIVE_LIMIT_USAGE
07:45:38.7 (7650583)|LIMIT_USAGE_FOR_NS|(default)|
  Number of SOQL queries: 1 out of 100
  Number of query rows: 8 out of 50000
  Number of SOSL queries: 0 out of 20
  Number of DML statements: 0 out of 150
  Number of DML rows: 0 out of 10000
  Maximum CPU time: 0 out of 10000
  Maximum heap size: 0 out of 6000000
  Number of callouts: 0 out of 100
  Number of Email Invocations: 0 out of 10
  Number of future calls: 0 out of 50
  Number of queueable jobs added to the queue: 0 out of 50
  Number of Mobile Apex push calls: 0 out of 10

07:45:38.7 (7650583)|CUMULATIVE_LIMIT_USAGE_END

07:45:38.0 (7681704)|CODE_UNIT_FINISHED|BoatSearchController.getBoatTypes
07:45:38.0 (7773490)|CODE_UNIT_FINISHED|Aura
07:45:38.0 (8901436)|EXECUTION_FINISHED
