42.0 APEX_CODE,FINEST;APEX_PROFILING,INFO;CALLOUT,INFO;DB,INFO;SYSTEM,DEBUG;VALIDATION,INFO;VISUALFORCE,INFO;WAVE,INFO;WORKFLOW,INFO
07:30:44.0 (83999)|USER_INFO|[EXTERNAL]|005f4000001gayX|lrodriguez@curious-bear-277664.com|Pacific Standard Time|GMT-07:00
07:30:44.0 (129192)|EXECUTION_STARTED
07:30:44.0 (135821)|CODE_UNIT_STARTED|[EXTERNAL]|Aura
07:30:44.0 (1252060)|CODE_UNIT_STARTED|[EXTERNAL]|01pf400000CcJkp|BoatSearchController.getBoatTypes
07:30:44.0 (1395928)|HEAP_ALLOCATE|[72]|Bytes:3
07:30:44.0 (1433263)|HEAP_ALLOCATE|[77]|Bytes:152
07:30:44.0 (1448344)|HEAP_ALLOCATE|[342]|Bytes:408
07:30:44.0 (1461021)|HEAP_ALLOCATE|[355]|Bytes:408
07:30:44.0 (1473510)|HEAP_ALLOCATE|[467]|Bytes:48
07:30:44.0 (1499620)|HEAP_ALLOCATE|[139]|Bytes:6
07:30:44.0 (1563078)|HEAP_ALLOCATE|[EXTERNAL]|Bytes:1
07:30:44.0 (1574101)|METHOD_ENTRY|[1]|01pf400000CcJkp|BoatSearchController.BoatSearchController()
07:30:44.0 (1580432)|STATEMENT_EXECUTE|[1]
07:30:44.0 (1585159)|STATEMENT_EXECUTE|[1]
07:30:44.0 (1613479)|HEAP_ALLOCATE|[50]|Bytes:5
07:30:44.0 (1634772)|HEAP_ALLOCATE|[56]|Bytes:5
07:30:44.0 (1643284)|HEAP_ALLOCATE|[64]|Bytes:7
07:30:44.0 (1664897)|SYSTEM_MODE_ENTER|false
07:30:44.0 (1677176)|HEAP_ALLOCATE|[EXTERNAL]|Bytes:5
07:30:44.0 (1684012)|SYSTEM_MODE_EXIT|false
07:30:44.0 (1692524)|METHOD_EXIT|[1]|BoatSearchController
07:30:44.0 (1702433)|SYSTEM_MODE_ENTER|false
07:30:44.0 (1714212)|HEAP_ALLOCATE|[4]|Bytes:5
07:30:44.0 (1718149)|STATEMENT_EXECUTE|[3]
07:30:44.0 (1720076)|STATEMENT_EXECUTE|[4]
07:30:44.0 (1723605)|HEAP_ALLOCATE|[4]|Bytes:32
07:30:44.0 (1737902)|HEAP_ALLOCATE|[4]|Bytes:4
07:30:44.0 (1974253)|SOQL_EXECUTE_BEGIN|[4]|Aggregations:0|SELECT Id, Name FROM BoatType__c
07:30:44.0 (4807078)|SOQL_EXECUTE_END|[4]|Rows:0
07:30:44.0 (4829110)|HEAP_ALLOCATE|[4]|Bytes:4
07:30:44.0 (4839377)|HEAP_ALLOCATE|[4]|Bytes:0
07:30:44.0 (4914903)|HEAP_ALLOCATE|[4]|Bytes:4
07:30:44.0 (4929381)|SYSTEM_MODE_EXIT|false
07:30:44.4 (4950563)|CUMULATIVE_LIMIT_USAGE
07:30:44.4 (4950563)|LIMIT_USAGE_FOR_NS|(default)|
  Number of SOQL queries: 1 out of 100
  Number of query rows: 0 out of 50000
  Number of SOSL queries: 0 out of 20
  Number of DML statements: 0 out of 150
  Number of DML rows: 0 out of 10000
  Maximum CPU time: 0 out of 10000
  Maximum heap size: 0 out of 6000000
  Number of callouts: 0 out of 100
  Number of Email Invocations: 0 out of 10
  Number of future calls: 0 out of 50
  Number of queueable jobs added to the queue: 0 out of 50
  Number of Mobile Apex push calls: 0 out of 10

07:30:44.4 (4950563)|CUMULATIVE_LIMIT_USAGE_END

07:30:44.0 (4979169)|CODE_UNIT_FINISHED|BoatSearchController.getBoatTypes
07:30:44.0 (5037488)|CODE_UNIT_FINISHED|Aura
07:30:44.0 (6151385)|EXECUTION_FINISHED
