42.0 APEX_CODE,FINEST;APEX_PROFILING,INFO;CALLOUT,INFO;DB,INFO;SYSTEM,DEBUG;VALIDATION,INFO;VISUALFORCE,INFO;WAVE,INFO;WORKFLOW,INFO
12:29:07.0 (86978)|USER_INFO|[EXTERNAL]|005f4000001gayX|lrodriguez@curious-bear-277664.com|Pacific Standard Time|GMT-07:00
12:29:07.0 (117232)|EXECUTION_STARTED
12:29:07.0 (121589)|CODE_UNIT_STARTED|[EXTERNAL]|Aura
12:29:07.0 (1355783)|CODE_UNIT_STARTED|[EXTERNAL]|01pf400000CcJkp|BoatSearchController.getBoatTypes
12:29:07.0 (1510995)|HEAP_ALLOCATE|[72]|Bytes:3
12:29:07.0 (1550312)|HEAP_ALLOCATE|[77]|Bytes:152
12:29:07.0 (1564929)|HEAP_ALLOCATE|[342]|Bytes:408
12:29:07.0 (1576126)|HEAP_ALLOCATE|[355]|Bytes:408
12:29:07.0 (1586635)|HEAP_ALLOCATE|[467]|Bytes:48
12:29:07.0 (1613870)|HEAP_ALLOCATE|[139]|Bytes:6
12:29:07.0 (1668460)|HEAP_ALLOCATE|[EXTERNAL]|Bytes:1
12:29:07.0 (1679425)|METHOD_ENTRY|[1]|01pf400000CcJkp|BoatSearchController.BoatSearchController()
12:29:07.0 (1685929)|STATEMENT_EXECUTE|[1]
12:29:07.0 (1691149)|STATEMENT_EXECUTE|[1]
12:29:07.0 (1735282)|HEAP_ALLOCATE|[50]|Bytes:5
12:29:07.0 (1759501)|HEAP_ALLOCATE|[56]|Bytes:5
12:29:07.0 (1765915)|HEAP_ALLOCATE|[64]|Bytes:7
12:29:07.0 (1789145)|SYSTEM_MODE_ENTER|false
12:29:07.0 (1803439)|HEAP_ALLOCATE|[EXTERNAL]|Bytes:5
12:29:07.0 (1811800)|SYSTEM_MODE_EXIT|false
12:29:07.0 (1820657)|METHOD_EXIT|[1]|BoatSearchController
12:29:07.0 (1831740)|SYSTEM_MODE_ENTER|false
12:29:07.0 (1844488)|HEAP_ALLOCATE|[4]|Bytes:5
12:29:07.0 (1848669)|STATEMENT_EXECUTE|[3]
12:29:07.0 (1850239)|STATEMENT_EXECUTE|[4]
12:29:07.0 (1852554)|HEAP_ALLOCATE|[4]|Bytes:32
12:29:07.0 (1872559)|HEAP_ALLOCATE|[4]|Bytes:4
12:29:07.0 (2110665)|SOQL_EXECUTE_BEGIN|[4]|Aggregations:0|SELECT Id, Name FROM BoatType__c
12:29:07.0 (3844296)|SOQL_EXECUTE_END|[4]|Rows:8
12:29:07.0 (3867239)|HEAP_ALLOCATE|[4]|Bytes:36
12:29:07.0 (3893310)|HEAP_ALLOCATE|[4]|Bytes:375
12:29:07.0 (3988092)|HEAP_ALLOCATE|[4]|Bytes:36
12:29:07.0 (4007409)|SYSTEM_MODE_EXIT|false
12:29:07.4 (4030625)|CUMULATIVE_LIMIT_USAGE
12:29:07.4 (4030625)|LIMIT_USAGE_FOR_NS|(default)|
  Number of SOQL queries: 1 out of 100
  Number of query rows: 8 out of 50000
  Number of SOSL queries: 0 out of 20
  Number of DML statements: 0 out of 150
  Number of DML rows: 0 out of 10000
  Maximum CPU time: 0 out of 10000
  Maximum heap size: 0 out of 6000000
  Number of callouts: 0 out of 100
  Number of Email Invocations: 0 out of 10
  Number of future calls: 0 out of 50
  Number of queueable jobs added to the queue: 0 out of 50
  Number of Mobile Apex push calls: 0 out of 10

12:29:07.4 (4030625)|CUMULATIVE_LIMIT_USAGE_END

12:29:07.0 (4058769)|CODE_UNIT_FINISHED|BoatSearchController.getBoatTypes
12:29:07.0 (4133735)|CODE_UNIT_FINISHED|Aura
12:29:07.0 (5365669)|EXECUTION_FINISHED
12:29:07.7 (7226967)|USER_INFO|[EXTERNAL]|005f4000001gayX|lrodriguez@curious-bear-277664.com|Pacific Standard Time|GMT-07:00
12:29:07.7 (7240678)|EXECUTION_STARTED
12:29:07.7 (7243640)|CODE_UNIT_STARTED|[EXTERNAL]|Aura
12:29:07.7 (8355371)|CODE_UNIT_STARTED|[EXTERNAL]|01pf400000CcM2l|BoatSearchResults.getBoats
12:29:07.7 (8397617)|HEAP_ALLOCATE|[EXTERNAL]|Bytes:1
12:29:07.7 (8411314)|METHOD_ENTRY|[1]|01pf400000CcM2l|BoatSearchResults.BoatSearchResults()
12:29:07.7 (8416624)|STATEMENT_EXECUTE|[1]
12:29:07.7 (8420339)|STATEMENT_EXECUTE|[1]
12:29:07.7 (8431716)|SYSTEM_MODE_ENTER|false
12:29:07.7 (8438817)|HEAP_ALLOCATE|[EXTERNAL]|Bytes:5
12:29:07.7 (8445143)|SYSTEM_MODE_EXIT|false
12:29:07.7 (8452779)|METHOD_EXIT|[1]|BoatSearchResults
12:29:07.7 (8463534)|SYSTEM_MODE_ENTER|false
12:29:07.7 (8469810)|VARIABLE_SCOPE_BEGIN|[3]|boatTypeId|String|false|false
12:29:07.7 (8488671)|VARIABLE_ASSIGNMENT|[3]|boatTypeId|""
12:29:07.7 (8500532)|HEAP_ALLOCATE|[4]|Bytes:5
12:29:07.7 (8505195)|STATEMENT_EXECUTE|[3]
12:29:07.7 (8506773)|STATEMENT_EXECUTE|[4]
12:29:07.7 (8561725)|HEAP_ALLOCATE|[4]|Bytes:4
12:29:07.7 (8621780)|VARIABLE_SCOPE_BEGIN|[4]|boats|List<Boat__c>|true|false
12:29:07.7 (8632513)|HEAP_ALLOCATE|[EXTERNAL]|Bytes:4
12:29:07.7 (8643773)|VARIABLE_ASSIGNMENT|[4]|boats|[]|0x5aed2ad0
12:29:07.7 (8649055)|STATEMENT_EXECUTE|[5]
12:29:07.7 (8652462)|HEAP_ALLOCATE|[5]|Bytes:57
12:29:07.7 (8656978)|VARIABLE_SCOPE_BEGIN|[5]|query|String|false|false
12:29:07.7 (8667708)|VARIABLE_ASSIGNMENT|[5]|query|"SELECT Id, Name, Con (37 more) ..."
12:29:07.7 (8712059)|STATEMENT_EXECUTE|[6]
12:29:07.7 (8715433)|STATEMENT_EXECUTE|[7]
12:29:07.7 (9244769)|SOQL_EXECUTE_BEGIN|[7]|Aggregations:0|SELECT Id, Name, Contact__r.Name, Picture__c FROM Boat__c
12:29:07.7 (12612989)|SOQL_EXECUTE_END|[7]|Rows:10
12:29:07.7 (12635772)|HEAP_ALLOCATE|[7]|Bytes:44
12:29:07.7 (12677599)|HEAP_ALLOCATE|[7]|Bytes:1923
12:29:07.7 (12711513)|HEAP_ALLOCATE|[7]|Bytes:44
12:29:07.7 (12735471)|VARIABLE_ASSIGNMENT|[7]|boats|"List of size 10 too large to display"|0x3b8470a
12:29:07.7 (12742628)|STATEMENT_EXECUTE|[11]
12:29:07.7 (12749963)|SYSTEM_MODE_EXIT|false
12:29:07.12 (12769701)|CUMULATIVE_LIMIT_USAGE
12:29:07.12 (12769701)|LIMIT_USAGE_FOR_NS|(default)|
  Number of SOQL queries: 2 out of 100
  Number of query rows: 18 out of 50000
  Number of SOSL queries: 0 out of 20
  Number of DML statements: 0 out of 150
  Number of DML rows: 0 out of 10000
  Maximum CPU time: 0 out of 10000
  Maximum heap size: 0 out of 6000000
  Number of callouts: 0 out of 100
  Number of Email Invocations: 0 out of 10
  Number of future calls: 0 out of 50
  Number of queueable jobs added to the queue: 0 out of 50
  Number of Mobile Apex push calls: 0 out of 10

12:29:07.12 (12769701)|CUMULATIVE_LIMIT_USAGE_END

12:29:07.7 (12792793)|CODE_UNIT_FINISHED|BoatSearchResults.getBoats
12:29:07.7 (12910165)|CODE_UNIT_FINISHED|Aura
12:29:07.7 (14085153)|EXECUTION_FINISHED
