42.0 APEX_CODE,FINEST;APEX_PROFILING,INFO;CALLOUT,INFO;DB,INFO;SYSTEM,DEBUG;VALIDATION,INFO;VISUALFORCE,INFO;WAVE,INFO;WORKFLOW,INFO
12:21:10.0 (69996)|USER_INFO|[EXTERNAL]|005f4000001gayX|lrodriguez@curious-bear-277664.com|Pacific Standard Time|GMT-07:00
12:21:10.0 (102880)|EXECUTION_STARTED
12:21:10.0 (106509)|CODE_UNIT_STARTED|[EXTERNAL]|Aura
12:21:10.0 (1243304)|CODE_UNIT_STARTED|[EXTERNAL]|01pf400000CcJkp|BoatSearchController.getBoatTypes
12:21:10.0 (1393472)|HEAP_ALLOCATE|[72]|Bytes:3
12:21:10.0 (1429782)|HEAP_ALLOCATE|[77]|Bytes:152
12:21:10.0 (1443899)|HEAP_ALLOCATE|[342]|Bytes:408
12:21:10.0 (1456998)|HEAP_ALLOCATE|[355]|Bytes:408
12:21:10.0 (1467592)|HEAP_ALLOCATE|[467]|Bytes:48
12:21:10.0 (1494363)|HEAP_ALLOCATE|[139]|Bytes:6
12:21:10.0 (1554217)|HEAP_ALLOCATE|[EXTERNAL]|Bytes:1
12:21:10.0 (1565156)|METHOD_ENTRY|[1]|01pf400000CcJkp|BoatSearchController.BoatSearchController()
12:21:10.0 (1573762)|STATEMENT_EXECUTE|[1]
12:21:10.0 (1578740)|STATEMENT_EXECUTE|[1]
12:21:10.0 (1610972)|HEAP_ALLOCATE|[50]|Bytes:5
12:21:10.0 (1632400)|HEAP_ALLOCATE|[56]|Bytes:5
12:21:10.0 (1639087)|HEAP_ALLOCATE|[64]|Bytes:7
12:21:10.0 (1660087)|SYSTEM_MODE_ENTER|false
12:21:10.0 (1676743)|HEAP_ALLOCATE|[EXTERNAL]|Bytes:5
12:21:10.0 (1690365)|SYSTEM_MODE_EXIT|false
12:21:10.0 (1703424)|METHOD_EXIT|[1]|BoatSearchController
12:21:10.0 (1721265)|SYSTEM_MODE_ENTER|false
12:21:10.0 (1740225)|HEAP_ALLOCATE|[4]|Bytes:5
12:21:10.0 (1744960)|STATEMENT_EXECUTE|[3]
12:21:10.0 (1746908)|STATEMENT_EXECUTE|[4]
12:21:10.0 (1749727)|HEAP_ALLOCATE|[4]|Bytes:32
12:21:10.0 (1768832)|HEAP_ALLOCATE|[4]|Bytes:4
12:21:10.0 (2059996)|SOQL_EXECUTE_BEGIN|[4]|Aggregations:0|SELECT Id, Name FROM BoatType__c
12:21:10.0 (4066888)|SOQL_EXECUTE_END|[4]|Rows:8
12:21:10.0 (4090513)|HEAP_ALLOCATE|[4]|Bytes:36
12:21:10.0 (4118690)|HEAP_ALLOCATE|[4]|Bytes:375
12:21:10.0 (4193899)|HEAP_ALLOCATE|[4]|Bytes:36
12:21:10.0 (4208926)|SYSTEM_MODE_EXIT|false
12:21:10.4 (4235168)|CUMULATIVE_LIMIT_USAGE
12:21:10.4 (4235168)|LIMIT_USAGE_FOR_NS|(default)|
  Number of SOQL queries: 1 out of 100
  Number of query rows: 8 out of 50000
  Number of SOSL queries: 0 out of 20
  Number of DML statements: 0 out of 150
  Number of DML rows: 0 out of 10000
  Maximum CPU time: 0 out of 10000
  Maximum heap size: 0 out of 6000000
  Number of callouts: 0 out of 100
  Number of Email Invocations: 0 out of 10
  Number of future calls: 0 out of 50
  Number of queueable jobs added to the queue: 0 out of 50
  Number of Mobile Apex push calls: 0 out of 10

12:21:10.4 (4235168)|CUMULATIVE_LIMIT_USAGE_END

12:21:10.0 (4264333)|CODE_UNIT_FINISHED|BoatSearchController.getBoatTypes
12:21:10.0 (4337327)|CODE_UNIT_FINISHED|Aura
12:21:10.0 (5441909)|EXECUTION_FINISHED
12:21:10.18 (18694760)|USER_INFO|[EXTERNAL]|005f4000001gayX|lrodriguez@curious-bear-277664.com|Pacific Standard Time|GMT-07:00
12:21:10.18 (18714392)|EXECUTION_STARTED
12:21:10.18 (18717988)|CODE_UNIT_STARTED|[EXTERNAL]|Aura
12:21:10.18 (19815687)|CODE_UNIT_STARTED|[EXTERNAL]|01pf400000CcM2l|BoatSearchResults.getBoats
12:21:10.18 (19869544)|HEAP_ALLOCATE|[EXTERNAL]|Bytes:1
12:21:10.18 (19888056)|METHOD_ENTRY|[1]|01pf400000CcM2l|BoatSearchResults.BoatSearchResults()
12:21:10.18 (19895023)|STATEMENT_EXECUTE|[1]
12:21:10.18 (19899740)|STATEMENT_EXECUTE|[1]
12:21:10.18 (19913126)|SYSTEM_MODE_ENTER|false
12:21:10.18 (19924601)|HEAP_ALLOCATE|[EXTERNAL]|Bytes:5
12:21:10.18 (19934245)|SYSTEM_MODE_EXIT|false
12:21:10.18 (19945749)|METHOD_EXIT|[1]|BoatSearchResults
12:21:10.18 (19955939)|SYSTEM_MODE_ENTER|false
12:21:10.18 (19962822)|VARIABLE_SCOPE_BEGIN|[3]|boatTypeId|String|false|false
12:21:10.18 (19984592)|VARIABLE_ASSIGNMENT|[3]|boatTypeId|""
12:21:10.18 (19999278)|HEAP_ALLOCATE|[4]|Bytes:5
12:21:10.18 (20003715)|STATEMENT_EXECUTE|[3]
12:21:10.18 (20005940)|STATEMENT_EXECUTE|[4]
12:21:10.18 (20061962)|HEAP_ALLOCATE|[4]|Bytes:4
12:21:10.18 (20136122)|VARIABLE_SCOPE_BEGIN|[4]|boats|List<Boat__c>|true|false
12:21:10.18 (20148518)|HEAP_ALLOCATE|[EXTERNAL]|Bytes:4
12:21:10.18 (20162331)|VARIABLE_ASSIGNMENT|[4]|boats|[]|0x338af90d
12:21:10.18 (20168247)|STATEMENT_EXECUTE|[5]
12:21:10.18 (20172224)|HEAP_ALLOCATE|[5]|Bytes:57
12:21:10.18 (20177983)|VARIABLE_SCOPE_BEGIN|[5]|query|String|false|false
12:21:10.18 (20190204)|VARIABLE_ASSIGNMENT|[5]|query|"SELECT Id, Name, Con (37 more) ..."
12:21:10.18 (20212815)|STATEMENT_EXECUTE|[6]
12:21:10.18 (20214446)|STATEMENT_EXECUTE|[7]
12:21:10.18 (20762957)|SOQL_EXECUTE_BEGIN|[7]|Aggregations:0|SELECT Id, Name, Contact__r.Name, Picture__c FROM Boat__c
12:21:10.18 (24702578)|SOQL_EXECUTE_END|[7]|Rows:10
12:21:10.18 (24732552)|HEAP_ALLOCATE|[7]|Bytes:44
12:21:10.18 (24780033)|HEAP_ALLOCATE|[7]|Bytes:1923
12:21:10.18 (24819238)|HEAP_ALLOCATE|[7]|Bytes:44
12:21:10.18 (24854070)|VARIABLE_ASSIGNMENT|[7]|boats|"List of size 10 too large to display"|0x44bef1b9
12:21:10.18 (24862216)|STATEMENT_EXECUTE|[11]
12:21:10.18 (24872488)|SYSTEM_MODE_EXIT|false
12:21:10.24 (24896632)|CUMULATIVE_LIMIT_USAGE
12:21:10.24 (24896632)|LIMIT_USAGE_FOR_NS|(default)|
  Number of SOQL queries: 2 out of 100
  Number of query rows: 18 out of 50000
  Number of SOSL queries: 0 out of 20
  Number of DML statements: 0 out of 150
  Number of DML rows: 0 out of 10000
  Maximum CPU time: 0 out of 10000
  Maximum heap size: 0 out of 6000000
  Number of callouts: 0 out of 100
  Number of Email Invocations: 0 out of 10
  Number of future calls: 0 out of 50
  Number of queueable jobs added to the queue: 0 out of 50
  Number of Mobile Apex push calls: 0 out of 10

12:21:10.24 (24896632)|CUMULATIVE_LIMIT_USAGE_END

12:21:10.18 (24924625)|CODE_UNIT_FINISHED|BoatSearchResults.getBoats
12:21:10.18 (25055950)|CODE_UNIT_FINISHED|Aura
12:21:10.18 (26183897)|EXECUTION_FINISHED
