42.0 APEX_CODE,FINEST;APEX_PROFILING,INFO;CALLOUT,INFO;DB,INFO;SYSTEM,DEBUG;VALIDATION,INFO;VISUALFORCE,INFO;WAVE,INFO;WORKFLOW,INFO
12:21:59.0 (72542)|USER_INFO|[EXTERNAL]|005f4000001gayX|lrodriguez@curious-bear-277664.com|Pacific Standard Time|GMT-07:00
12:21:59.0 (107145)|EXECUTION_STARTED
12:21:59.0 (111674)|CODE_UNIT_STARTED|[EXTERNAL]|Aura
12:21:59.0 (1865745)|CODE_UNIT_STARTED|[EXTERNAL]|01pf400000CcJkp|BoatSearchController.getBoatTypes
12:21:59.0 (2027766)|HEAP_ALLOCATE|[72]|Bytes:3
12:21:59.0 (2075439)|HEAP_ALLOCATE|[77]|Bytes:152
12:21:59.0 (2091205)|HEAP_ALLOCATE|[342]|Bytes:408
12:21:59.0 (2103337)|HEAP_ALLOCATE|[355]|Bytes:408
12:21:59.0 (2114489)|HEAP_ALLOCATE|[467]|Bytes:48
12:21:59.0 (2151767)|HEAP_ALLOCATE|[139]|Bytes:6
12:21:59.0 (2248441)|HEAP_ALLOCATE|[EXTERNAL]|Bytes:1
12:21:59.0 (2304831)|METHOD_ENTRY|[1]|01pf400000CcJkp|BoatSearchController.BoatSearchController()
12:21:59.0 (2316682)|STATEMENT_EXECUTE|[1]
12:21:59.0 (2324049)|STATEMENT_EXECUTE|[1]
12:21:59.0 (2363089)|HEAP_ALLOCATE|[50]|Bytes:5
12:21:59.0 (2395852)|HEAP_ALLOCATE|[56]|Bytes:5
12:21:59.0 (2409887)|HEAP_ALLOCATE|[64]|Bytes:7
12:21:59.0 (2446469)|SYSTEM_MODE_ENTER|false
12:21:59.0 (2462078)|HEAP_ALLOCATE|[EXTERNAL]|Bytes:5
12:21:59.0 (2474064)|SYSTEM_MODE_EXIT|false
12:21:59.0 (2509628)|METHOD_EXIT|[1]|BoatSearchController
12:21:59.0 (2544966)|SYSTEM_MODE_ENTER|false
12:21:59.0 (2567520)|HEAP_ALLOCATE|[4]|Bytes:5
12:21:59.0 (2575461)|STATEMENT_EXECUTE|[3]
12:21:59.0 (2577826)|STATEMENT_EXECUTE|[4]
12:21:59.0 (2581400)|HEAP_ALLOCATE|[4]|Bytes:32
12:21:59.0 (2602580)|HEAP_ALLOCATE|[4]|Bytes:4
12:21:59.0 (2949562)|SOQL_EXECUTE_BEGIN|[4]|Aggregations:0|SELECT Id, Name FROM BoatType__c
12:21:59.0 (5021784)|SOQL_EXECUTE_END|[4]|Rows:8
12:21:59.0 (5047781)|HEAP_ALLOCATE|[4]|Bytes:36
12:21:59.0 (5077623)|HEAP_ALLOCATE|[4]|Bytes:375
12:21:59.0 (5204605)|HEAP_ALLOCATE|[4]|Bytes:36
12:21:59.0 (5225430)|SYSTEM_MODE_EXIT|false
12:21:59.5 (5255527)|CUMULATIVE_LIMIT_USAGE
12:21:59.5 (5255527)|LIMIT_USAGE_FOR_NS|(default)|
  Number of SOQL queries: 1 out of 100
  Number of query rows: 8 out of 50000
  Number of SOSL queries: 0 out of 20
  Number of DML statements: 0 out of 150
  Number of DML rows: 0 out of 10000
  Maximum CPU time: 0 out of 10000
  Maximum heap size: 0 out of 6000000
  Number of callouts: 0 out of 100
  Number of Email Invocations: 0 out of 10
  Number of future calls: 0 out of 50
  Number of queueable jobs added to the queue: 0 out of 50
  Number of Mobile Apex push calls: 0 out of 10

12:21:59.5 (5255527)|CUMULATIVE_LIMIT_USAGE_END

12:21:59.0 (5290334)|CODE_UNIT_FINISHED|BoatSearchController.getBoatTypes
12:21:59.0 (5406695)|CODE_UNIT_FINISHED|Aura
12:21:59.0 (7215590)|EXECUTION_FINISHED
12:21:59.9 (9918923)|USER_INFO|[EXTERNAL]|005f4000001gayX|lrodriguez@curious-bear-277664.com|Pacific Standard Time|GMT-07:00
12:21:59.9 (9935934)|EXECUTION_STARTED
12:21:59.9 (9939723)|CODE_UNIT_STARTED|[EXTERNAL]|Aura
12:21:59.9 (11512751)|CODE_UNIT_STARTED|[EXTERNAL]|01pf400000CcM2l|BoatSearchResults.getBoats
12:21:59.9 (11575616)|HEAP_ALLOCATE|[EXTERNAL]|Bytes:1
12:21:59.9 (11591977)|METHOD_ENTRY|[1]|01pf400000CcM2l|BoatSearchResults.BoatSearchResults()
12:21:59.9 (11598839)|STATEMENT_EXECUTE|[1]
12:21:59.9 (11604236)|STATEMENT_EXECUTE|[1]
12:21:59.9 (11620102)|SYSTEM_MODE_ENTER|false
12:21:59.9 (11628882)|HEAP_ALLOCATE|[EXTERNAL]|Bytes:5
12:21:59.9 (11637419)|SYSTEM_MODE_EXIT|false
12:21:59.9 (11648119)|METHOD_EXIT|[1]|BoatSearchResults
12:21:59.9 (11659874)|SYSTEM_MODE_ENTER|false
12:21:59.9 (11667489)|VARIABLE_SCOPE_BEGIN|[3]|boatTypeId|String|false|false
12:21:59.9 (11688293)|VARIABLE_ASSIGNMENT|[3]|boatTypeId|""
12:21:59.9 (11703809)|HEAP_ALLOCATE|[4]|Bytes:5
12:21:59.9 (11709188)|STATEMENT_EXECUTE|[3]
12:21:59.9 (11710770)|STATEMENT_EXECUTE|[4]
12:21:59.9 (11775491)|HEAP_ALLOCATE|[4]|Bytes:4
12:21:59.9 (11942052)|VARIABLE_SCOPE_BEGIN|[4]|boats|List<Boat__c>|true|false
12:21:59.9 (11956191)|HEAP_ALLOCATE|[EXTERNAL]|Bytes:4
12:21:59.9 (11969866)|VARIABLE_ASSIGNMENT|[4]|boats|[]|0xa6650dd
12:21:59.9 (11976362)|STATEMENT_EXECUTE|[5]
12:21:59.9 (11980486)|HEAP_ALLOCATE|[5]|Bytes:57
12:21:59.9 (11986289)|VARIABLE_SCOPE_BEGIN|[5]|query|String|false|false
12:21:59.9 (11998975)|VARIABLE_ASSIGNMENT|[5]|query|"SELECT Id, Name, Con (37 more) ..."
12:21:59.9 (12022497)|STATEMENT_EXECUTE|[6]
12:21:59.9 (12025075)|STATEMENT_EXECUTE|[7]
12:21:59.9 (12752395)|SOQL_EXECUTE_BEGIN|[7]|Aggregations:0|SELECT Id, Name, Contact__r.Name, Picture__c FROM Boat__c
12:21:59.9 (16914725)|SOQL_EXECUTE_END|[7]|Rows:10
12:21:59.9 (16938912)|HEAP_ALLOCATE|[7]|Bytes:44
12:21:59.9 (16983698)|HEAP_ALLOCATE|[7]|Bytes:1923
12:21:59.9 (17018373)|HEAP_ALLOCATE|[7]|Bytes:44
12:21:59.9 (17081876)|VARIABLE_ASSIGNMENT|[7]|boats|"List of size 10 too large to display"|0x7d7fbbe7
12:21:59.9 (17091451)|STATEMENT_EXECUTE|[11]
12:21:59.9 (17103030)|SYSTEM_MODE_EXIT|false
12:21:59.17 (17123213)|CUMULATIVE_LIMIT_USAGE
12:21:59.17 (17123213)|LIMIT_USAGE_FOR_NS|(default)|
  Number of SOQL queries: 2 out of 100
  Number of query rows: 18 out of 50000
  Number of SOSL queries: 0 out of 20
  Number of DML statements: 0 out of 150
  Number of DML rows: 0 out of 10000
  Maximum CPU time: 0 out of 10000
  Maximum heap size: 0 out of 6000000
  Number of callouts: 0 out of 100
  Number of Email Invocations: 0 out of 10
  Number of future calls: 0 out of 50
  Number of queueable jobs added to the queue: 0 out of 50
  Number of Mobile Apex push calls: 0 out of 10

12:21:59.17 (17123213)|CUMULATIVE_LIMIT_USAGE_END

12:21:59.9 (17165332)|CODE_UNIT_FINISHED|BoatSearchResults.getBoats
12:21:59.9 (17415039)|CODE_UNIT_FINISHED|Aura
12:21:59.9 (18847832)|EXECUTION_FINISHED
