42.0 APEX_CODE,FINEST;APEX_PROFILING,INFO;CALLOUT,INFO;DB,INFO;SYSTEM,DEBUG;VALIDATION,INFO;VISUALFORCE,INFO;WAVE,INFO;WORKFLOW,INFO
11:44:41.0 (80974)|USER_INFO|[EXTERNAL]|005f4000001gayX|lrodriguez@curious-bear-277664.com|Pacific Standard Time|GMT-07:00
11:44:41.0 (122615)|EXECUTION_STARTED
11:44:41.0 (127806)|CODE_UNIT_STARTED|[EXTERNAL]|Aura
11:44:41.0 (1421266)|CODE_UNIT_STARTED|[EXTERNAL]|01pf400000CcJkp|BoatSearchController.getBoatTypes
11:44:41.0 (1787384)|HEAP_ALLOCATE|[72]|Bytes:3
11:44:41.0 (1830228)|HEAP_ALLOCATE|[77]|Bytes:152
11:44:41.0 (1850643)|HEAP_ALLOCATE|[342]|Bytes:408
11:44:41.0 (1871773)|HEAP_ALLOCATE|[355]|Bytes:408
11:44:41.0 (1890435)|HEAP_ALLOCATE|[467]|Bytes:48
11:44:41.0 (1926803)|HEAP_ALLOCATE|[139]|Bytes:6
11:44:41.0 (1947531)|HEAP_ALLOCATE|[EXTERNAL]|Bytes:1
11:44:41.0 (1962427)|METHOD_ENTRY|[1]|01pf400000CcJkp|BoatSearchController.BoatSearchController()
11:44:41.0 (1971780)|STATEMENT_EXECUTE|[1]
11:44:41.0 (1978272)|STATEMENT_EXECUTE|[1]
11:44:41.0 (2012368)|HEAP_ALLOCATE|[50]|Bytes:5
11:44:41.0 (2037451)|HEAP_ALLOCATE|[56]|Bytes:5
11:44:41.0 (2047562)|HEAP_ALLOCATE|[64]|Bytes:7
11:44:41.0 (2073015)|SYSTEM_MODE_ENTER|false
11:44:41.0 (2087300)|HEAP_ALLOCATE|[EXTERNAL]|Bytes:5
11:44:41.0 (2096327)|SYSTEM_MODE_EXIT|false
11:44:41.0 (2107273)|METHOD_EXIT|[1]|BoatSearchController
11:44:41.0 (2122376)|SYSTEM_MODE_ENTER|false
11:44:41.0 (2137934)|HEAP_ALLOCATE|[4]|Bytes:5
11:44:41.0 (2144337)|STATEMENT_EXECUTE|[3]
11:44:41.0 (2146731)|STATEMENT_EXECUTE|[4]
11:44:41.0 (2151009)|HEAP_ALLOCATE|[4]|Bytes:32
11:44:41.0 (2173051)|HEAP_ALLOCATE|[4]|Bytes:4
11:44:41.0 (2454461)|SOQL_EXECUTE_BEGIN|[4]|Aggregations:0|SELECT Id, Name FROM BoatType__c
11:44:41.0 (4676193)|SOQL_EXECUTE_END|[4]|Rows:8
11:44:41.0 (4700975)|HEAP_ALLOCATE|[4]|Bytes:36
11:44:41.0 (4727445)|HEAP_ALLOCATE|[4]|Bytes:375
11:44:41.0 (4768003)|HEAP_ALLOCATE|[4]|Bytes:36
11:44:41.0 (4784845)|SYSTEM_MODE_EXIT|false
11:44:41.4 (4813808)|CUMULATIVE_LIMIT_USAGE
11:44:41.4 (4813808)|LIMIT_USAGE_FOR_NS|(default)|
  Number of SOQL queries: 1 out of 100
  Number of query rows: 8 out of 50000
  Number of SOSL queries: 0 out of 20
  Number of DML statements: 0 out of 150
  Number of DML rows: 0 out of 10000
  Maximum CPU time: 0 out of 10000
  Maximum heap size: 0 out of 6000000
  Number of callouts: 0 out of 100
  Number of Email Invocations: 0 out of 10
  Number of future calls: 0 out of 50
  Number of queueable jobs added to the queue: 0 out of 50
  Number of Mobile Apex push calls: 0 out of 10

11:44:41.4 (4813808)|CUMULATIVE_LIMIT_USAGE_END

11:44:41.0 (4842602)|CODE_UNIT_FINISHED|BoatSearchController.getBoatTypes
11:44:41.0 (4919065)|CODE_UNIT_FINISHED|Aura
11:44:41.0 (6754247)|EXECUTION_FINISHED
11:44:41.8 (8714296)|USER_INFO|[EXTERNAL]|005f4000001gayX|lrodriguez@curious-bear-277664.com|Pacific Standard Time|GMT-07:00
11:44:41.8 (8734323)|EXECUTION_STARTED
11:44:41.8 (8738681)|CODE_UNIT_STARTED|[EXTERNAL]|Aura
11:44:41.8 (10150321)|CODE_UNIT_STARTED|[EXTERNAL]|01pf400000CcM2l|BoatSearchResults.getBoats
11:44:41.8 (10337680)|HEAP_ALLOCATE|[EXTERNAL]|Bytes:1
11:44:41.8 (10359567)|METHOD_ENTRY|[1]|01pf400000CcM2l|BoatSearchResults.BoatSearchResults()
11:44:41.8 (10369034)|STATEMENT_EXECUTE|[1]
11:44:41.8 (10375263)|STATEMENT_EXECUTE|[1]
11:44:41.8 (10391317)|SYSTEM_MODE_ENTER|false
11:44:41.8 (10404114)|HEAP_ALLOCATE|[EXTERNAL]|Bytes:5
11:44:41.8 (10415061)|SYSTEM_MODE_EXIT|false
11:44:41.8 (10427875)|METHOD_EXIT|[1]|BoatSearchResults
11:44:41.8 (10444174)|SYSTEM_MODE_ENTER|false
11:44:41.8 (10456290)|VARIABLE_SCOPE_BEGIN|[3]|boatTypeId|String|false|false
11:44:41.8 (10485544)|VARIABLE_ASSIGNMENT|[3]|boatTypeId|""
11:44:41.8 (10506501)|HEAP_ALLOCATE|[4]|Bytes:5
11:44:41.8 (10513347)|STATEMENT_EXECUTE|[3]
11:44:41.8 (10515778)|STATEMENT_EXECUTE|[4]
11:44:41.8 (10553132)|HEAP_ALLOCATE|[4]|Bytes:4
11:44:41.8 (10647200)|VARIABLE_SCOPE_BEGIN|[4]|boats|List<Boat__c>|true|false
11:44:41.8 (10662498)|HEAP_ALLOCATE|[EXTERNAL]|Bytes:4
11:44:41.8 (10677248)|VARIABLE_ASSIGNMENT|[4]|boats|[]|0x1868da7b
11:44:41.8 (10685404)|STATEMENT_EXECUTE|[5]
11:44:41.8 (10690385)|HEAP_ALLOCATE|[5]|Bytes:57
11:44:41.8 (10698027)|VARIABLE_SCOPE_BEGIN|[5]|query|String|false|false
11:44:41.8 (10713793)|VARIABLE_ASSIGNMENT|[5]|query|"SELECT Id, Name, Con (37 more) ..."
11:44:41.8 (10741868)|STATEMENT_EXECUTE|[6]
11:44:41.8 (10744196)|STATEMENT_EXECUTE|[7]
11:44:41.8 (11497238)|SOQL_EXECUTE_BEGIN|[7]|Aggregations:0|SELECT Id, Name, Contact__r.Name, Picture__c FROM Boat__c
11:44:41.8 (17782232)|SOQL_EXECUTE_END|[7]|Rows:10
11:44:41.8 (17813114)|HEAP_ALLOCATE|[7]|Bytes:44
11:44:41.8 (17868801)|HEAP_ALLOCATE|[7]|Bytes:1923
11:44:41.8 (17907877)|HEAP_ALLOCATE|[7]|Bytes:44
11:44:41.8 (17949156)|VARIABLE_ASSIGNMENT|[7]|boats|"List of size 10 too large to display"|0x7e257c8a
11:44:41.8 (17962591)|STATEMENT_EXECUTE|[11]
11:44:41.8 (17975066)|SYSTEM_MODE_EXIT|false
11:44:41.18 (18012096)|CUMULATIVE_LIMIT_USAGE
11:44:41.18 (18012096)|LIMIT_USAGE_FOR_NS|(default)|
  Number of SOQL queries: 2 out of 100
  Number of query rows: 18 out of 50000
  Number of SOSL queries: 0 out of 20
  Number of DML statements: 0 out of 150
  Number of DML rows: 0 out of 10000
  Maximum CPU time: 0 out of 10000
  Maximum heap size: 0 out of 6000000
  Number of callouts: 0 out of 100
  Number of Email Invocations: 0 out of 10
  Number of future calls: 0 out of 50
  Number of queueable jobs added to the queue: 0 out of 50
  Number of Mobile Apex push calls: 0 out of 10

11:44:41.18 (18012096)|CUMULATIVE_LIMIT_USAGE_END

11:44:41.8 (18053272)|CODE_UNIT_FINISHED|BoatSearchResults.getBoats
11:44:41.8 (18278496)|CODE_UNIT_FINISHED|Aura
11:44:41.8 (19641278)|EXECUTION_FINISHED
