42.0 APEX_CODE,FINEST;APEX_PROFILING,INFO;CALLOUT,INFO;DB,INFO;SYSTEM,DEBUG;VALIDATION,INFO;VISUALFORCE,INFO;WAVE,INFO;WORKFLOW,INFO
12:28:46.0 (68200)|USER_INFO|[EXTERNAL]|005f4000001gayX|lrodriguez@curious-bear-277664.com|Pacific Standard Time|GMT-07:00
12:28:46.0 (99024)|EXECUTION_STARTED
12:28:46.0 (103690)|CODE_UNIT_STARTED|[EXTERNAL]|Aura
12:28:46.0 (1314286)|CODE_UNIT_STARTED|[EXTERNAL]|01pf400000CcJkp|BoatSearchController.getBoatTypes
12:28:46.0 (1476633)|HEAP_ALLOCATE|[72]|Bytes:3
12:28:46.0 (1517699)|HEAP_ALLOCATE|[77]|Bytes:152
12:28:46.0 (1536620)|HEAP_ALLOCATE|[342]|Bytes:408
12:28:46.0 (1548911)|HEAP_ALLOCATE|[355]|Bytes:408
12:28:46.0 (1559326)|HEAP_ALLOCATE|[467]|Bytes:48
12:28:46.0 (1586251)|HEAP_ALLOCATE|[139]|Bytes:6
12:28:46.0 (1648001)|HEAP_ALLOCATE|[EXTERNAL]|Bytes:1
12:28:46.0 (1659000)|METHOD_ENTRY|[1]|01pf400000CcJkp|BoatSearchController.BoatSearchController()
12:28:46.0 (1665952)|STATEMENT_EXECUTE|[1]
12:28:46.0 (1671880)|STATEMENT_EXECUTE|[1]
12:28:46.0 (1701345)|HEAP_ALLOCATE|[50]|Bytes:5
12:28:46.0 (1725496)|HEAP_ALLOCATE|[56]|Bytes:5
12:28:46.0 (1732838)|HEAP_ALLOCATE|[64]|Bytes:7
12:28:46.0 (1754531)|SYSTEM_MODE_ENTER|false
12:28:46.0 (1769246)|HEAP_ALLOCATE|[EXTERNAL]|Bytes:5
12:28:46.0 (1777814)|SYSTEM_MODE_EXIT|false
12:28:46.0 (1786744)|METHOD_EXIT|[1]|BoatSearchController
12:28:46.0 (1797073)|SYSTEM_MODE_ENTER|false
12:28:46.0 (1809903)|HEAP_ALLOCATE|[4]|Bytes:5
12:28:46.0 (1814194)|STATEMENT_EXECUTE|[3]
12:28:46.0 (1815755)|STATEMENT_EXECUTE|[4]
12:28:46.0 (1818354)|HEAP_ALLOCATE|[4]|Bytes:32
12:28:46.0 (1842908)|HEAP_ALLOCATE|[4]|Bytes:4
12:28:46.0 (2075642)|SOQL_EXECUTE_BEGIN|[4]|Aggregations:0|SELECT Id, Name FROM BoatType__c
12:28:46.0 (4256743)|SOQL_EXECUTE_END|[4]|Rows:8
12:28:46.0 (4283394)|HEAP_ALLOCATE|[4]|Bytes:36
12:28:46.0 (4311999)|HEAP_ALLOCATE|[4]|Bytes:375
12:28:46.0 (4445715)|HEAP_ALLOCATE|[4]|Bytes:36
12:28:46.0 (4472572)|SYSTEM_MODE_EXIT|false
12:28:46.4 (4494287)|CUMULATIVE_LIMIT_USAGE
12:28:46.4 (4494287)|LIMIT_USAGE_FOR_NS|(default)|
  Number of SOQL queries: 1 out of 100
  Number of query rows: 8 out of 50000
  Number of SOSL queries: 0 out of 20
  Number of DML statements: 0 out of 150
  Number of DML rows: 0 out of 10000
  Maximum CPU time: 0 out of 10000
  Maximum heap size: 0 out of 6000000
  Number of callouts: 0 out of 100
  Number of Email Invocations: 0 out of 10
  Number of future calls: 0 out of 50
  Number of queueable jobs added to the queue: 0 out of 50
  Number of Mobile Apex push calls: 0 out of 10

12:28:46.4 (4494287)|CUMULATIVE_LIMIT_USAGE_END

12:28:46.0 (4526296)|CODE_UNIT_FINISHED|BoatSearchController.getBoatTypes
12:28:46.0 (4613274)|CODE_UNIT_FINISHED|Aura
12:28:46.0 (5799654)|EXECUTION_FINISHED
12:28:46.23 (23608423)|USER_INFO|[EXTERNAL]|005f4000001gayX|lrodriguez@curious-bear-277664.com|Pacific Standard Time|GMT-07:00
12:28:46.23 (23635624)|EXECUTION_STARTED
12:28:46.23 (23641057)|CODE_UNIT_STARTED|[EXTERNAL]|Aura
12:28:46.23 (25162475)|CODE_UNIT_STARTED|[EXTERNAL]|01pf400000CcM2l|BoatSearchResults.getBoats
12:28:46.23 (25264685)|HEAP_ALLOCATE|[EXTERNAL]|Bytes:1
12:28:46.23 (25283950)|METHOD_ENTRY|[1]|01pf400000CcM2l|BoatSearchResults.BoatSearchResults()
12:28:46.23 (25290296)|STATEMENT_EXECUTE|[1]
12:28:46.23 (25296603)|STATEMENT_EXECUTE|[1]
12:28:46.23 (25320008)|SYSTEM_MODE_ENTER|false
12:28:46.23 (25335345)|HEAP_ALLOCATE|[EXTERNAL]|Bytes:5
12:28:46.23 (25349574)|SYSTEM_MODE_EXIT|false
12:28:46.23 (25368871)|METHOD_EXIT|[1]|BoatSearchResults
12:28:46.23 (25388452)|SYSTEM_MODE_ENTER|false
12:28:46.23 (25398641)|VARIABLE_SCOPE_BEGIN|[3]|boatTypeId|String|false|false
12:28:46.23 (25423443)|VARIABLE_ASSIGNMENT|[3]|boatTypeId|""
12:28:46.23 (25448286)|HEAP_ALLOCATE|[4]|Bytes:5
12:28:46.23 (25453376)|STATEMENT_EXECUTE|[3]
12:28:46.23 (25455125)|STATEMENT_EXECUTE|[4]
12:28:46.23 (25529087)|HEAP_ALLOCATE|[4]|Bytes:4
12:28:46.23 (25612278)|VARIABLE_SCOPE_BEGIN|[4]|boats|List<Boat__c>|true|false
12:28:46.23 (25624046)|HEAP_ALLOCATE|[EXTERNAL]|Bytes:4
12:28:46.23 (25641583)|VARIABLE_ASSIGNMENT|[4]|boats|[]|0x66555185
12:28:46.23 (25647637)|STATEMENT_EXECUTE|[5]
12:28:46.23 (25652352)|HEAP_ALLOCATE|[5]|Bytes:57
12:28:46.23 (25658543)|VARIABLE_SCOPE_BEGIN|[5]|query|String|false|false
12:28:46.23 (25671330)|VARIABLE_ASSIGNMENT|[5]|query|"SELECT Id, Name, Con (37 more) ..."
12:28:46.23 (25699971)|STATEMENT_EXECUTE|[6]
12:28:46.23 (25701636)|STATEMENT_EXECUTE|[7]
12:28:46.23 (26325935)|SOQL_EXECUTE_BEGIN|[7]|Aggregations:0|SELECT Id, Name, Contact__r.Name, Picture__c FROM Boat__c
12:28:46.23 (33008449)|SOQL_EXECUTE_END|[7]|Rows:10
12:28:46.23 (33041885)|HEAP_ALLOCATE|[7]|Bytes:44
12:28:46.23 (33092347)|HEAP_ALLOCATE|[7]|Bytes:1923
12:28:46.23 (33145538)|HEAP_ALLOCATE|[7]|Bytes:44
12:28:46.23 (33195852)|VARIABLE_ASSIGNMENT|[7]|boats|"List of size 10 too large to display"|0x2aaa5778
12:28:46.23 (33209597)|STATEMENT_EXECUTE|[11]
12:28:46.23 (33225808)|SYSTEM_MODE_EXIT|false
12:28:46.33 (33245077)|CUMULATIVE_LIMIT_USAGE
12:28:46.33 (33245077)|LIMIT_USAGE_FOR_NS|(default)|
  Number of SOQL queries: 2 out of 100
  Number of query rows: 18 out of 50000
  Number of SOSL queries: 0 out of 20
  Number of DML statements: 0 out of 150
  Number of DML rows: 0 out of 10000
  Maximum CPU time: 0 out of 10000
  Maximum heap size: 0 out of 6000000
  Number of callouts: 0 out of 100
  Number of Email Invocations: 0 out of 10
  Number of future calls: 0 out of 50
  Number of queueable jobs added to the queue: 0 out of 50
  Number of Mobile Apex push calls: 0 out of 10

12:28:46.33 (33245077)|CUMULATIVE_LIMIT_USAGE_END

12:28:46.23 (33280429)|CODE_UNIT_FINISHED|BoatSearchResults.getBoats
12:28:46.23 (33532121)|CODE_UNIT_FINISHED|Aura
12:28:46.23 (34846075)|EXECUTION_FINISHED
