42.0 APEX_CODE,FINEST;APEX_PROFILING,INFO;CALLOUT,INFO;DB,INFO;SYSTEM,DEBUG;VALIDATION,INFO;VISUALFORCE,INFO;WAVE,INFO;WORKFLOW,INFO
12:29:24.0 (73525)|USER_INFO|[EXTERNAL]|005f4000001gayX|lrodriguez@curious-bear-277664.com|Pacific Standard Time|GMT-07:00
12:29:24.0 (106927)|EXECUTION_STARTED
12:29:24.0 (111958)|CODE_UNIT_STARTED|[EXTERNAL]|Aura
12:29:24.0 (912480)|HEAP_ALLOCATE|[72]|Bytes:3
12:29:24.0 (960072)|HEAP_ALLOCATE|[77]|Bytes:152
12:29:24.0 (978331)|HEAP_ALLOCATE|[342]|Bytes:408
12:29:24.0 (998664)|HEAP_ALLOCATE|[355]|Bytes:408
12:29:24.0 (1010754)|HEAP_ALLOCATE|[467]|Bytes:48
12:29:24.0 (1038281)|HEAP_ALLOCATE|[139]|Bytes:6
12:29:24.0 (1929694)|CODE_UNIT_STARTED|[EXTERNAL]|01pf400000CcM2l|BoatSearchResults.getBoats
12:29:24.0 (2022766)|HEAP_ALLOCATE|[EXTERNAL]|Bytes:1
12:29:24.0 (2036028)|METHOD_ENTRY|[1]|01pf400000CcM2l|BoatSearchResults.BoatSearchResults()
12:29:24.0 (2042900)|STATEMENT_EXECUTE|[1]
12:29:24.0 (2048157)|STATEMENT_EXECUTE|[1]
12:29:24.0 (2079354)|HEAP_ALLOCATE|[50]|Bytes:5
12:29:24.0 (2108692)|HEAP_ALLOCATE|[56]|Bytes:5
12:29:24.0 (2120919)|HEAP_ALLOCATE|[64]|Bytes:7
12:29:24.0 (2149089)|SYSTEM_MODE_ENTER|false
12:29:24.0 (2163656)|HEAP_ALLOCATE|[EXTERNAL]|Bytes:5
12:29:24.0 (2171837)|SYSTEM_MODE_EXIT|false
12:29:24.0 (2180454)|METHOD_EXIT|[1]|BoatSearchResults
12:29:24.0 (2193927)|SYSTEM_MODE_ENTER|false
12:29:24.0 (2203317)|VARIABLE_SCOPE_BEGIN|[3]|boatTypeId|String|false|false
12:29:24.0 (2231986)|VARIABLE_ASSIGNMENT|[3]|boatTypeId|""
12:29:24.0 (2251084)|HEAP_ALLOCATE|[4]|Bytes:5
12:29:24.0 (2255935)|STATEMENT_EXECUTE|[3]
12:29:24.0 (2257707)|STATEMENT_EXECUTE|[4]
12:29:24.0 (2339148)|HEAP_ALLOCATE|[4]|Bytes:4
12:29:24.0 (2415756)|VARIABLE_SCOPE_BEGIN|[4]|boats|List<Boat__c>|true|false
12:29:24.0 (2432832)|HEAP_ALLOCATE|[EXTERNAL]|Bytes:4
12:29:24.0 (2447727)|VARIABLE_ASSIGNMENT|[4]|boats|[]|0x1187886e
12:29:24.0 (2453990)|STATEMENT_EXECUTE|[5]
12:29:24.0 (2457685)|HEAP_ALLOCATE|[5]|Bytes:57
12:29:24.0 (2463235)|VARIABLE_SCOPE_BEGIN|[5]|query|String|false|false
12:29:24.0 (2475239)|VARIABLE_ASSIGNMENT|[5]|query|"SELECT Id, Name, Con (37 more) ..."
12:29:24.0 (2515254)|STATEMENT_EXECUTE|[6]
12:29:24.0 (2517248)|STATEMENT_EXECUTE|[7]
12:29:24.0 (3008081)|SOQL_EXECUTE_BEGIN|[7]|Aggregations:0|SELECT Id, Name, Contact__r.Name, Picture__c FROM Boat__c
12:29:24.0 (6614915)|SOQL_EXECUTE_END|[7]|Rows:10
12:29:24.0 (6641778)|HEAP_ALLOCATE|[7]|Bytes:44
12:29:24.0 (6687777)|HEAP_ALLOCATE|[7]|Bytes:1923
12:29:24.0 (6727986)|HEAP_ALLOCATE|[7]|Bytes:44
12:29:24.0 (6755906)|VARIABLE_ASSIGNMENT|[7]|boats|"List of size 10 too large to display"|0x5ffc5228
12:29:24.0 (6763424)|STATEMENT_EXECUTE|[11]
12:29:24.0 (6773560)|SYSTEM_MODE_EXIT|false
12:29:24.6 (6797740)|CUMULATIVE_LIMIT_USAGE
12:29:24.6 (6797740)|LIMIT_USAGE_FOR_NS|(default)|
  Number of SOQL queries: 1 out of 100
  Number of query rows: 10 out of 50000
  Number of SOSL queries: 0 out of 20
  Number of DML statements: 0 out of 150
  Number of DML rows: 0 out of 10000
  Maximum CPU time: 0 out of 10000
  Maximum heap size: 0 out of 6000000
  Number of callouts: 0 out of 100
  Number of Email Invocations: 0 out of 10
  Number of future calls: 0 out of 50
  Number of queueable jobs added to the queue: 0 out of 50
  Number of Mobile Apex push calls: 0 out of 10

12:29:24.6 (6797740)|CUMULATIVE_LIMIT_USAGE_END

12:29:24.0 (6828631)|CODE_UNIT_FINISHED|BoatSearchResults.getBoats
12:29:24.0 (6957569)|CODE_UNIT_FINISHED|Aura
12:29:24.0 (8207655)|EXECUTION_FINISHED
