42.0 APEX_CODE,FINEST;APEX_PROFILING,INFO;CALLOUT,INFO;DB,INFO;SYSTEM,DEBUG;VALIDATION,INFO;VISUALFORCE,INFO;WAVE,INFO;WORKFLOW,INFO
12:39:18.0 (95891)|USER_INFO|[EXTERNAL]|005f4000001gayX|lrodriguez@curious-bear-277664.com|Pacific Standard Time|GMT-07:00
12:39:18.0 (142348)|EXECUTION_STARTED
12:39:18.0 (149048)|CODE_UNIT_STARTED|[EXTERNAL]|Aura
12:39:18.0 (1556541)|CODE_UNIT_STARTED|[EXTERNAL]|01pf400000CcJkp|BoatSearchController.getBoatTypes
12:39:18.0 (1732898)|HEAP_ALLOCATE|[72]|Bytes:3
12:39:18.0 (1774829)|HEAP_ALLOCATE|[77]|Bytes:152
12:39:18.0 (1790331)|HEAP_ALLOCATE|[342]|Bytes:408
12:39:18.0 (1801507)|HEAP_ALLOCATE|[355]|Bytes:408
12:39:18.0 (1812019)|HEAP_ALLOCATE|[467]|Bytes:48
12:39:18.0 (1840835)|HEAP_ALLOCATE|[139]|Bytes:6
12:39:18.0 (1903736)|HEAP_ALLOCATE|[EXTERNAL]|Bytes:1
12:39:18.0 (1914801)|METHOD_ENTRY|[1]|01pf400000CcJkp|BoatSearchController.BoatSearchController()
12:39:18.0 (1921846)|STATEMENT_EXECUTE|[1]
12:39:18.0 (1927602)|STATEMENT_EXECUTE|[1]
12:39:18.0 (1965777)|HEAP_ALLOCATE|[50]|Bytes:5
12:39:18.0 (2002398)|HEAP_ALLOCATE|[56]|Bytes:5
12:39:18.0 (2012735)|HEAP_ALLOCATE|[64]|Bytes:7
12:39:18.0 (2045447)|SYSTEM_MODE_ENTER|false
12:39:18.0 (2063370)|HEAP_ALLOCATE|[EXTERNAL]|Bytes:5
12:39:18.0 (2072891)|SYSTEM_MODE_EXIT|false
12:39:18.0 (2082505)|METHOD_EXIT|[1]|BoatSearchController
12:39:18.0 (2094873)|SYSTEM_MODE_ENTER|false
12:39:18.0 (2108372)|HEAP_ALLOCATE|[4]|Bytes:5
12:39:18.0 (2113495)|STATEMENT_EXECUTE|[3]
12:39:18.0 (2115161)|STATEMENT_EXECUTE|[4]
12:39:18.0 (2117671)|HEAP_ALLOCATE|[4]|Bytes:32
12:39:18.0 (2139243)|HEAP_ALLOCATE|[4]|Bytes:4
12:39:18.0 (2409006)|SOQL_EXECUTE_BEGIN|[4]|Aggregations:0|SELECT Id, Name FROM BoatType__c
12:39:18.0 (4277410)|SOQL_EXECUTE_END|[4]|Rows:8
12:39:18.0 (4301437)|HEAP_ALLOCATE|[4]|Bytes:36
12:39:18.0 (4328024)|HEAP_ALLOCATE|[4]|Bytes:375
12:39:18.0 (4415972)|HEAP_ALLOCATE|[4]|Bytes:36
12:39:18.0 (4433074)|SYSTEM_MODE_EXIT|false
12:39:18.4 (4454942)|CUMULATIVE_LIMIT_USAGE
12:39:18.4 (4454942)|LIMIT_USAGE_FOR_NS|(default)|
  Number of SOQL queries: 1 out of 100
  Number of query rows: 8 out of 50000
  Number of SOSL queries: 0 out of 20
  Number of DML statements: 0 out of 150
  Number of DML rows: 0 out of 10000
  Maximum CPU time: 0 out of 10000
  Maximum heap size: 0 out of 6000000
  Number of callouts: 0 out of 100
  Number of Email Invocations: 0 out of 10
  Number of future calls: 0 out of 50
  Number of queueable jobs added to the queue: 0 out of 50
  Number of Mobile Apex push calls: 0 out of 10

12:39:18.4 (4454942)|CUMULATIVE_LIMIT_USAGE_END

12:39:18.0 (4485177)|CODE_UNIT_FINISHED|BoatSearchController.getBoatTypes
12:39:18.0 (4569676)|CODE_UNIT_FINISHED|Aura
12:39:18.0 (5701005)|EXECUTION_FINISHED
12:39:18.28 (28014375)|USER_INFO|[EXTERNAL]|005f4000001gayX|lrodriguez@curious-bear-277664.com|Pacific Standard Time|GMT-07:00
12:39:18.28 (28046417)|EXECUTION_STARTED
12:39:18.28 (28053766)|CODE_UNIT_STARTED|[EXTERNAL]|Aura
12:39:18.28 (29524322)|CODE_UNIT_STARTED|[EXTERNAL]|01pf400000CcM2l|BoatSearchResults.getBoats
12:39:18.28 (29578678)|HEAP_ALLOCATE|[EXTERNAL]|Bytes:1
12:39:18.28 (29597699)|METHOD_ENTRY|[1]|01pf400000CcM2l|BoatSearchResults.BoatSearchResults()
12:39:18.28 (29604177)|STATEMENT_EXECUTE|[1]
12:39:18.28 (29611165)|STATEMENT_EXECUTE|[1]
12:39:18.28 (29627722)|SYSTEM_MODE_ENTER|false
12:39:18.28 (29640402)|HEAP_ALLOCATE|[EXTERNAL]|Bytes:5
12:39:18.28 (29650728)|SYSTEM_MODE_EXIT|false
12:39:18.28 (29661926)|METHOD_EXIT|[1]|BoatSearchResults
12:39:18.28 (29673896)|SYSTEM_MODE_ENTER|false
12:39:18.28 (29681721)|VARIABLE_SCOPE_BEGIN|[3]|boatTypeId|String|false|false
12:39:18.28 (29701728)|VARIABLE_ASSIGNMENT|[3]|boatTypeId|""
12:39:18.28 (29717700)|HEAP_ALLOCATE|[4]|Bytes:5
12:39:18.28 (29722403)|STATEMENT_EXECUTE|[3]
12:39:18.28 (29724046)|STATEMENT_EXECUTE|[4]
12:39:18.28 (29776157)|HEAP_ALLOCATE|[4]|Bytes:4
12:39:18.28 (29846752)|VARIABLE_SCOPE_BEGIN|[4]|boats|List<Boat__c>|true|false
12:39:18.28 (29858701)|HEAP_ALLOCATE|[EXTERNAL]|Bytes:4
12:39:18.28 (29873843)|VARIABLE_ASSIGNMENT|[4]|boats|[]|0x4a8b1bcd
12:39:18.28 (29885952)|STATEMENT_EXECUTE|[5]
12:39:18.28 (29892275)|HEAP_ALLOCATE|[5]|Bytes:57
12:39:18.28 (29901726)|VARIABLE_SCOPE_BEGIN|[5]|query|String|false|false
12:39:18.28 (29918782)|VARIABLE_ASSIGNMENT|[5]|query|"SELECT Id, Name, Con (37 more) ..."
12:39:18.28 (29950755)|STATEMENT_EXECUTE|[6]
12:39:18.28 (29952478)|STATEMENT_EXECUTE|[7]
12:39:18.28 (30581084)|SOQL_EXECUTE_BEGIN|[7]|Aggregations:0|SELECT Id, Name, Contact__r.Name, Picture__c FROM Boat__c
12:39:18.28 (34897160)|SOQL_EXECUTE_END|[7]|Rows:10
12:39:18.28 (34923038)|HEAP_ALLOCATE|[7]|Bytes:44
12:39:18.28 (34971194)|HEAP_ALLOCATE|[7]|Bytes:1923
12:39:18.28 (35011762)|HEAP_ALLOCATE|[7]|Bytes:44
12:39:18.28 (35044597)|VARIABLE_ASSIGNMENT|[7]|boats|"List of size 10 too large to display"|0x2c13f5e6
12:39:18.28 (35052569)|STATEMENT_EXECUTE|[11]
12:39:18.28 (35063214)|SYSTEM_MODE_EXIT|false
12:39:18.35 (35081034)|CUMULATIVE_LIMIT_USAGE
12:39:18.35 (35081034)|LIMIT_USAGE_FOR_NS|(default)|
  Number of SOQL queries: 2 out of 100
  Number of query rows: 18 out of 50000
  Number of SOSL queries: 0 out of 20
  Number of DML statements: 0 out of 150
  Number of DML rows: 0 out of 10000
  Maximum CPU time: 0 out of 10000
  Maximum heap size: 0 out of 6000000
  Number of callouts: 0 out of 100
  Number of Email Invocations: 0 out of 10
  Number of future calls: 0 out of 50
  Number of queueable jobs added to the queue: 0 out of 50
  Number of Mobile Apex push calls: 0 out of 10

12:39:18.35 (35081034)|CUMULATIVE_LIMIT_USAGE_END

12:39:18.28 (35109619)|CODE_UNIT_FINISHED|BoatSearchResults.getBoats
12:39:18.28 (35240069)|CODE_UNIT_FINISHED|Aura
12:39:18.28 (36386312)|EXECUTION_FINISHED
