42.0 APEX_CODE,FINEST;APEX_PROFILING,INFO;CALLOUT,INFO;DB,INFO;SYSTEM,DEBUG;VALIDATION,INFO;VISUALFORCE,INFO;WAVE,INFO;WORKFLOW,INFO
07:34:51.0 (100077)|USER_INFO|[EXTERNAL]|005f4000001gayX|lrodriguez@curious-bear-277664.com|Pacific Standard Time|GMT-07:00
07:34:51.0 (155820)|EXECUTION_STARTED
07:34:51.0 (161509)|CODE_UNIT_STARTED|[EXTERNAL]|Aura
07:34:51.0 (1418351)|CODE_UNIT_STARTED|[EXTERNAL]|01pf400000CcJkp|BoatSearchController.getBoatTypes
07:34:51.0 (1592252)|HEAP_ALLOCATE|[72]|Bytes:3
07:34:51.0 (1639927)|HEAP_ALLOCATE|[77]|Bytes:152
07:34:51.0 (1655967)|HEAP_ALLOCATE|[342]|Bytes:408
07:34:51.0 (1669239)|HEAP_ALLOCATE|[355]|Bytes:408
07:34:51.0 (1681631)|HEAP_ALLOCATE|[467]|Bytes:48
07:34:51.0 (1709664)|HEAP_ALLOCATE|[139]|Bytes:6
07:34:51.0 (1776968)|HEAP_ALLOCATE|[EXTERNAL]|Bytes:1
07:34:51.0 (1788499)|METHOD_ENTRY|[1]|01pf400000CcJkp|BoatSearchController.BoatSearchController()
07:34:51.0 (1795327)|STATEMENT_EXECUTE|[1]
07:34:51.0 (1800489)|STATEMENT_EXECUTE|[1]
07:34:51.0 (1832357)|HEAP_ALLOCATE|[50]|Bytes:5
07:34:51.0 (1857636)|HEAP_ALLOCATE|[56]|Bytes:5
07:34:51.0 (1866039)|HEAP_ALLOCATE|[64]|Bytes:7
07:34:51.0 (1893025)|SYSTEM_MODE_ENTER|false
07:34:51.0 (1909899)|HEAP_ALLOCATE|[EXTERNAL]|Bytes:5
07:34:51.0 (1934389)|SYSTEM_MODE_EXIT|false
07:34:51.0 (1945669)|METHOD_EXIT|[1]|BoatSearchController
07:34:51.0 (1956992)|SYSTEM_MODE_ENTER|false
07:34:51.0 (1972068)|HEAP_ALLOCATE|[4]|Bytes:5
07:34:51.0 (1976206)|STATEMENT_EXECUTE|[3]
07:34:51.0 (1978239)|STATEMENT_EXECUTE|[4]
07:34:51.0 (1981743)|HEAP_ALLOCATE|[4]|Bytes:32
07:34:51.0 (2003993)|HEAP_ALLOCATE|[4]|Bytes:4
07:34:51.0 (2337198)|SOQL_EXECUTE_BEGIN|[4]|Aggregations:0|SELECT Id, Name FROM BoatType__c
07:34:51.0 (5618507)|SOQL_EXECUTE_END|[4]|Rows:8
07:34:51.0 (5645224)|HEAP_ALLOCATE|[4]|Bytes:36
07:34:51.0 (5676883)|HEAP_ALLOCATE|[4]|Bytes:375
07:34:51.0 (5836389)|HEAP_ALLOCATE|[4]|Bytes:36
07:34:51.0 (5878502)|SYSTEM_MODE_EXIT|false
07:34:51.5 (5911905)|CUMULATIVE_LIMIT_USAGE
07:34:51.5 (5911905)|LIMIT_USAGE_FOR_NS|(default)|
  Number of SOQL queries: 1 out of 100
  Number of query rows: 8 out of 50000
  Number of SOSL queries: 0 out of 20
  Number of DML statements: 0 out of 150
  Number of DML rows: 0 out of 10000
  Maximum CPU time: 0 out of 10000
  Maximum heap size: 0 out of 6000000
  Number of callouts: 0 out of 100
  Number of Email Invocations: 0 out of 10
  Number of future calls: 0 out of 50
  Number of queueable jobs added to the queue: 0 out of 50
  Number of Mobile Apex push calls: 0 out of 10

07:34:51.5 (5911905)|CUMULATIVE_LIMIT_USAGE_END

07:34:51.0 (5953669)|CODE_UNIT_FINISHED|BoatSearchController.getBoatTypes
07:34:51.0 (6093024)|CODE_UNIT_FINISHED|Aura
07:34:51.0 (7659765)|EXECUTION_FINISHED
