42.0 APEX_CODE,FINEST;APEX_PROFILING,INFO;CALLOUT,INFO;DB,INFO;SYSTEM,DEBUG;VALIDATION,INFO;VISUALFORCE,INFO;WAVE,INFO;WORKFLOW,INFO
12:38:15.0 (63789)|USER_INFO|[EXTERNAL]|005f4000001gayX|lrodriguez@curious-bear-277664.com|Pacific Standard Time|GMT-07:00
12:38:15.0 (94747)|EXECUTION_STARTED
12:38:15.0 (100629)|CODE_UNIT_STARTED|[EXTERNAL]|Aura
12:38:15.0 (1404350)|CODE_UNIT_STARTED|[EXTERNAL]|01pf400000CcJkp|BoatSearchController.getBoatTypes
12:38:15.0 (1554501)|HEAP_ALLOCATE|[72]|Bytes:3
12:38:15.0 (1594460)|HEAP_ALLOCATE|[77]|Bytes:152
12:38:15.0 (1609840)|HEAP_ALLOCATE|[342]|Bytes:408
12:38:15.0 (1622038)|HEAP_ALLOCATE|[355]|Bytes:408
12:38:15.0 (1632445)|HEAP_ALLOCATE|[467]|Bytes:48
12:38:15.0 (1664122)|HEAP_ALLOCATE|[139]|Bytes:6
12:38:15.0 (1715745)|HEAP_ALLOCATE|[EXTERNAL]|Bytes:1
12:38:15.0 (1773195)|METHOD_ENTRY|[1]|01pf400000CcJkp|BoatSearchController.BoatSearchController()
12:38:15.0 (1786075)|STATEMENT_EXECUTE|[1]
12:38:15.0 (1792105)|STATEMENT_EXECUTE|[1]
12:38:15.0 (1826386)|HEAP_ALLOCATE|[50]|Bytes:5
12:38:15.0 (1854991)|HEAP_ALLOCATE|[56]|Bytes:5
12:38:15.0 (1867855)|HEAP_ALLOCATE|[64]|Bytes:7
12:38:15.0 (1901662)|SYSTEM_MODE_ENTER|false
12:38:15.0 (1918089)|HEAP_ALLOCATE|[EXTERNAL]|Bytes:5
12:38:15.0 (1926617)|SYSTEM_MODE_EXIT|false
12:38:15.0 (1936401)|METHOD_EXIT|[1]|BoatSearchController
12:38:15.0 (1948099)|SYSTEM_MODE_ENTER|false
12:38:15.0 (1960515)|HEAP_ALLOCATE|[4]|Bytes:5
12:38:15.0 (1964911)|STATEMENT_EXECUTE|[3]
12:38:15.0 (1966657)|STATEMENT_EXECUTE|[4]
12:38:15.0 (1969175)|HEAP_ALLOCATE|[4]|Bytes:32
12:38:15.0 (1989248)|HEAP_ALLOCATE|[4]|Bytes:4
12:38:15.0 (2242472)|SOQL_EXECUTE_BEGIN|[4]|Aggregations:0|SELECT Id, Name FROM BoatType__c
12:38:15.0 (3982508)|SOQL_EXECUTE_END|[4]|Rows:8
12:38:15.0 (4006519)|HEAP_ALLOCATE|[4]|Bytes:36
12:38:15.0 (4033598)|HEAP_ALLOCATE|[4]|Bytes:375
12:38:15.0 (4130843)|HEAP_ALLOCATE|[4]|Bytes:36
12:38:15.0 (4147711)|SYSTEM_MODE_EXIT|false
12:38:15.4 (4170985)|CUMULATIVE_LIMIT_USAGE
12:38:15.4 (4170985)|LIMIT_USAGE_FOR_NS|(default)|
  Number of SOQL queries: 1 out of 100
  Number of query rows: 8 out of 50000
  Number of SOSL queries: 0 out of 20
  Number of DML statements: 0 out of 150
  Number of DML rows: 0 out of 10000
  Maximum CPU time: 0 out of 10000
  Maximum heap size: 0 out of 6000000
  Number of callouts: 0 out of 100
  Number of Email Invocations: 0 out of 10
  Number of future calls: 0 out of 50
  Number of queueable jobs added to the queue: 0 out of 50
  Number of Mobile Apex push calls: 0 out of 10

12:38:15.4 (4170985)|CUMULATIVE_LIMIT_USAGE_END

12:38:15.0 (4197846)|CODE_UNIT_FINISHED|BoatSearchController.getBoatTypes
12:38:15.0 (4270676)|CODE_UNIT_FINISHED|Aura
12:38:15.0 (5347159)|EXECUTION_FINISHED
12:38:15.6 (6948003)|USER_INFO|[EXTERNAL]|005f4000001gayX|lrodriguez@curious-bear-277664.com|Pacific Standard Time|GMT-07:00
12:38:15.6 (6960717)|EXECUTION_STARTED
12:38:15.6 (6963527)|CODE_UNIT_STARTED|[EXTERNAL]|Aura
12:38:15.6 (8043626)|CODE_UNIT_STARTED|[EXTERNAL]|01pf400000CcM2l|BoatSearchResults.getBoats
12:38:15.6 (8086557)|HEAP_ALLOCATE|[EXTERNAL]|Bytes:1
12:38:15.6 (8095993)|METHOD_ENTRY|[1]|01pf400000CcM2l|BoatSearchResults.BoatSearchResults()
12:38:15.6 (8101118)|STATEMENT_EXECUTE|[1]
12:38:15.6 (8104481)|STATEMENT_EXECUTE|[1]
12:38:15.6 (8115078)|SYSTEM_MODE_ENTER|false
12:38:15.6 (8122548)|HEAP_ALLOCATE|[EXTERNAL]|Bytes:5
12:38:15.6 (8129741)|SYSTEM_MODE_EXIT|false
12:38:15.6 (8137053)|METHOD_EXIT|[1]|BoatSearchResults
12:38:15.6 (8147389)|SYSTEM_MODE_ENTER|false
12:38:15.6 (8154552)|VARIABLE_SCOPE_BEGIN|[3]|boatTypeId|String|false|false
12:38:15.6 (8172572)|VARIABLE_ASSIGNMENT|[3]|boatTypeId|""
12:38:15.6 (8185255)|HEAP_ALLOCATE|[4]|Bytes:5
12:38:15.6 (8189914)|STATEMENT_EXECUTE|[3]
12:38:15.6 (8191510)|STATEMENT_EXECUTE|[4]
12:38:15.6 (8241783)|HEAP_ALLOCATE|[4]|Bytes:4
12:38:15.6 (8304341)|VARIABLE_SCOPE_BEGIN|[4]|boats|List<Boat__c>|true|false
12:38:15.6 (8316296)|HEAP_ALLOCATE|[EXTERNAL]|Bytes:4
12:38:15.6 (8327362)|VARIABLE_ASSIGNMENT|[4]|boats|[]|0x411543b3
12:38:15.6 (8332963)|STATEMENT_EXECUTE|[5]
12:38:15.6 (8336322)|HEAP_ALLOCATE|[5]|Bytes:57
12:38:15.6 (8341288)|VARIABLE_SCOPE_BEGIN|[5]|query|String|false|false
12:38:15.6 (8351956)|VARIABLE_ASSIGNMENT|[5]|query|"SELECT Id, Name, Con (37 more) ..."
12:38:15.6 (8375161)|STATEMENT_EXECUTE|[6]
12:38:15.6 (8376870)|STATEMENT_EXECUTE|[7]
12:38:15.6 (8909112)|SOQL_EXECUTE_BEGIN|[7]|Aggregations:0|SELECT Id, Name, Contact__r.Name, Picture__c FROM Boat__c
12:38:15.6 (12192600)|SOQL_EXECUTE_END|[7]|Rows:10
12:38:15.6 (12212824)|HEAP_ALLOCATE|[7]|Bytes:44
12:38:15.6 (12256059)|HEAP_ALLOCATE|[7]|Bytes:1923
12:38:15.6 (12284097)|HEAP_ALLOCATE|[7]|Bytes:44
12:38:15.6 (12309342)|VARIABLE_ASSIGNMENT|[7]|boats|"List of size 10 too large to display"|0x3d484737
12:38:15.6 (12316791)|STATEMENT_EXECUTE|[11]
12:38:15.6 (12324691)|SYSTEM_MODE_EXIT|false
12:38:15.12 (12338617)|CUMULATIVE_LIMIT_USAGE
12:38:15.12 (12338617)|LIMIT_USAGE_FOR_NS|(default)|
  Number of SOQL queries: 2 out of 100
  Number of query rows: 18 out of 50000
  Number of SOSL queries: 0 out of 20
  Number of DML statements: 0 out of 150
  Number of DML rows: 0 out of 10000
  Maximum CPU time: 0 out of 10000
  Maximum heap size: 0 out of 6000000
  Number of callouts: 0 out of 100
  Number of Email Invocations: 0 out of 10
  Number of future calls: 0 out of 50
  Number of queueable jobs added to the queue: 0 out of 50
  Number of Mobile Apex push calls: 0 out of 10

12:38:15.12 (12338617)|CUMULATIVE_LIMIT_USAGE_END

12:38:15.6 (12357800)|CODE_UNIT_FINISHED|BoatSearchResults.getBoats
12:38:15.6 (12467903)|CODE_UNIT_FINISHED|Aura
12:38:15.6 (13569905)|EXECUTION_FINISHED
