42.0 APEX_CODE,FINEST;APEX_PROFILING,INFO;CALLOUT,INFO;DB,INFO;SYSTEM,DEBUG;VALIDATION,INFO;VISUALFORCE,INFO;WAVE,INFO;WORKFLOW,INFO
07:44:16.0 (345864)|USER_INFO|[EXTERNAL]|005f4000001gayX|lrodriguez@curious-bear-277664.com|Pacific Standard Time|GMT-07:00
07:44:16.0 (383021)|EXECUTION_STARTED
07:44:16.0 (387487)|CODE_UNIT_STARTED|[EXTERNAL]|Aura
07:44:16.0 (1964639)|CODE_UNIT_STARTED|[EXTERNAL]|01pf400000CcJkp|BoatSearchController.getBoatTypes
07:44:16.0 (2237226)|HEAP_ALLOCATE|[72]|Bytes:3
07:44:16.0 (2270717)|HEAP_ALLOCATE|[77]|Bytes:152
07:44:16.0 (2284026)|HEAP_ALLOCATE|[342]|Bytes:408
07:44:16.0 (2297434)|HEAP_ALLOCATE|[355]|Bytes:408
07:44:16.0 (2309425)|HEAP_ALLOCATE|[467]|Bytes:48
07:44:16.0 (2334411)|HEAP_ALLOCATE|[139]|Bytes:6
07:44:16.0 (2348976)|HEAP_ALLOCATE|[EXTERNAL]|Bytes:1
07:44:16.0 (2359224)|METHOD_ENTRY|[1]|01pf400000CcJkp|BoatSearchController.BoatSearchController()
07:44:16.0 (2366433)|STATEMENT_EXECUTE|[1]
07:44:16.0 (2370991)|STATEMENT_EXECUTE|[1]
07:44:16.0 (2399084)|HEAP_ALLOCATE|[50]|Bytes:5
07:44:16.0 (2416364)|HEAP_ALLOCATE|[56]|Bytes:5
07:44:16.0 (2423792)|HEAP_ALLOCATE|[64]|Bytes:7
07:44:16.0 (2443444)|SYSTEM_MODE_ENTER|false
07:44:16.0 (2454922)|HEAP_ALLOCATE|[EXTERNAL]|Bytes:5
07:44:16.0 (2461684)|SYSTEM_MODE_EXIT|false
07:44:16.0 (2471285)|METHOD_EXIT|[1]|BoatSearchController
07:44:16.0 (2480517)|SYSTEM_MODE_ENTER|false
07:44:16.0 (2492471)|HEAP_ALLOCATE|[4]|Bytes:5
07:44:16.0 (2496663)|STATEMENT_EXECUTE|[3]
07:44:16.0 (2498520)|STATEMENT_EXECUTE|[4]
07:44:16.0 (2501794)|HEAP_ALLOCATE|[4]|Bytes:32
07:44:16.0 (2517694)|HEAP_ALLOCATE|[4]|Bytes:4
07:44:16.0 (3194780)|SOQL_EXECUTE_BEGIN|[4]|Aggregations:0|SELECT Id, Name FROM BoatType__c
07:44:16.0 (6114619)|SOQL_EXECUTE_END|[4]|Rows:8
07:44:16.0 (6134128)|HEAP_ALLOCATE|[4]|Bytes:36
07:44:16.0 (6159347)|HEAP_ALLOCATE|[4]|Bytes:375
07:44:16.0 (6192023)|HEAP_ALLOCATE|[4]|Bytes:36
07:44:16.0 (6207257)|SYSTEM_MODE_EXIT|false
07:44:16.6 (6232649)|CUMULATIVE_LIMIT_USAGE
07:44:16.6 (6232649)|LIMIT_USAGE_FOR_NS|(default)|
  Number of SOQL queries: 1 out of 100
  Number of query rows: 8 out of 50000
  Number of SOSL queries: 0 out of 20
  Number of DML statements: 0 out of 150
  Number of DML rows: 0 out of 10000
  Maximum CPU time: 0 out of 10000
  Maximum heap size: 0 out of 6000000
  Number of callouts: 0 out of 100
  Number of Email Invocations: 0 out of 10
  Number of future calls: 0 out of 50
  Number of queueable jobs added to the queue: 0 out of 50
  Number of Mobile Apex push calls: 0 out of 10

07:44:16.6 (6232649)|CUMULATIVE_LIMIT_USAGE_END

07:44:16.0 (6287059)|CODE_UNIT_FINISHED|BoatSearchController.getBoatTypes
07:44:16.0 (6374478)|CODE_UNIT_FINISHED|Aura
07:44:16.0 (7505708)|EXECUTION_FINISHED
