42.0 APEX_CODE,FINEST;APEX_PROFILING,INFO;CALLOUT,INFO;DB,INFO;SYSTEM,DEBUG;VALIDATION,INFO;VISUALFORCE,INFO;WAVE,INFO;WORKFLOW,INFO
12:19:43.0 (70333)|USER_INFO|[EXTERNAL]|005f4000001gayX|lrodriguez@curious-bear-277664.com|Pacific Standard Time|GMT-07:00
12:19:43.0 (101336)|EXECUTION_STARTED
12:19:43.0 (105243)|CODE_UNIT_STARTED|[EXTERNAL]|Aura
12:19:43.0 (1267239)|CODE_UNIT_STARTED|[EXTERNAL]|01pf400000CcJkp|BoatSearchController.getBoatTypes
12:19:43.0 (1424002)|HEAP_ALLOCATE|[72]|Bytes:3
12:19:43.0 (1468687)|HEAP_ALLOCATE|[77]|Bytes:152
12:19:43.0 (1486967)|HEAP_ALLOCATE|[342]|Bytes:408
12:19:43.0 (1506663)|HEAP_ALLOCATE|[355]|Bytes:408
12:19:43.0 (1525079)|HEAP_ALLOCATE|[467]|Bytes:48
12:19:43.0 (1562527)|HEAP_ALLOCATE|[139]|Bytes:6
12:19:43.0 (1639333)|HEAP_ALLOCATE|[EXTERNAL]|Bytes:1
12:19:43.0 (1652851)|METHOD_ENTRY|[1]|01pf400000CcJkp|BoatSearchController.BoatSearchController()
12:19:43.0 (1659645)|STATEMENT_EXECUTE|[1]
12:19:43.0 (1665186)|STATEMENT_EXECUTE|[1]
12:19:43.0 (1692372)|HEAP_ALLOCATE|[50]|Bytes:5
12:19:43.0 (1711893)|HEAP_ALLOCATE|[56]|Bytes:5
12:19:43.0 (1718540)|HEAP_ALLOCATE|[64]|Bytes:7
12:19:43.0 (1740840)|SYSTEM_MODE_ENTER|false
12:19:43.0 (1751950)|HEAP_ALLOCATE|[EXTERNAL]|Bytes:5
12:19:43.0 (1759353)|SYSTEM_MODE_EXIT|false
12:19:43.0 (1768052)|METHOD_EXIT|[1]|BoatSearchController
12:19:43.0 (1796402)|SYSTEM_MODE_ENTER|false
12:19:43.0 (1814786)|HEAP_ALLOCATE|[4]|Bytes:5
12:19:43.0 (1821129)|STATEMENT_EXECUTE|[3]
12:19:43.0 (1823398)|STATEMENT_EXECUTE|[4]
12:19:43.0 (1826533)|HEAP_ALLOCATE|[4]|Bytes:32
12:19:43.0 (1844282)|HEAP_ALLOCATE|[4]|Bytes:4
12:19:43.0 (2122609)|SOQL_EXECUTE_BEGIN|[4]|Aggregations:0|SELECT Id, Name FROM BoatType__c
12:19:43.0 (4178238)|SOQL_EXECUTE_END|[4]|Rows:8
12:19:43.0 (4202165)|HEAP_ALLOCATE|[4]|Bytes:36
12:19:43.0 (4227352)|HEAP_ALLOCATE|[4]|Bytes:375
12:19:43.0 (4308186)|HEAP_ALLOCATE|[4]|Bytes:36
12:19:43.0 (4326265)|SYSTEM_MODE_EXIT|false
12:19:43.4 (4351801)|CUMULATIVE_LIMIT_USAGE
12:19:43.4 (4351801)|LIMIT_USAGE_FOR_NS|(default)|
  Number of SOQL queries: 1 out of 100
  Number of query rows: 8 out of 50000
  Number of SOSL queries: 0 out of 20
  Number of DML statements: 0 out of 150
  Number of DML rows: 0 out of 10000
  Maximum CPU time: 0 out of 10000
  Maximum heap size: 0 out of 6000000
  Number of callouts: 0 out of 100
  Number of Email Invocations: 0 out of 10
  Number of future calls: 0 out of 50
  Number of queueable jobs added to the queue: 0 out of 50
  Number of Mobile Apex push calls: 0 out of 10

12:19:43.4 (4351801)|CUMULATIVE_LIMIT_USAGE_END

12:19:43.0 (4382416)|CODE_UNIT_FINISHED|BoatSearchController.getBoatTypes
12:19:43.0 (4468009)|CODE_UNIT_FINISHED|Aura
12:19:43.0 (5647799)|EXECUTION_FINISHED
