42.0 APEX_CODE,FINEST;APEX_PROFILING,INFO;CALLOUT,INFO;DB,INFO;SYSTEM,DEBUG;VALIDATION,INFO;VISUALFORCE,INFO;WAVE,INFO;WORKFLOW,INFO
07:30:10.0 (349525)|USER_INFO|[EXTERNAL]|005f4000001gayX|lrodriguez@curious-bear-277664.com|Pacific Standard Time|GMT-07:00
07:30:10.0 (385646)|EXECUTION_STARTED
07:30:10.0 (390235)|CODE_UNIT_STARTED|[EXTERNAL]|Aura
07:30:10.0 (2223276)|CODE_UNIT_STARTED|[EXTERNAL]|01pf400000CcJkp|BoatSearchController.getBoatTypes
07:30:10.0 (2509031)|HEAP_ALLOCATE|[72]|Bytes:3
07:30:10.0 (2559848)|HEAP_ALLOCATE|[77]|Bytes:152
07:30:10.0 (2574008)|HEAP_ALLOCATE|[342]|Bytes:408
07:30:10.0 (2587292)|HEAP_ALLOCATE|[355]|Bytes:408
07:30:10.0 (2600024)|HEAP_ALLOCATE|[467]|Bytes:48
07:30:10.0 (2624874)|HEAP_ALLOCATE|[139]|Bytes:6
07:30:10.0 (2639349)|HEAP_ALLOCATE|[EXTERNAL]|Bytes:1
07:30:10.0 (2678056)|METHOD_ENTRY|[1]|01pf400000CcJkp|BoatSearchController.BoatSearchController()
07:30:10.0 (2684775)|STATEMENT_EXECUTE|[1]
07:30:10.0 (2689275)|STATEMENT_EXECUTE|[1]
07:30:10.0 (2714833)|HEAP_ALLOCATE|[50]|Bytes:5
07:30:10.0 (2731645)|HEAP_ALLOCATE|[56]|Bytes:5
07:30:10.0 (2739104)|HEAP_ALLOCATE|[64]|Bytes:7
07:30:10.0 (2758580)|SYSTEM_MODE_ENTER|false
07:30:10.0 (2770272)|HEAP_ALLOCATE|[EXTERNAL]|Bytes:5
07:30:10.0 (2777024)|SYSTEM_MODE_EXIT|false
07:30:10.0 (2795445)|METHOD_EXIT|[1]|BoatSearchController
07:30:10.0 (2806951)|SYSTEM_MODE_ENTER|false
07:30:10.0 (2819165)|HEAP_ALLOCATE|[4]|Bytes:5
07:30:10.0 (2823117)|STATEMENT_EXECUTE|[3]
07:30:10.0 (2824956)|STATEMENT_EXECUTE|[4]
07:30:10.0 (2828239)|HEAP_ALLOCATE|[4]|Bytes:32
07:30:10.0 (2841794)|HEAP_ALLOCATE|[4]|Bytes:4
07:30:10.0 (3435319)|SOQL_EXECUTE_BEGIN|[4]|Aggregations:0|SELECT Id, Name FROM BoatType__c
07:30:10.0 (6466258)|SOQL_EXECUTE_END|[4]|Rows:0
07:30:10.0 (6489594)|HEAP_ALLOCATE|[4]|Bytes:4
07:30:10.0 (6499825)|HEAP_ALLOCATE|[4]|Bytes:0
07:30:10.0 (6532936)|HEAP_ALLOCATE|[4]|Bytes:4
07:30:10.0 (6546955)|SYSTEM_MODE_EXIT|false
07:30:10.6 (6568419)|CUMULATIVE_LIMIT_USAGE
07:30:10.6 (6568419)|LIMIT_USAGE_FOR_NS|(default)|
  Number of SOQL queries: 1 out of 100
  Number of query rows: 0 out of 50000
  Number of SOSL queries: 0 out of 20
  Number of DML statements: 0 out of 150
  Number of DML rows: 0 out of 10000
  Maximum CPU time: 0 out of 10000
  Maximum heap size: 0 out of 6000000
  Number of callouts: 0 out of 100
  Number of Email Invocations: 0 out of 10
  Number of future calls: 0 out of 50
  Number of queueable jobs added to the queue: 0 out of 50
  Number of Mobile Apex push calls: 0 out of 10

07:30:10.6 (6568419)|CUMULATIVE_LIMIT_USAGE_END

07:30:10.0 (6597073)|CODE_UNIT_FINISHED|BoatSearchController.getBoatTypes
07:30:10.0 (6659162)|CODE_UNIT_FINISHED|Aura
07:30:10.0 (8077794)|EXECUTION_FINISHED
