42.0 APEX_CODE,FINEST;APEX_PROFILING,INFO;CALLOUT,INFO;DB,INFO;SYSTEM,DEBUG;VALIDATION,INFO;VISUALFORCE,INFO;WAVE,INFO;WORKFLOW,INFO
07:35:55.0 (78438)|USER_INFO|[EXTERNAL]|005f4000001gayX|lrodriguez@curious-bear-277664.com|Pacific Standard Time|GMT-07:00
07:35:55.0 (133038)|EXECUTION_STARTED
07:35:55.0 (139862)|CODE_UNIT_STARTED|[EXTERNAL]|Aura
07:35:55.0 (1492637)|CODE_UNIT_STARTED|[EXTERNAL]|01pf400000CcJkp|BoatSearchController.getBoatTypes
07:35:55.0 (1684220)|HEAP_ALLOCATE|[72]|Bytes:3
07:35:55.0 (1729878)|HEAP_ALLOCATE|[77]|Bytes:152
07:35:55.0 (1750735)|HEAP_ALLOCATE|[342]|Bytes:408
07:35:55.0 (1771888)|HEAP_ALLOCATE|[355]|Bytes:408
07:35:55.0 (1792796)|HEAP_ALLOCATE|[467]|Bytes:48
07:35:55.0 (1826684)|HEAP_ALLOCATE|[139]|Bytes:6
07:35:55.0 (1895979)|HEAP_ALLOCATE|[EXTERNAL]|Bytes:1
07:35:55.0 (1910865)|METHOD_ENTRY|[1]|01pf400000CcJkp|BoatSearchController.BoatSearchController()
07:35:55.0 (1920980)|STATEMENT_EXECUTE|[1]
07:35:55.0 (1926658)|STATEMENT_EXECUTE|[1]
07:35:55.0 (1966836)|HEAP_ALLOCATE|[50]|Bytes:5
07:35:55.0 (1991297)|HEAP_ALLOCATE|[56]|Bytes:5
07:35:55.0 (2003966)|HEAP_ALLOCATE|[64]|Bytes:7
07:35:55.0 (2035741)|SYSTEM_MODE_ENTER|false
07:35:55.0 (2052943)|HEAP_ALLOCATE|[EXTERNAL]|Bytes:5
07:35:55.0 (2063155)|SYSTEM_MODE_EXIT|false
07:35:55.0 (2076386)|METHOD_EXIT|[1]|BoatSearchController
07:35:55.0 (2093391)|SYSTEM_MODE_ENTER|false
07:35:55.0 (2111994)|HEAP_ALLOCATE|[4]|Bytes:5
07:35:55.0 (2118987)|STATEMENT_EXECUTE|[3]
07:35:55.0 (2121727)|STATEMENT_EXECUTE|[4]
07:35:55.0 (2126716)|HEAP_ALLOCATE|[4]|Bytes:32
07:35:55.0 (2147403)|HEAP_ALLOCATE|[4]|Bytes:4
07:35:55.0 (2556433)|SOQL_EXECUTE_BEGIN|[4]|Aggregations:0|SELECT Id, Name FROM BoatType__c
07:35:55.0 (6638951)|SOQL_EXECUTE_END|[4]|Rows:8
07:35:55.0 (6668289)|HEAP_ALLOCATE|[4]|Bytes:36
07:35:55.0 (6699692)|HEAP_ALLOCATE|[4]|Bytes:375
07:35:55.0 (6804291)|HEAP_ALLOCATE|[4]|Bytes:36
07:35:55.0 (6822014)|SYSTEM_MODE_EXIT|false
07:35:55.6 (6849170)|CUMULATIVE_LIMIT_USAGE
07:35:55.6 (6849170)|LIMIT_USAGE_FOR_NS|(default)|
  Number of SOQL queries: 1 out of 100
  Number of query rows: 8 out of 50000
  Number of SOSL queries: 0 out of 20
  Number of DML statements: 0 out of 150
  Number of DML rows: 0 out of 10000
  Maximum CPU time: 0 out of 10000
  Maximum heap size: 0 out of 6000000
  Number of callouts: 0 out of 100
  Number of Email Invocations: 0 out of 10
  Number of future calls: 0 out of 50
  Number of queueable jobs added to the queue: 0 out of 50
  Number of Mobile Apex push calls: 0 out of 10

07:35:55.6 (6849170)|CUMULATIVE_LIMIT_USAGE_END

07:35:55.0 (6884810)|CODE_UNIT_FINISHED|BoatSearchController.getBoatTypes
07:35:55.0 (6986801)|CODE_UNIT_FINISHED|Aura
07:35:55.0 (8756632)|EXECUTION_FINISHED
