42.0 APEX_CODE,FINEST;APEX_PROFILING,INFO;CALLOUT,INFO;DB,INFO;SYSTEM,DEBUG;VALIDATION,INFO;VISUALFORCE,INFO;WAVE,INFO;WORKFLOW,INFO
12:37:32.0 (68265)|USER_INFO|[EXTERNAL]|005f4000001gayX|lrodriguez@curious-bear-277664.com|Pacific Standard Time|GMT-07:00
12:37:32.0 (103369)|EXECUTION_STARTED
12:37:32.0 (108014)|CODE_UNIT_STARTED|[EXTERNAL]|Aura
12:37:32.0 (814157)|HEAP_ALLOCATE|[72]|Bytes:3
12:37:32.0 (856845)|HEAP_ALLOCATE|[77]|Bytes:152
12:37:32.0 (871773)|HEAP_ALLOCATE|[342]|Bytes:408
12:37:32.0 (883574)|HEAP_ALLOCATE|[355]|Bytes:408
12:37:32.0 (894091)|HEAP_ALLOCATE|[467]|Bytes:48
12:37:32.0 (918570)|HEAP_ALLOCATE|[139]|Bytes:6
12:37:32.0 (1732136)|CODE_UNIT_STARTED|[EXTERNAL]|01pf400000CcM2l|BoatSearchResults.getBoats
12:37:32.0 (1823999)|HEAP_ALLOCATE|[EXTERNAL]|Bytes:1
12:37:32.0 (1836153)|METHOD_ENTRY|[1]|01pf400000CcM2l|BoatSearchResults.BoatSearchResults()
12:37:32.0 (1842803)|STATEMENT_EXECUTE|[1]
12:37:32.0 (1848305)|STATEMENT_EXECUTE|[1]
12:37:32.0 (1879041)|HEAP_ALLOCATE|[50]|Bytes:5
12:37:32.0 (1904077)|HEAP_ALLOCATE|[56]|Bytes:5
12:37:32.0 (1911060)|HEAP_ALLOCATE|[64]|Bytes:7
12:37:32.0 (1935108)|SYSTEM_MODE_ENTER|false
12:37:32.0 (1949571)|HEAP_ALLOCATE|[EXTERNAL]|Bytes:5
12:37:32.0 (1958057)|SYSTEM_MODE_EXIT|false
12:37:32.0 (1967181)|METHOD_EXIT|[1]|BoatSearchResults
12:37:32.0 (1978118)|SYSTEM_MODE_ENTER|false
12:37:32.0 (1984836)|VARIABLE_SCOPE_BEGIN|[3]|boatTypeId|String|false|false
12:37:32.0 (2005639)|VARIABLE_ASSIGNMENT|[3]|boatTypeId|""
12:37:32.0 (2020695)|HEAP_ALLOCATE|[4]|Bytes:5
12:37:32.0 (2025584)|STATEMENT_EXECUTE|[3]
12:37:32.0 (2027426)|STATEMENT_EXECUTE|[4]
12:37:32.0 (2103627)|HEAP_ALLOCATE|[4]|Bytes:4
12:37:32.0 (2169741)|VARIABLE_SCOPE_BEGIN|[4]|boats|List<Boat__c>|true|false
12:37:32.0 (2182117)|HEAP_ALLOCATE|[EXTERNAL]|Bytes:4
12:37:32.0 (2194901)|VARIABLE_ASSIGNMENT|[4]|boats|[]|0x21dab70f
12:37:32.0 (2200547)|STATEMENT_EXECUTE|[5]
12:37:32.0 (2203827)|HEAP_ALLOCATE|[5]|Bytes:57
12:37:32.0 (2208646)|VARIABLE_SCOPE_BEGIN|[5]|query|String|false|false
12:37:32.0 (2225595)|VARIABLE_ASSIGNMENT|[5]|query|"SELECT Id, Name, Con (37 more) ..."
12:37:32.0 (2251247)|STATEMENT_EXECUTE|[6]
12:37:32.0 (2252880)|STATEMENT_EXECUTE|[7]
12:37:32.0 (2759312)|SOQL_EXECUTE_BEGIN|[7]|Aggregations:0|SELECT Id, Name, Contact__r.Name, Picture__c FROM Boat__c
12:37:32.0 (6220226)|SOQL_EXECUTE_END|[7]|Rows:10
12:37:32.0 (6246998)|HEAP_ALLOCATE|[7]|Bytes:44
12:37:32.0 (6292618)|HEAP_ALLOCATE|[7]|Bytes:1923
12:37:32.0 (6325942)|HEAP_ALLOCATE|[7]|Bytes:44
12:37:32.0 (6357049)|VARIABLE_ASSIGNMENT|[7]|boats|"List of size 10 too large to display"|0x222f7513
12:37:32.0 (6366842)|STATEMENT_EXECUTE|[11]
12:37:32.0 (6377119)|SYSTEM_MODE_EXIT|false
12:37:32.6 (6397841)|CUMULATIVE_LIMIT_USAGE
12:37:32.6 (6397841)|LIMIT_USAGE_FOR_NS|(default)|
  Number of SOQL queries: 1 out of 100
  Number of query rows: 10 out of 50000
  Number of SOSL queries: 0 out of 20
  Number of DML statements: 0 out of 150
  Number of DML rows: 0 out of 10000
  Maximum CPU time: 0 out of 10000
  Maximum heap size: 0 out of 6000000
  Number of callouts: 0 out of 100
  Number of Email Invocations: 0 out of 10
  Number of future calls: 0 out of 50
  Number of queueable jobs added to the queue: 0 out of 50
  Number of Mobile Apex push calls: 0 out of 10

12:37:32.6 (6397841)|CUMULATIVE_LIMIT_USAGE_END

12:37:32.0 (6430679)|CODE_UNIT_FINISHED|BoatSearchResults.getBoats
12:37:32.0 (6552182)|CODE_UNIT_FINISHED|Aura
12:37:32.0 (7705613)|EXECUTION_FINISHED
