42.0 APEX_CODE,FINEST;APEX_PROFILING,INFO;CALLOUT,INFO;DB,INFO;SYSTEM,DEBUG;VALIDATION,INFO;VISUALFORCE,INFO;WAVE,INFO;WORKFLOW,INFO
12:38:43.0 (68680)|USER_INFO|[EXTERNAL]|005f4000001gayX|lrodriguez@curious-bear-277664.com|Pacific Standard Time|GMT-07:00
12:38:43.0 (104744)|EXECUTION_STARTED
12:38:43.0 (109131)|CODE_UNIT_STARTED|[EXTERNAL]|Aura
12:38:43.0 (885909)|HEAP_ALLOCATE|[72]|Bytes:3
12:38:43.0 (924250)|HEAP_ALLOCATE|[77]|Bytes:152
12:38:43.0 (939504)|HEAP_ALLOCATE|[342]|Bytes:408
12:38:43.0 (951044)|HEAP_ALLOCATE|[355]|Bytes:408
12:38:43.0 (961267)|HEAP_ALLOCATE|[467]|Bytes:48
12:38:43.0 (986693)|HEAP_ALLOCATE|[139]|Bytes:6
12:38:43.0 (1806359)|CODE_UNIT_STARTED|[EXTERNAL]|01pf400000CcM2l|BoatSearchResults.getBoats
12:38:43.0 (1905423)|HEAP_ALLOCATE|[EXTERNAL]|Bytes:1
12:38:43.0 (1917808)|METHOD_ENTRY|[1]|01pf400000CcM2l|BoatSearchResults.BoatSearchResults()
12:38:43.0 (1924830)|STATEMENT_EXECUTE|[1]
12:38:43.0 (1930475)|STATEMENT_EXECUTE|[1]
12:38:43.0 (1973552)|HEAP_ALLOCATE|[50]|Bytes:5
12:38:43.0 (2009404)|HEAP_ALLOCATE|[56]|Bytes:5
12:38:43.0 (2023444)|HEAP_ALLOCATE|[64]|Bytes:7
12:38:43.0 (2047551)|SYSTEM_MODE_ENTER|false
12:38:43.0 (2063274)|HEAP_ALLOCATE|[EXTERNAL]|Bytes:5
12:38:43.0 (2071778)|SYSTEM_MODE_EXIT|false
12:38:43.0 (2080344)|METHOD_EXIT|[1]|BoatSearchResults
12:38:43.0 (2091578)|SYSTEM_MODE_ENTER|false
12:38:43.0 (2099241)|VARIABLE_SCOPE_BEGIN|[3]|boatTypeId|String|false|false
12:38:43.0 (2127052)|VARIABLE_ASSIGNMENT|[3]|boatTypeId|""
12:38:43.0 (2142353)|HEAP_ALLOCATE|[4]|Bytes:5
12:38:43.0 (2147581)|STATEMENT_EXECUTE|[3]
12:38:43.0 (2149523)|STATEMENT_EXECUTE|[4]
12:38:43.0 (2251220)|HEAP_ALLOCATE|[4]|Bytes:4
12:38:43.0 (2322769)|VARIABLE_SCOPE_BEGIN|[4]|boats|List<Boat__c>|true|false
12:38:43.0 (2334499)|HEAP_ALLOCATE|[EXTERNAL]|Bytes:4
12:38:43.0 (2349724)|VARIABLE_ASSIGNMENT|[4]|boats|[]|0x72eef052
12:38:43.0 (2356045)|STATEMENT_EXECUTE|[5]
12:38:43.0 (2359539)|HEAP_ALLOCATE|[5]|Bytes:57
12:38:43.0 (2364597)|VARIABLE_SCOPE_BEGIN|[5]|query|String|false|false
12:38:43.0 (2377279)|VARIABLE_ASSIGNMENT|[5]|query|"SELECT Id, Name, Con (37 more) ..."
12:38:43.0 (2402204)|STATEMENT_EXECUTE|[6]
12:38:43.0 (2404840)|STATEMENT_EXECUTE|[7]
12:38:43.0 (3007108)|SOQL_EXECUTE_BEGIN|[7]|Aggregations:0|SELECT Id, Name, Contact__r.Name, Picture__c FROM Boat__c
12:38:43.0 (6741613)|SOQL_EXECUTE_END|[7]|Rows:10
12:38:43.0 (6764770)|HEAP_ALLOCATE|[7]|Bytes:44
12:38:43.0 (6805275)|HEAP_ALLOCATE|[7]|Bytes:1923
12:38:43.0 (6834268)|HEAP_ALLOCATE|[7]|Bytes:44
12:38:43.0 (6867937)|VARIABLE_ASSIGNMENT|[7]|boats|"List of size 10 too large to display"|0x6a703119
12:38:43.0 (6876015)|STATEMENT_EXECUTE|[11]
12:38:43.0 (6885661)|SYSTEM_MODE_EXIT|false
12:38:43.6 (6925168)|CUMULATIVE_LIMIT_USAGE
12:38:43.6 (6925168)|LIMIT_USAGE_FOR_NS|(default)|
  Number of SOQL queries: 1 out of 100
  Number of query rows: 10 out of 50000
  Number of SOSL queries: 0 out of 20
  Number of DML statements: 0 out of 150
  Number of DML rows: 0 out of 10000
  Maximum CPU time: 0 out of 10000
  Maximum heap size: 0 out of 6000000
  Number of callouts: 0 out of 100
  Number of Email Invocations: 0 out of 10
  Number of future calls: 0 out of 50
  Number of queueable jobs added to the queue: 0 out of 50
  Number of Mobile Apex push calls: 0 out of 10

12:38:43.6 (6925168)|CUMULATIVE_LIMIT_USAGE_END

12:38:43.0 (6957980)|CODE_UNIT_FINISHED|BoatSearchResults.getBoats
12:38:43.0 (7098516)|CODE_UNIT_FINISHED|Aura
12:38:43.0 (8305618)|EXECUTION_FINISHED
