42.0 APEX_CODE,FINEST;APEX_PROFILING,INFO;CALLOUT,INFO;DB,INFO;SYSTEM,DEBUG;VALIDATION,INFO;VISUALFORCE,INFO;WAVE,INFO;WORKFLOW,INFO
12:42:41.0 (340632)|USER_INFO|[EXTERNAL]|005f4000001gayX|lrodriguez@curious-bear-277664.com|Pacific Standard Time|GMT-07:00
12:42:41.0 (377319)|EXECUTION_STARTED
12:42:41.0 (382790)|CODE_UNIT_STARTED|[EXTERNAL]|Aura
12:42:41.0 (1946705)|CODE_UNIT_STARTED|[EXTERNAL]|01pf400000CcJkp|BoatSearchController.getBoatTypes
12:42:41.0 (2104660)|HEAP_ALLOCATE|[72]|Bytes:3
12:42:41.0 (2146901)|HEAP_ALLOCATE|[77]|Bytes:152
12:42:41.0 (2162663)|HEAP_ALLOCATE|[342]|Bytes:408
12:42:41.0 (2175071)|HEAP_ALLOCATE|[355]|Bytes:408
12:42:41.0 (2185693)|HEAP_ALLOCATE|[467]|Bytes:48
12:42:41.0 (2213904)|HEAP_ALLOCATE|[139]|Bytes:6
12:42:41.0 (2280556)|HEAP_ALLOCATE|[EXTERNAL]|Bytes:1
12:42:41.0 (2291129)|METHOD_ENTRY|[1]|01pf400000CcJkp|BoatSearchController.BoatSearchController()
12:42:41.0 (2298200)|STATEMENT_EXECUTE|[1]
12:42:41.0 (2302819)|STATEMENT_EXECUTE|[1]
12:42:41.0 (2330821)|HEAP_ALLOCATE|[50]|Bytes:5
12:42:41.0 (2353039)|HEAP_ALLOCATE|[56]|Bytes:5
12:42:41.0 (2359915)|HEAP_ALLOCATE|[64]|Bytes:7
12:42:41.0 (2382571)|SYSTEM_MODE_ENTER|false
12:42:41.0 (2393964)|HEAP_ALLOCATE|[EXTERNAL]|Bytes:5
12:42:41.0 (2402355)|SYSTEM_MODE_EXIT|false
12:42:41.0 (2409957)|METHOD_EXIT|[1]|BoatSearchController
12:42:41.0 (2420285)|SYSTEM_MODE_ENTER|false
12:42:41.0 (2434055)|HEAP_ALLOCATE|[4]|Bytes:5
12:42:41.0 (2438105)|STATEMENT_EXECUTE|[3]
12:42:41.0 (2439918)|STATEMENT_EXECUTE|[4]
12:42:41.0 (2442431)|HEAP_ALLOCATE|[4]|Bytes:32
12:42:41.0 (2456277)|HEAP_ALLOCATE|[4]|Bytes:4
12:42:41.0 (3055654)|SOQL_EXECUTE_BEGIN|[4]|Aggregations:0|SELECT Id, Name FROM BoatType__c
12:42:41.0 (5071226)|SOQL_EXECUTE_END|[4]|Rows:8
12:42:41.0 (5095630)|HEAP_ALLOCATE|[4]|Bytes:36
12:42:41.0 (5123163)|HEAP_ALLOCATE|[4]|Bytes:375
12:42:41.0 (5217795)|HEAP_ALLOCATE|[4]|Bytes:36
12:42:41.0 (5235344)|SYSTEM_MODE_EXIT|false
12:42:41.5 (5261449)|CUMULATIVE_LIMIT_USAGE
12:42:41.5 (5261449)|LIMIT_USAGE_FOR_NS|(default)|
  Number of SOQL queries: 1 out of 100
  Number of query rows: 8 out of 50000
  Number of SOSL queries: 0 out of 20
  Number of DML statements: 0 out of 150
  Number of DML rows: 0 out of 10000
  Maximum CPU time: 0 out of 10000
  Maximum heap size: 0 out of 6000000
  Number of callouts: 0 out of 100
  Number of Email Invocations: 0 out of 10
  Number of future calls: 0 out of 50
  Number of queueable jobs added to the queue: 0 out of 50
  Number of Mobile Apex push calls: 0 out of 10

12:42:41.5 (5261449)|CUMULATIVE_LIMIT_USAGE_END

12:42:41.0 (5291953)|CODE_UNIT_FINISHED|BoatSearchController.getBoatTypes
12:42:41.0 (5375645)|CODE_UNIT_FINISHED|Aura
12:42:41.0 (6448465)|EXECUTION_FINISHED
12:42:41.412 (412548641)|USER_INFO|[EXTERNAL]|005f4000001gayX|lrodriguez@curious-bear-277664.com|Pacific Standard Time|GMT-07:00
12:42:41.412 (412580543)|EXECUTION_STARTED
12:42:41.412 (412587083)|CODE_UNIT_STARTED|[EXTERNAL]|Aura
12:42:41.412 (414465947)|CODE_UNIT_STARTED|[EXTERNAL]|01pf400000CcM2l|BoatSearchResults.getBoats
12:42:41.412 (414561462)|HEAP_ALLOCATE|[EXTERNAL]|Bytes:1
12:42:41.412 (414589426)|METHOD_ENTRY|[1]|01pf400000CcM2l|BoatSearchResults.BoatSearchResults()
12:42:41.412 (414600064)|STATEMENT_EXECUTE|[1]
12:42:41.412 (414608725)|STATEMENT_EXECUTE|[1]
12:42:41.412 (414632015)|SYSTEM_MODE_ENTER|false
12:42:41.412 (414649039)|HEAP_ALLOCATE|[EXTERNAL]|Bytes:5
12:42:41.412 (414663471)|SYSTEM_MODE_EXIT|false
12:42:41.412 (414679241)|METHOD_EXIT|[1]|BoatSearchResults
12:42:41.412 (414700153)|SYSTEM_MODE_ENTER|false
12:42:41.412 (414716514)|VARIABLE_SCOPE_BEGIN|[3]|boatTypeId|String|false|false
12:42:41.412 (414750913)|VARIABLE_ASSIGNMENT|[3]|boatTypeId|""
12:42:41.412 (414773397)|HEAP_ALLOCATE|[4]|Bytes:5
12:42:41.412 (414780357)|STATEMENT_EXECUTE|[3]
12:42:41.412 (414782778)|STATEMENT_EXECUTE|[4]
12:42:41.412 (414865320)|HEAP_ALLOCATE|[4]|Bytes:4
12:42:41.412 (414964249)|VARIABLE_SCOPE_BEGIN|[4]|boats|List<Boat__c>|true|false
12:42:41.412 (414980627)|HEAP_ALLOCATE|[EXTERNAL]|Bytes:4
12:42:41.412 (414999631)|VARIABLE_ASSIGNMENT|[4]|boats|[]|0x6d6a6d48
12:42:41.412 (415009481)|STATEMENT_EXECUTE|[5]
12:42:41.412 (415016332)|HEAP_ALLOCATE|[5]|Bytes:57
12:42:41.412 (415025607)|VARIABLE_SCOPE_BEGIN|[5]|query|String|false|false
12:42:41.412 (415046392)|VARIABLE_ASSIGNMENT|[5]|query|"SELECT Id, Name, Con (37 more) ..."
12:42:41.412 (415089397)|STATEMENT_EXECUTE|[6]
12:42:41.412 (415092573)|STATEMENT_EXECUTE|[7]
12:42:41.412 (415782751)|SOQL_EXECUTE_BEGIN|[7]|Aggregations:0|SELECT Id, Name, Contact__r.Name, Picture__c FROM Boat__c
12:42:41.412 (424050173)|SOQL_EXECUTE_END|[7]|Rows:10
12:42:41.412 (424104879)|HEAP_ALLOCATE|[7]|Bytes:44
12:42:41.412 (424174944)|HEAP_ALLOCATE|[7]|Bytes:1923
12:42:41.412 (424240897)|HEAP_ALLOCATE|[7]|Bytes:44
12:42:41.412 (424308039)|VARIABLE_ASSIGNMENT|[7]|boats|"List of size 10 too large to display"|0x7f062e59
12:42:41.412 (424321482)|STATEMENT_EXECUTE|[11]
12:42:41.412 (424341640)|SYSTEM_MODE_EXIT|false
12:42:41.424 (424376222)|CUMULATIVE_LIMIT_USAGE
12:42:41.424 (424376222)|LIMIT_USAGE_FOR_NS|(default)|
  Number of SOQL queries: 2 out of 100
  Number of query rows: 18 out of 50000
  Number of SOSL queries: 0 out of 20
  Number of DML statements: 0 out of 150
  Number of DML rows: 0 out of 10000
  Maximum CPU time: 0 out of 10000
  Maximum heap size: 0 out of 6000000
  Number of callouts: 0 out of 100
  Number of Email Invocations: 0 out of 10
  Number of future calls: 0 out of 50
  Number of queueable jobs added to the queue: 0 out of 50
  Number of Mobile Apex push calls: 0 out of 10

12:42:41.424 (424376222)|CUMULATIVE_LIMIT_USAGE_END

12:42:41.412 (424424997)|CODE_UNIT_FINISHED|BoatSearchResults.getBoats
12:42:41.412 (424642538)|CODE_UNIT_FINISHED|Aura
12:42:41.412 (425864559)|EXECUTION_FINISHED
