42.0 APEX_CODE,FINEST;APEX_PROFILING,INFO;CALLOUT,INFO;DB,INFO;SYSTEM,DEBUG;VALIDATION,INFO;VISUALFORCE,INFO;WAVE,INFO;WORKFLOW,INFO
09:00:10.0 (327229)|USER_INFO|[EXTERNAL]|005f4000001gayX|lrodriguez@curious-bear-277664.com|Pacific Standard Time|GMT-07:00
09:00:10.0 (364667)|EXECUTION_STARTED
09:00:10.0 (370194)|CODE_UNIT_STARTED|[EXTERNAL]|Aura
09:00:10.0 (2140398)|CODE_UNIT_STARTED|[EXTERNAL]|01pf400000CcJkp|BoatSearchController.getBoatTypes
09:00:10.0 (2380013)|HEAP_ALLOCATE|[72]|Bytes:3
09:00:10.0 (2420196)|HEAP_ALLOCATE|[77]|Bytes:152
09:00:10.0 (2440862)|HEAP_ALLOCATE|[342]|Bytes:408
09:00:10.0 (2457112)|HEAP_ALLOCATE|[355]|Bytes:408
09:00:10.0 (2469696)|HEAP_ALLOCATE|[467]|Bytes:48
09:00:10.0 (2502751)|HEAP_ALLOCATE|[139]|Bytes:6
09:00:10.0 (2528513)|HEAP_ALLOCATE|[EXTERNAL]|Bytes:1
09:00:10.0 (2538959)|METHOD_ENTRY|[1]|01pf400000CcJkp|BoatSearchController.BoatSearchController()
09:00:10.0 (2545766)|STATEMENT_EXECUTE|[1]
09:00:10.0 (2550849)|STATEMENT_EXECUTE|[1]
09:00:10.0 (2575834)|HEAP_ALLOCATE|[50]|Bytes:5
09:00:10.0 (2596256)|HEAP_ALLOCATE|[56]|Bytes:5
09:00:10.0 (2608471)|HEAP_ALLOCATE|[64]|Bytes:7
09:00:10.0 (2635847)|SYSTEM_MODE_ENTER|false
09:00:10.0 (2652622)|HEAP_ALLOCATE|[EXTERNAL]|Bytes:5
09:00:10.0 (2659367)|SYSTEM_MODE_EXIT|false
09:00:10.0 (2668599)|METHOD_EXIT|[1]|BoatSearchController
09:00:10.0 (2679388)|SYSTEM_MODE_ENTER|false
09:00:10.0 (2691806)|HEAP_ALLOCATE|[4]|Bytes:5
09:00:10.0 (2695966)|STATEMENT_EXECUTE|[3]
09:00:10.0 (2697696)|STATEMENT_EXECUTE|[4]
09:00:10.0 (2700795)|HEAP_ALLOCATE|[4]|Bytes:32
09:00:10.0 (2714260)|HEAP_ALLOCATE|[4]|Bytes:4
09:00:10.0 (3296464)|SOQL_EXECUTE_BEGIN|[4]|Aggregations:0|SELECT Id, Name FROM BoatType__c
09:00:10.0 (5677510)|SOQL_EXECUTE_END|[4]|Rows:8
09:00:10.0 (5701270)|HEAP_ALLOCATE|[4]|Bytes:36
09:00:10.0 (5727247)|HEAP_ALLOCATE|[4]|Bytes:375
09:00:10.0 (5762779)|HEAP_ALLOCATE|[4]|Bytes:36
09:00:10.0 (5777568)|SYSTEM_MODE_EXIT|false
09:00:10.5 (5799821)|CUMULATIVE_LIMIT_USAGE
09:00:10.5 (5799821)|LIMIT_USAGE_FOR_NS|(default)|
  Number of SOQL queries: 1 out of 100
  Number of query rows: 8 out of 50000
  Number of SOSL queries: 0 out of 20
  Number of DML statements: 0 out of 150
  Number of DML rows: 0 out of 10000
  Maximum CPU time: 0 out of 10000
  Maximum heap size: 0 out of 6000000
  Number of callouts: 0 out of 100
  Number of Email Invocations: 0 out of 10
  Number of future calls: 0 out of 50
  Number of queueable jobs added to the queue: 0 out of 50
  Number of Mobile Apex push calls: 0 out of 10

09:00:10.5 (5799821)|CUMULATIVE_LIMIT_USAGE_END

09:00:10.0 (5829382)|CODE_UNIT_FINISHED|BoatSearchController.getBoatTypes
09:00:10.0 (5915314)|CODE_UNIT_FINISHED|Aura
09:00:10.0 (7351670)|EXECUTION_FINISHED
