42.0 APEX_CODE,FINEST;APEX_PROFILING,INFO;CALLOUT,INFO;DB,INFO;SYSTEM,DEBUG;VALIDATION,INFO;VISUALFORCE,INFO;WAVE,INFO;WORKFLOW,INFO
12:37:47.0 (50791)|USER_INFO|[EXTERNAL]|005f4000001gayX|lrodriguez@curious-bear-277664.com|Pacific Standard Time|GMT-07:00
12:37:47.0 (76780)|EXECUTION_STARTED
12:37:47.0 (80505)|CODE_UNIT_STARTED|[EXTERNAL]|Aura
12:37:47.0 (1189377)|CODE_UNIT_STARTED|[EXTERNAL]|01pf400000CcJkp|BoatSearchController.getBoatTypes
12:37:47.0 (1294760)|HEAP_ALLOCATE|[72]|Bytes:3
12:37:47.0 (1317614)|HEAP_ALLOCATE|[77]|Bytes:152
12:37:47.0 (1338712)|HEAP_ALLOCATE|[342]|Bytes:408
12:37:47.0 (1359728)|HEAP_ALLOCATE|[355]|Bytes:408
12:37:47.0 (1378686)|HEAP_ALLOCATE|[467]|Bytes:48
12:37:47.0 (1407478)|HEAP_ALLOCATE|[139]|Bytes:6
12:37:47.0 (1448517)|HEAP_ALLOCATE|[EXTERNAL]|Bytes:1
12:37:47.0 (1456667)|METHOD_ENTRY|[1]|01pf400000CcJkp|BoatSearchController.BoatSearchController()
12:37:47.0 (1461786)|STATEMENT_EXECUTE|[1]
12:37:47.0 (1465367)|STATEMENT_EXECUTE|[1]
12:37:47.0 (1489105)|HEAP_ALLOCATE|[50]|Bytes:5
12:37:47.0 (1505269)|HEAP_ALLOCATE|[56]|Bytes:5
12:37:47.0 (1511732)|HEAP_ALLOCATE|[64]|Bytes:7
12:37:47.0 (1532454)|SYSTEM_MODE_ENTER|false
12:37:47.0 (1542085)|HEAP_ALLOCATE|[EXTERNAL]|Bytes:5
12:37:47.0 (1548334)|SYSTEM_MODE_EXIT|false
12:37:47.0 (1555591)|METHOD_EXIT|[1]|BoatSearchController
12:37:47.0 (1565962)|SYSTEM_MODE_ENTER|false
12:37:47.0 (1576049)|HEAP_ALLOCATE|[4]|Bytes:5
12:37:47.0 (1580082)|STATEMENT_EXECUTE|[3]
12:37:47.0 (1581597)|STATEMENT_EXECUTE|[4]
12:37:47.0 (1584225)|HEAP_ALLOCATE|[4]|Bytes:32
12:37:47.0 (1602150)|HEAP_ALLOCATE|[4]|Bytes:4
12:37:47.0 (1827673)|SOQL_EXECUTE_BEGIN|[4]|Aggregations:0|SELECT Id, Name FROM BoatType__c
12:37:47.0 (3831812)|SOQL_EXECUTE_END|[4]|Rows:8
12:37:47.0 (3856119)|HEAP_ALLOCATE|[4]|Bytes:36
12:37:47.0 (3894030)|HEAP_ALLOCATE|[4]|Bytes:375
12:37:47.0 (3975413)|HEAP_ALLOCATE|[4]|Bytes:36
12:37:47.0 (3994482)|SYSTEM_MODE_EXIT|false
12:37:47.4 (4019987)|CUMULATIVE_LIMIT_USAGE
12:37:47.4 (4019987)|LIMIT_USAGE_FOR_NS|(default)|
  Number of SOQL queries: 1 out of 100
  Number of query rows: 8 out of 50000
  Number of SOSL queries: 0 out of 20
  Number of DML statements: 0 out of 150
  Number of DML rows: 0 out of 10000
  Maximum CPU time: 0 out of 10000
  Maximum heap size: 0 out of 6000000
  Number of callouts: 0 out of 100
  Number of Email Invocations: 0 out of 10
  Number of future calls: 0 out of 50
  Number of queueable jobs added to the queue: 0 out of 50
  Number of Mobile Apex push calls: 0 out of 10

12:37:47.4 (4019987)|CUMULATIVE_LIMIT_USAGE_END

12:37:47.0 (4048524)|CODE_UNIT_FINISHED|BoatSearchController.getBoatTypes
12:37:47.0 (4123831)|CODE_UNIT_FINISHED|Aura
12:37:47.0 (5214835)|EXECUTION_FINISHED
12:37:47.20 (20182645)|USER_INFO|[EXTERNAL]|005f4000001gayX|lrodriguez@curious-bear-277664.com|Pacific Standard Time|GMT-07:00
12:37:47.20 (20201498)|EXECUTION_STARTED
12:37:47.20 (20205778)|CODE_UNIT_STARTED|[EXTERNAL]|Aura
12:37:47.20 (21296922)|CODE_UNIT_STARTED|[EXTERNAL]|01pf400000CcM2l|BoatSearchResults.getBoats
12:37:47.20 (21355531)|HEAP_ALLOCATE|[EXTERNAL]|Bytes:1
12:37:47.20 (21373836)|METHOD_ENTRY|[1]|01pf400000CcM2l|BoatSearchResults.BoatSearchResults()
12:37:47.20 (21379663)|STATEMENT_EXECUTE|[1]
12:37:47.20 (21383486)|STATEMENT_EXECUTE|[1]
12:37:47.20 (21398778)|SYSTEM_MODE_ENTER|false
12:37:47.20 (21410971)|HEAP_ALLOCATE|[EXTERNAL]|Bytes:5
12:37:47.20 (21420258)|SYSTEM_MODE_EXIT|false
12:37:47.20 (21431455)|METHOD_EXIT|[1]|BoatSearchResults
12:37:47.20 (21443151)|SYSTEM_MODE_ENTER|false
12:37:47.20 (21448678)|VARIABLE_SCOPE_BEGIN|[3]|boatTypeId|String|false|false
12:37:47.20 (21465399)|VARIABLE_ASSIGNMENT|[3]|boatTypeId|""
12:37:47.20 (21479577)|HEAP_ALLOCATE|[4]|Bytes:5
12:37:47.20 (21484080)|STATEMENT_EXECUTE|[3]
12:37:47.20 (21485862)|STATEMENT_EXECUTE|[4]
12:37:47.20 (21533264)|HEAP_ALLOCATE|[4]|Bytes:4
12:37:47.20 (21591736)|VARIABLE_SCOPE_BEGIN|[4]|boats|List<Boat__c>|true|false
12:37:47.20 (21603043)|HEAP_ALLOCATE|[EXTERNAL]|Bytes:4
12:37:47.20 (21612921)|VARIABLE_ASSIGNMENT|[4]|boats|[]|0x7f9e5b98
12:37:47.20 (21618323)|STATEMENT_EXECUTE|[5]
12:37:47.20 (21621583)|HEAP_ALLOCATE|[5]|Bytes:57
12:37:47.20 (21626800)|VARIABLE_SCOPE_BEGIN|[5]|query|String|false|false
12:37:47.20 (21637556)|VARIABLE_ASSIGNMENT|[5]|query|"SELECT Id, Name, Con (37 more) ..."
12:37:47.20 (21663019)|STATEMENT_EXECUTE|[6]
12:37:47.20 (21664691)|STATEMENT_EXECUTE|[7]
12:37:47.20 (22197698)|SOQL_EXECUTE_BEGIN|[7]|Aggregations:0|SELECT Id, Name, Contact__r.Name, Picture__c FROM Boat__c
12:37:47.20 (27032487)|SOQL_EXECUTE_END|[7]|Rows:10
12:37:47.20 (27065381)|HEAP_ALLOCATE|[7]|Bytes:44
12:37:47.20 (27113437)|HEAP_ALLOCATE|[7]|Bytes:1923
12:37:47.20 (27152586)|HEAP_ALLOCATE|[7]|Bytes:44
12:37:47.20 (27189819)|VARIABLE_ASSIGNMENT|[7]|boats|"List of size 10 too large to display"|0x4d8fb741
12:37:47.20 (27198736)|STATEMENT_EXECUTE|[11]
12:37:47.20 (27212581)|SYSTEM_MODE_EXIT|false
12:37:47.27 (27233100)|CUMULATIVE_LIMIT_USAGE
12:37:47.27 (27233100)|LIMIT_USAGE_FOR_NS|(default)|
  Number of SOQL queries: 2 out of 100
  Number of query rows: 18 out of 50000
  Number of SOSL queries: 0 out of 20
  Number of DML statements: 0 out of 150
  Number of DML rows: 0 out of 10000
  Maximum CPU time: 0 out of 10000
  Maximum heap size: 0 out of 6000000
  Number of callouts: 0 out of 100
  Number of Email Invocations: 0 out of 10
  Number of future calls: 0 out of 50
  Number of queueable jobs added to the queue: 0 out of 50
  Number of Mobile Apex push calls: 0 out of 10

12:37:47.27 (27233100)|CUMULATIVE_LIMIT_USAGE_END

12:37:47.20 (27262751)|CODE_UNIT_FINISHED|BoatSearchResults.getBoats
12:37:47.20 (27398603)|CODE_UNIT_FINISHED|Aura
12:37:47.20 (28517683)|EXECUTION_FINISHED
