42.0 APEX_CODE,FINEST;APEX_PROFILING,INFO;CALLOUT,INFO;DB,INFO;SYSTEM,DEBUG;VALIDATION,INFO;VISUALFORCE,INFO;WAVE,INFO;WORKFLOW,INFO
07:34:08.0 (72660)|USER_INFO|[EXTERNAL]|005f4000001gayX|lrodriguez@curious-bear-277664.com|Pacific Standard Time|GMT-07:00
07:34:08.0 (129657)|EXECUTION_STARTED
07:34:08.0 (134288)|CODE_UNIT_STARTED|[EXTERNAL]|Aura
07:34:08.0 (1405513)|CODE_UNIT_STARTED|[EXTERNAL]|01pf400000CcJkp|BoatSearchController.getBoatTypes
07:34:08.0 (1543487)|HEAP_ALLOCATE|[72]|Bytes:3
07:34:08.0 (1582276)|HEAP_ALLOCATE|[77]|Bytes:152
07:34:08.0 (1597617)|HEAP_ALLOCATE|[342]|Bytes:408
07:34:08.0 (1610605)|HEAP_ALLOCATE|[355]|Bytes:408
07:34:08.0 (1623932)|HEAP_ALLOCATE|[467]|Bytes:48
07:34:08.0 (1650858)|HEAP_ALLOCATE|[139]|Bytes:6
07:34:08.0 (1698261)|HEAP_ALLOCATE|[EXTERNAL]|Bytes:1
07:34:08.0 (1710068)|METHOD_ENTRY|[1]|01pf400000CcJkp|BoatSearchController.BoatSearchController()
07:34:08.0 (1716766)|STATEMENT_EXECUTE|[1]
07:34:08.0 (1721795)|STATEMENT_EXECUTE|[1]
07:34:08.0 (1751625)|HEAP_ALLOCATE|[50]|Bytes:5
07:34:08.0 (1770466)|HEAP_ALLOCATE|[56]|Bytes:5
07:34:08.0 (1779154)|HEAP_ALLOCATE|[64]|Bytes:7
07:34:08.0 (1801303)|SYSTEM_MODE_ENTER|false
07:34:08.0 (1813884)|HEAP_ALLOCATE|[EXTERNAL]|Bytes:5
07:34:08.0 (1821535)|SYSTEM_MODE_EXIT|false
07:34:08.0 (1830925)|METHOD_EXIT|[1]|BoatSearchController
07:34:08.0 (1840876)|SYSTEM_MODE_ENTER|false
07:34:08.0 (1852223)|HEAP_ALLOCATE|[4]|Bytes:5
07:34:08.0 (1856709)|STATEMENT_EXECUTE|[3]
07:34:08.0 (1858599)|STATEMENT_EXECUTE|[4]
07:34:08.0 (1861825)|HEAP_ALLOCATE|[4]|Bytes:32
07:34:08.0 (1879862)|HEAP_ALLOCATE|[4]|Bytes:4
07:34:08.0 (2203708)|SOQL_EXECUTE_BEGIN|[4]|Aggregations:0|SELECT Id, Name FROM BoatType__c
07:34:08.0 (5952395)|SOQL_EXECUTE_END|[4]|Rows:8
07:34:08.0 (5980708)|HEAP_ALLOCATE|[4]|Bytes:36
07:34:08.0 (6015953)|HEAP_ALLOCATE|[4]|Bytes:375
07:34:08.0 (6122163)|HEAP_ALLOCATE|[4]|Bytes:36
07:34:08.0 (6139992)|SYSTEM_MODE_EXIT|false
07:34:08.6 (6168184)|CUMULATIVE_LIMIT_USAGE
07:34:08.6 (6168184)|LIMIT_USAGE_FOR_NS|(default)|
  Number of SOQL queries: 1 out of 100
  Number of query rows: 8 out of 50000
  Number of SOSL queries: 0 out of 20
  Number of DML statements: 0 out of 150
  Number of DML rows: 0 out of 10000
  Maximum CPU time: 0 out of 10000
  Maximum heap size: 0 out of 6000000
  Number of callouts: 0 out of 100
  Number of Email Invocations: 0 out of 10
  Number of future calls: 0 out of 50
  Number of queueable jobs added to the queue: 0 out of 50
  Number of Mobile Apex push calls: 0 out of 10

07:34:08.6 (6168184)|CUMULATIVE_LIMIT_USAGE_END

07:34:08.0 (6202353)|CODE_UNIT_FINISHED|BoatSearchController.getBoatTypes
07:34:08.0 (6301577)|CODE_UNIT_FINISHED|Aura
07:34:08.0 (7482247)|EXECUTION_FINISHED
