42.0 APEX_CODE,FINEST;APEX_PROFILING,INFO;CALLOUT,INFO;DB,INFO;SYSTEM,DEBUG;VALIDATION,INFO;VISUALFORCE,INFO;WAVE,INFO;WORKFLOW,INFO
12:19:58.0 (64723)|USER_INFO|[EXTERNAL]|005f4000001gayX|lrodriguez@curious-bear-277664.com|Pacific Standard Time|GMT-07:00
12:19:58.0 (98671)|EXECUTION_STARTED
12:19:58.0 (102426)|CODE_UNIT_STARTED|[EXTERNAL]|Aura
12:19:58.0 (1264130)|CODE_UNIT_STARTED|[EXTERNAL]|01pf400000CcJkp|BoatSearchController.getBoatTypes
12:19:58.0 (1398634)|HEAP_ALLOCATE|[72]|Bytes:3
12:19:58.0 (1453105)|HEAP_ALLOCATE|[77]|Bytes:152
12:19:58.0 (1466897)|HEAP_ALLOCATE|[342]|Bytes:408
12:19:58.0 (1478691)|HEAP_ALLOCATE|[355]|Bytes:408
12:19:58.0 (1489277)|HEAP_ALLOCATE|[467]|Bytes:48
12:19:58.0 (1537993)|HEAP_ALLOCATE|[139]|Bytes:6
12:19:58.0 (1580862)|HEAP_ALLOCATE|[EXTERNAL]|Bytes:1
12:19:58.0 (1615356)|METHOD_ENTRY|[1]|01pf400000CcJkp|BoatSearchController.BoatSearchController()
12:19:58.0 (1622283)|STATEMENT_EXECUTE|[1]
12:19:58.0 (1626788)|STATEMENT_EXECUTE|[1]
12:19:58.0 (1652222)|HEAP_ALLOCATE|[50]|Bytes:5
12:19:58.0 (1670341)|HEAP_ALLOCATE|[56]|Bytes:5
12:19:58.0 (1677148)|HEAP_ALLOCATE|[64]|Bytes:7
12:19:58.0 (1704184)|SYSTEM_MODE_ENTER|false
12:19:58.0 (1714001)|HEAP_ALLOCATE|[EXTERNAL]|Bytes:5
12:19:58.0 (1721035)|SYSTEM_MODE_EXIT|false
12:19:58.0 (1739487)|METHOD_EXIT|[1]|BoatSearchController
12:19:58.0 (1750145)|SYSTEM_MODE_ENTER|false
12:19:58.0 (1761083)|HEAP_ALLOCATE|[4]|Bytes:5
12:19:58.0 (1765508)|STATEMENT_EXECUTE|[3]
12:19:58.0 (1767249)|STATEMENT_EXECUTE|[4]
12:19:58.0 (1769516)|HEAP_ALLOCATE|[4]|Bytes:32
12:19:58.0 (1781952)|HEAP_ALLOCATE|[4]|Bytes:4
12:19:58.0 (1991630)|SOQL_EXECUTE_BEGIN|[4]|Aggregations:0|SELECT Id, Name FROM BoatType__c
12:19:58.0 (4790778)|SOQL_EXECUTE_END|[4]|Rows:8
12:19:58.0 (4818852)|HEAP_ALLOCATE|[4]|Bytes:36
12:19:58.0 (4844744)|HEAP_ALLOCATE|[4]|Bytes:375
12:19:58.0 (4917460)|HEAP_ALLOCATE|[4]|Bytes:36
12:19:58.0 (4948841)|SYSTEM_MODE_EXIT|false
12:19:58.4 (4970559)|CUMULATIVE_LIMIT_USAGE
12:19:58.4 (4970559)|LIMIT_USAGE_FOR_NS|(default)|
  Number of SOQL queries: 1 out of 100
  Number of query rows: 8 out of 50000
  Number of SOSL queries: 0 out of 20
  Number of DML statements: 0 out of 150
  Number of DML rows: 0 out of 10000
  Maximum CPU time: 0 out of 10000
  Maximum heap size: 0 out of 6000000
  Number of callouts: 0 out of 100
  Number of Email Invocations: 0 out of 10
  Number of future calls: 0 out of 50
  Number of queueable jobs added to the queue: 0 out of 50
  Number of Mobile Apex push calls: 0 out of 10

12:19:58.4 (4970559)|CUMULATIVE_LIMIT_USAGE_END

12:19:58.0 (4998942)|CODE_UNIT_FINISHED|BoatSearchController.getBoatTypes
12:19:58.0 (5072179)|CODE_UNIT_FINISHED|Aura
12:19:58.0 (6283196)|EXECUTION_FINISHED
12:19:58.22 (22708684)|USER_INFO|[EXTERNAL]|005f4000001gayX|lrodriguez@curious-bear-277664.com|Pacific Standard Time|GMT-07:00
12:19:58.22 (22727880)|EXECUTION_STARTED
12:19:58.22 (22732237)|CODE_UNIT_STARTED|[EXTERNAL]|Aura
12:19:58.22 (24067528)|CODE_UNIT_STARTED|[EXTERNAL]|01pf400000CcM2l|BoatSearchResults.getBoats
12:19:58.22 (24120759)|HEAP_ALLOCATE|[EXTERNAL]|Bytes:1
12:19:58.22 (24138229)|METHOD_ENTRY|[1]|01pf400000CcM2l|BoatSearchResults.BoatSearchResults()
12:19:58.22 (24145253)|STATEMENT_EXECUTE|[1]
12:19:58.22 (24151205)|STATEMENT_EXECUTE|[1]
12:19:58.22 (24163988)|SYSTEM_MODE_ENTER|false
12:19:58.22 (24172731)|HEAP_ALLOCATE|[EXTERNAL]|Bytes:5
12:19:58.22 (24180355)|SYSTEM_MODE_EXIT|false
12:19:58.22 (24190680)|METHOD_EXIT|[1]|BoatSearchResults
12:19:58.22 (24201911)|SYSTEM_MODE_ENTER|false
12:19:58.22 (24209025)|VARIABLE_SCOPE_BEGIN|[3]|boatTypeId|String|false|false
12:19:58.22 (24228387)|VARIABLE_ASSIGNMENT|[3]|boatTypeId|""
12:19:58.22 (24241196)|HEAP_ALLOCATE|[4]|Bytes:5
12:19:58.22 (24245712)|STATEMENT_EXECUTE|[3]
12:19:58.22 (24247393)|STATEMENT_EXECUTE|[4]
12:19:58.22 (24287977)|HEAP_ALLOCATE|[4]|Bytes:4
12:19:58.22 (24415964)|VARIABLE_SCOPE_BEGIN|[4]|boats|List<Boat__c>|true|false
12:19:58.22 (24428409)|HEAP_ALLOCATE|[EXTERNAL]|Bytes:4
12:19:58.22 (24441009)|VARIABLE_ASSIGNMENT|[4]|boats|[]|0x2fc1c0b4
12:19:58.22 (24447173)|STATEMENT_EXECUTE|[5]
12:19:58.22 (24450749)|HEAP_ALLOCATE|[5]|Bytes:57
12:19:58.22 (24455619)|VARIABLE_SCOPE_BEGIN|[5]|query|String|false|false
12:19:58.22 (24467573)|VARIABLE_ASSIGNMENT|[5]|query|"SELECT Id, Name, Con (37 more) ..."
12:19:58.22 (24491181)|STATEMENT_EXECUTE|[6]
12:19:58.22 (24492962)|STATEMENT_EXECUTE|[7]
12:19:58.22 (24998010)|SOQL_EXECUTE_BEGIN|[7]|Aggregations:0|SELECT Id, Name, Contact__r.Name, Picture__c FROM Boat__c
12:19:58.22 (28465703)|SOQL_EXECUTE_END|[7]|Rows:10
12:19:58.22 (28486773)|HEAP_ALLOCATE|[7]|Bytes:44
12:19:58.22 (28527703)|HEAP_ALLOCATE|[7]|Bytes:1923
12:19:58.22 (28555780)|HEAP_ALLOCATE|[7]|Bytes:44
12:19:58.22 (28602631)|VARIABLE_ASSIGNMENT|[7]|boats|"List of size 10 too large to display"|0x18014b97
12:19:58.22 (28610181)|STATEMENT_EXECUTE|[11]
12:19:58.22 (28618068)|SYSTEM_MODE_EXIT|false
12:19:58.28 (28641274)|CUMULATIVE_LIMIT_USAGE
12:19:58.28 (28641274)|LIMIT_USAGE_FOR_NS|(default)|
  Number of SOQL queries: 2 out of 100
  Number of query rows: 18 out of 50000
  Number of SOSL queries: 0 out of 20
  Number of DML statements: 0 out of 150
  Number of DML rows: 0 out of 10000
  Maximum CPU time: 0 out of 10000
  Maximum heap size: 0 out of 6000000
  Number of callouts: 0 out of 100
  Number of Email Invocations: 0 out of 10
  Number of future calls: 0 out of 50
  Number of queueable jobs added to the queue: 0 out of 50
  Number of Mobile Apex push calls: 0 out of 10

12:19:58.28 (28641274)|CUMULATIVE_LIMIT_USAGE_END

12:19:58.22 (28669632)|CODE_UNIT_FINISHED|BoatSearchResults.getBoats
12:19:58.22 (28793739)|CODE_UNIT_FINISHED|Aura
12:19:58.22 (29914197)|EXECUTION_FINISHED
