42.0 APEX_CODE,FINEST;APEX_PROFILING,INFO;CALLOUT,INFO;DB,INFO;SYSTEM,DEBUG;VALIDATION,INFO;VISUALFORCE,INFO;WAVE,INFO;WORKFLOW,INFO
09:00:10.0 (48786)|USER_INFO|[EXTERNAL]|005f4000001gayX|lrodriguez@curious-bear-277664.com|Pacific Standard Time|GMT-07:00
09:00:10.0 (77761)|EXECUTION_STARTED
09:00:10.0 (81547)|CODE_UNIT_STARTED|[EXTERNAL]|Aura
09:00:10.0 (699282)|HEAP_ALLOCATE|[72]|Bytes:3
09:00:10.0 (721688)|HEAP_ALLOCATE|[77]|Bytes:152
09:00:10.0 (732558)|HEAP_ALLOCATE|[342]|Bytes:408
09:00:10.0 (745330)|HEAP_ALLOCATE|[355]|Bytes:408
09:00:10.0 (756990)|HEAP_ALLOCATE|[467]|Bytes:48
09:00:10.0 (775751)|HEAP_ALLOCATE|[139]|Bytes:6
09:00:10.0 (1925637)|CODE_UNIT_STARTED|[EXTERNAL]|01pf400000CcM2l|BoatSearchResults.getBoats
09:00:10.0 (2035728)|HEAP_ALLOCATE|[EXTERNAL]|Bytes:1
09:00:10.0 (2048072)|METHOD_ENTRY|[1]|01pf400000CcM2l|BoatSearchResults.BoatSearchResults()
09:00:10.0 (2053337)|STATEMENT_EXECUTE|[1]
09:00:10.0 (2057146)|STATEMENT_EXECUTE|[1]
09:00:10.0 (2083167)|HEAP_ALLOCATE|[50]|Bytes:5
09:00:10.0 (2101531)|HEAP_ALLOCATE|[56]|Bytes:5
09:00:10.0 (2109280)|HEAP_ALLOCATE|[64]|Bytes:7
09:00:10.0 (2127845)|SYSTEM_MODE_ENTER|false
09:00:10.0 (2136885)|HEAP_ALLOCATE|[EXTERNAL]|Bytes:5
09:00:10.0 (2143204)|SYSTEM_MODE_EXIT|false
09:00:10.0 (2150005)|METHOD_EXIT|[1]|BoatSearchResults
09:00:10.0 (2159421)|SYSTEM_MODE_ENTER|false
09:00:10.0 (2167162)|VARIABLE_SCOPE_BEGIN|[3]|boatTypeId|String|false|false
09:00:10.0 (2190216)|VARIABLE_ASSIGNMENT|[3]|boatTypeId|""
09:00:10.0 (2203290)|HEAP_ALLOCATE|[4]|Bytes:5
09:00:10.0 (2207649)|STATEMENT_EXECUTE|[3]
09:00:10.0 (2209417)|STATEMENT_EXECUTE|[4]
09:00:10.0 (2231544)|HEAP_ALLOCATE|[4]|Bytes:4
09:00:10.0 (2278192)|VARIABLE_SCOPE_BEGIN|[4]|boats|List<Boat__c>|true|false
09:00:10.0 (2289422)|HEAP_ALLOCATE|[EXTERNAL]|Bytes:4
09:00:10.0 (2301432)|VARIABLE_ASSIGNMENT|[4]|boats|[]|0x73aea0da
09:00:10.0 (2308088)|STATEMENT_EXECUTE|[5]
09:00:10.0 (2311249)|HEAP_ALLOCATE|[5]|Bytes:45
09:00:10.0 (2316118)|VARIABLE_SCOPE_BEGIN|[5]|query|String|false|false
09:00:10.0 (2329012)|VARIABLE_ASSIGNMENT|[5]|query|"SELECT Id, Name, Con (25 more) ..."
09:00:10.0 (2350052)|STATEMENT_EXECUTE|[6]
09:00:10.0 (2351938)|STATEMENT_EXECUTE|[7]
09:00:10.0 (3275003)|SOQL_EXECUTE_BEGIN|[7]|Aggregations:0|SELECT Id, Name, Contact__r.Name FROM Boat__c
09:00:10.0 (7345715)|SOQL_EXECUTE_END|[7]|Rows:10
09:00:10.0 (7367560)|HEAP_ALLOCATE|[7]|Bytes:44
09:00:10.0 (7408422)|HEAP_ALLOCATE|[7]|Bytes:1452
09:00:10.0 (7440522)|HEAP_ALLOCATE|[7]|Bytes:44
09:00:10.0 (7468810)|VARIABLE_ASSIGNMENT|[7]|boats|"List of size 10 too large to display"|0x4a26bd70
09:00:10.0 (7475763)|STATEMENT_EXECUTE|[11]
09:00:10.0 (7484946)|SYSTEM_MODE_EXIT|false
09:00:10.7 (7508857)|CUMULATIVE_LIMIT_USAGE
09:00:10.7 (7508857)|LIMIT_USAGE_FOR_NS|(default)|
  Number of SOQL queries: 1 out of 100
  Number of query rows: 10 out of 50000
  Number of SOSL queries: 0 out of 20
  Number of DML statements: 0 out of 150
  Number of DML rows: 0 out of 10000
  Maximum CPU time: 0 out of 10000
  Maximum heap size: 0 out of 6000000
  Number of callouts: 0 out of 100
  Number of Email Invocations: 0 out of 10
  Number of future calls: 0 out of 50
  Number of queueable jobs added to the queue: 0 out of 50
  Number of Mobile Apex push calls: 0 out of 10

09:00:10.7 (7508857)|CUMULATIVE_LIMIT_USAGE_END

09:00:10.0 (7537571)|CODE_UNIT_FINISHED|BoatSearchResults.getBoats
09:00:10.0 (7654846)|CODE_UNIT_FINISHED|Aura
09:00:10.0 (9042643)|EXECUTION_FINISHED
