42.0 APEX_CODE,FINEST;APEX_PROFILING,INFO;CALLOUT,INFO;DB,INFO;SYSTEM,DEBUG;VALIDATION,INFO;VISUALFORCE,INFO;WAVE,INFO;WORKFLOW,INFO
12:29:16.0 (50092)|USER_INFO|[EXTERNAL]|005f4000001gayX|lrodriguez@curious-bear-277664.com|Pacific Standard Time|GMT-07:00
12:29:16.0 (75978)|EXECUTION_STARTED
12:29:16.0 (80426)|CODE_UNIT_STARTED|[EXTERNAL]|Aura
12:29:16.0 (706306)|HEAP_ALLOCATE|[72]|Bytes:3
12:29:16.0 (743155)|HEAP_ALLOCATE|[77]|Bytes:152
12:29:16.0 (757396)|HEAP_ALLOCATE|[342]|Bytes:408
12:29:16.0 (768730)|HEAP_ALLOCATE|[355]|Bytes:408
12:29:16.0 (779007)|HEAP_ALLOCATE|[467]|Bytes:48
12:29:16.0 (800348)|HEAP_ALLOCATE|[139]|Bytes:6
12:29:16.0 (1584109)|CODE_UNIT_STARTED|[EXTERNAL]|01pf400000CcM2l|BoatSearchResults.getBoats
12:29:16.0 (1667102)|HEAP_ALLOCATE|[EXTERNAL]|Bytes:1
12:29:16.0 (1678256)|METHOD_ENTRY|[1]|01pf400000CcM2l|BoatSearchResults.BoatSearchResults()
12:29:16.0 (1684694)|STATEMENT_EXECUTE|[1]
12:29:16.0 (1688936)|STATEMENT_EXECUTE|[1]
12:29:16.0 (1717175)|HEAP_ALLOCATE|[50]|Bytes:5
12:29:16.0 (1738829)|HEAP_ALLOCATE|[56]|Bytes:5
12:29:16.0 (1745835)|HEAP_ALLOCATE|[64]|Bytes:7
12:29:16.0 (1768397)|SYSTEM_MODE_ENTER|false
12:29:16.0 (1779992)|HEAP_ALLOCATE|[EXTERNAL]|Bytes:5
12:29:16.0 (1787499)|SYSTEM_MODE_EXIT|false
12:29:16.0 (1794754)|METHOD_EXIT|[1]|BoatSearchResults
12:29:16.0 (1805065)|SYSTEM_MODE_ENTER|false
12:29:16.0 (1812120)|VARIABLE_SCOPE_BEGIN|[3]|boatTypeId|String|false|false
12:29:16.0 (1831003)|VARIABLE_ASSIGNMENT|[3]|boatTypeId|""
12:29:16.0 (1844607)|HEAP_ALLOCATE|[4]|Bytes:5
12:29:16.0 (1849540)|STATEMENT_EXECUTE|[3]
12:29:16.0 (1851300)|STATEMENT_EXECUTE|[4]
12:29:16.0 (1907766)|HEAP_ALLOCATE|[4]|Bytes:4
12:29:16.0 (1969568)|VARIABLE_SCOPE_BEGIN|[4]|boats|List<Boat__c>|true|false
12:29:16.0 (1981195)|HEAP_ALLOCATE|[EXTERNAL]|Bytes:4
12:29:16.0 (1992887)|VARIABLE_ASSIGNMENT|[4]|boats|[]|0x4d6e04df
12:29:16.0 (1999135)|STATEMENT_EXECUTE|[5]
12:29:16.0 (2002385)|HEAP_ALLOCATE|[5]|Bytes:57
12:29:16.0 (2007824)|VARIABLE_SCOPE_BEGIN|[5]|query|String|false|false
12:29:16.0 (2019043)|VARIABLE_ASSIGNMENT|[5]|query|"SELECT Id, Name, Con (37 more) ..."
12:29:16.0 (2042738)|STATEMENT_EXECUTE|[6]
12:29:16.0 (2044599)|STATEMENT_EXECUTE|[7]
12:29:16.0 (2524552)|SOQL_EXECUTE_BEGIN|[7]|Aggregations:0|SELECT Id, Name, Contact__r.Name, Picture__c FROM Boat__c
12:29:16.0 (5896285)|SOQL_EXECUTE_END|[7]|Rows:10
12:29:16.0 (5918200)|HEAP_ALLOCATE|[7]|Bytes:44
12:29:16.0 (5961755)|HEAP_ALLOCATE|[7]|Bytes:1923
12:29:16.0 (5993560)|HEAP_ALLOCATE|[7]|Bytes:44
12:29:16.0 (6017221)|VARIABLE_ASSIGNMENT|[7]|boats|"List of size 10 too large to display"|0x1913a379
12:29:16.0 (6025444)|STATEMENT_EXECUTE|[11]
12:29:16.0 (6033023)|SYSTEM_MODE_EXIT|false
12:29:16.6 (6050389)|CUMULATIVE_LIMIT_USAGE
12:29:16.6 (6050389)|LIMIT_USAGE_FOR_NS|(default)|
  Number of SOQL queries: 1 out of 100
  Number of query rows: 10 out of 50000
  Number of SOSL queries: 0 out of 20
  Number of DML statements: 0 out of 150
  Number of DML rows: 0 out of 10000
  Maximum CPU time: 0 out of 10000
  Maximum heap size: 0 out of 6000000
  Number of callouts: 0 out of 100
  Number of Email Invocations: 0 out of 10
  Number of future calls: 0 out of 50
  Number of queueable jobs added to the queue: 0 out of 50
  Number of Mobile Apex push calls: 0 out of 10

12:29:16.6 (6050389)|CUMULATIVE_LIMIT_USAGE_END

12:29:16.0 (6076067)|CODE_UNIT_FINISHED|BoatSearchResults.getBoats
12:29:16.0 (6192467)|CODE_UNIT_FINISHED|Aura
12:29:16.0 (7323450)|EXECUTION_FINISHED
