42.0 APEX_CODE,FINEST;APEX_PROFILING,INFO;CALLOUT,INFO;DB,INFO;SYSTEM,DEBUG;VALIDATION,INFO;VISUALFORCE,INFO;WAVE,INFO;WORKFLOW,INFO
12:21:39.0 (75912)|USER_INFO|[EXTERNAL]|005f4000001gayX|lrodriguez@curious-bear-277664.com|Pacific Standard Time|GMT-07:00
12:21:39.0 (109490)|EXECUTION_STARTED
12:21:39.0 (113337)|CODE_UNIT_STARTED|[EXTERNAL]|Aura
12:21:39.0 (911287)|HEAP_ALLOCATE|[72]|Bytes:3
12:21:39.0 (948274)|HEAP_ALLOCATE|[77]|Bytes:152
12:21:39.0 (961408)|HEAP_ALLOCATE|[342]|Bytes:408
12:21:39.0 (972871)|HEAP_ALLOCATE|[355]|Bytes:408
12:21:39.0 (983694)|HEAP_ALLOCATE|[467]|Bytes:48
12:21:39.0 (1006676)|HEAP_ALLOCATE|[139]|Bytes:6
12:21:39.0 (1855981)|CODE_UNIT_STARTED|[EXTERNAL]|01pf400000CcM2l|BoatSearchResults.getBoats
12:21:39.0 (1938889)|HEAP_ALLOCATE|[EXTERNAL]|Bytes:1
12:21:39.0 (1950675)|METHOD_ENTRY|[1]|01pf400000CcM2l|BoatSearchResults.BoatSearchResults()
12:21:39.0 (1957850)|STATEMENT_EXECUTE|[1]
12:21:39.0 (1962635)|STATEMENT_EXECUTE|[1]
12:21:39.0 (1991849)|HEAP_ALLOCATE|[50]|Bytes:5
12:21:39.0 (2013978)|HEAP_ALLOCATE|[56]|Bytes:5
12:21:39.0 (2022000)|HEAP_ALLOCATE|[64]|Bytes:7
12:21:39.0 (2045201)|SYSTEM_MODE_ENTER|false
12:21:39.0 (2055819)|HEAP_ALLOCATE|[EXTERNAL]|Bytes:5
12:21:39.0 (2062527)|SYSTEM_MODE_EXIT|false
12:21:39.0 (2070427)|METHOD_EXIT|[1]|BoatSearchResults
12:21:39.0 (2082062)|SYSTEM_MODE_ENTER|false
12:21:39.0 (2089941)|VARIABLE_SCOPE_BEGIN|[3]|boatTypeId|String|false|false
12:21:39.0 (2112712)|VARIABLE_ASSIGNMENT|[3]|boatTypeId|""
12:21:39.0 (2126156)|HEAP_ALLOCATE|[4]|Bytes:5
12:21:39.0 (2131095)|STATEMENT_EXECUTE|[3]
12:21:39.0 (2132734)|STATEMENT_EXECUTE|[4]
12:21:39.0 (2216608)|HEAP_ALLOCATE|[4]|Bytes:4
12:21:39.0 (2286354)|VARIABLE_SCOPE_BEGIN|[4]|boats|List<Boat__c>|true|false
12:21:39.0 (2298372)|HEAP_ALLOCATE|[EXTERNAL]|Bytes:4
12:21:39.0 (2311141)|VARIABLE_ASSIGNMENT|[4]|boats|[]|0x180dbc17
12:21:39.0 (2317257)|STATEMENT_EXECUTE|[5]
12:21:39.0 (2320668)|HEAP_ALLOCATE|[5]|Bytes:57
12:21:39.0 (2325907)|VARIABLE_SCOPE_BEGIN|[5]|query|String|false|false
12:21:39.0 (2337186)|VARIABLE_ASSIGNMENT|[5]|query|"SELECT Id, Name, Con (37 more) ..."
12:21:39.0 (2358781)|STATEMENT_EXECUTE|[6]
12:21:39.0 (2361343)|STATEMENT_EXECUTE|[7]
12:21:39.0 (2997773)|SOQL_EXECUTE_BEGIN|[7]|Aggregations:0|SELECT Id, Name, Contact__r.Name, Picture__c FROM Boat__c
12:21:39.0 (8863291)|SOQL_EXECUTE_END|[7]|Rows:10
12:21:39.0 (8899814)|HEAP_ALLOCATE|[7]|Bytes:44
12:21:39.0 (8947434)|HEAP_ALLOCATE|[7]|Bytes:1923
12:21:39.0 (8982914)|HEAP_ALLOCATE|[7]|Bytes:44
12:21:39.0 (9024636)|VARIABLE_ASSIGNMENT|[7]|boats|"List of size 10 too large to display"|0x209fb95b
12:21:39.0 (9034894)|STATEMENT_EXECUTE|[11]
12:21:39.0 (9045739)|SYSTEM_MODE_EXIT|false
12:21:39.9 (9067415)|CUMULATIVE_LIMIT_USAGE
12:21:39.9 (9067415)|LIMIT_USAGE_FOR_NS|(default)|
  Number of SOQL queries: 1 out of 100
  Number of query rows: 10 out of 50000
  Number of SOSL queries: 0 out of 20
  Number of DML statements: 0 out of 150
  Number of DML rows: 0 out of 10000
  Maximum CPU time: 0 out of 10000
  Maximum heap size: 0 out of 6000000
  Number of callouts: 0 out of 100
  Number of Email Invocations: 0 out of 10
  Number of future calls: 0 out of 50
  Number of queueable jobs added to the queue: 0 out of 50
  Number of Mobile Apex push calls: 0 out of 10

12:21:39.9 (9067415)|CUMULATIVE_LIMIT_USAGE_END

12:21:39.0 (9100151)|CODE_UNIT_FINISHED|BoatSearchResults.getBoats
12:21:39.0 (9239719)|CODE_UNIT_FINISHED|Aura
12:21:39.0 (10524314)|EXECUTION_FINISHED
