42.0 APEX_CODE,FINEST;APEX_PROFILING,INFO;CALLOUT,INFO;DB,INFO;SYSTEM,DEBUG;VALIDATION,INFO;VISUALFORCE,INFO;WAVE,INFO;WORKFLOW,INFO
12:29:21.0 (62001)|USER_INFO|[EXTERNAL]|005f4000001gayX|lrodriguez@curious-bear-277664.com|Pacific Standard Time|GMT-07:00
12:29:21.0 (94677)|EXECUTION_STARTED
12:29:21.0 (98305)|CODE_UNIT_STARTED|[EXTERNAL]|Aura
12:29:21.0 (764314)|HEAP_ALLOCATE|[72]|Bytes:3
12:29:21.0 (802693)|HEAP_ALLOCATE|[77]|Bytes:152
12:29:21.0 (822230)|HEAP_ALLOCATE|[342]|Bytes:408
12:29:21.0 (834052)|HEAP_ALLOCATE|[355]|Bytes:408
12:29:21.0 (844518)|HEAP_ALLOCATE|[467]|Bytes:48
12:29:21.0 (869036)|HEAP_ALLOCATE|[139]|Bytes:6
12:29:21.0 (887043)|HEAP_ALLOCATE|[EXTERNAL]|Bytes:18
12:29:21.0 (897182)|HEAP_ALLOCATE|[EXTERNAL]|Bytes:18
12:29:21.0 (1683156)|CODE_UNIT_STARTED|[EXTERNAL]|01pf400000CcM2l|BoatSearchResults.getBoats
12:29:21.0 (1774427)|HEAP_ALLOCATE|[EXTERNAL]|Bytes:1
12:29:21.0 (1787004)|METHOD_ENTRY|[1]|01pf400000CcM2l|BoatSearchResults.BoatSearchResults()
12:29:21.0 (1793176)|STATEMENT_EXECUTE|[1]
12:29:21.0 (1798207)|STATEMENT_EXECUTE|[1]
12:29:21.0 (1832965)|HEAP_ALLOCATE|[50]|Bytes:5
12:29:21.0 (1856979)|HEAP_ALLOCATE|[56]|Bytes:5
12:29:21.0 (1863485)|HEAP_ALLOCATE|[64]|Bytes:7
12:29:21.0 (1884532)|SYSTEM_MODE_ENTER|false
12:29:21.0 (1899960)|HEAP_ALLOCATE|[EXTERNAL]|Bytes:5
12:29:21.0 (1908517)|SYSTEM_MODE_EXIT|false
12:29:21.0 (1916586)|METHOD_EXIT|[1]|BoatSearchResults
12:29:21.0 (1922246)|HEAP_ALLOCATE|[EXTERNAL]|Bytes:18
12:29:21.0 (1930679)|SYSTEM_MODE_ENTER|false
12:29:21.0 (1937311)|VARIABLE_SCOPE_BEGIN|[3]|boatTypeId|String|false|false
12:29:21.0 (1958947)|VARIABLE_ASSIGNMENT|[3]|boatTypeId|"a01f400000DKVR9AAP"
12:29:21.0 (1973565)|HEAP_ALLOCATE|[4]|Bytes:5
12:29:21.0 (1977984)|STATEMENT_EXECUTE|[3]
12:29:21.0 (1979764)|STATEMENT_EXECUTE|[4]
12:29:21.0 (2047469)|HEAP_ALLOCATE|[4]|Bytes:4
12:29:21.0 (2115209)|VARIABLE_SCOPE_BEGIN|[4]|boats|List<Boat__c>|true|false
12:29:21.0 (2127424)|HEAP_ALLOCATE|[EXTERNAL]|Bytes:4
12:29:21.0 (2140739)|VARIABLE_ASSIGNMENT|[4]|boats|[]|0x47ffbbf3
12:29:21.0 (2146820)|STATEMENT_EXECUTE|[5]
12:29:21.0 (2149825)|HEAP_ALLOCATE|[5]|Bytes:57
12:29:21.0 (2155231)|VARIABLE_SCOPE_BEGIN|[5]|query|String|false|false
12:29:21.0 (2166561)|VARIABLE_ASSIGNMENT|[5]|query|"SELECT Id, Name, Con (37 more) ..."
12:29:21.0 (2194077)|STATEMENT_EXECUTE|[8]
12:29:21.0 (2195851)|STATEMENT_EXECUTE|[9]
12:29:21.0 (2198229)|HEAP_ALLOCATE|[9]|Bytes:25
12:29:21.0 (2202339)|HEAP_ALLOCATE|[9]|Bytes:1
12:29:21.0 (2214708)|HEAP_ALLOCATE|[9]|Bytes:101
12:29:21.0 (3085656)|SOQL_EXECUTE_BEGIN|[9]|Aggregations:0|SELECT Id, Name, Contact__r.Name, Picture__c FROM Boat__c WHERE BoatType__r.Id = 'a01f400000DKVR9AAP'
12:29:21.0 (7452250)|SOQL_EXECUTE_END|[9]|Rows:1
12:29:21.0 (7484126)|HEAP_ALLOCATE|[9]|Bytes:8
12:29:21.0 (7507409)|HEAP_ALLOCATE|[9]|Bytes:235
12:29:21.0 (7566151)|HEAP_ALLOCATE|[9]|Bytes:8
12:29:21.0 (7627231)|VARIABLE_ASSIGNMENT|[9]|boats|[{"Id":"a02f4000007VekQAAS","Name":"All In The Family","Contact__c":"003f400000M6KnDAAV","Picture__c":"/resource/Sailboats/ (14 more) ...","BoatType__c":"a01f400000DKVR9AAP","Contact__r":{"Name":"Emanuel Manzanares","Id":"003f400000M6KnDAAV"}}]|0xef0226a
12:29:21.0 (7641449)|STATEMENT_EXECUTE|[11]
12:29:21.0 (7651168)|SYSTEM_MODE_EXIT|false
12:29:21.7 (7677210)|CUMULATIVE_LIMIT_USAGE
12:29:21.7 (7677210)|LIMIT_USAGE_FOR_NS|(default)|
  Number of SOQL queries: 1 out of 100
  Number of query rows: 1 out of 50000
  Number of SOSL queries: 0 out of 20
  Number of DML statements: 0 out of 150
  Number of DML rows: 0 out of 10000
  Maximum CPU time: 0 out of 10000
  Maximum heap size: 0 out of 6000000
  Number of callouts: 0 out of 100
  Number of Email Invocations: 0 out of 10
  Number of future calls: 0 out of 50
  Number of queueable jobs added to the queue: 0 out of 50
  Number of Mobile Apex push calls: 0 out of 10

12:29:21.7 (7677210)|CUMULATIVE_LIMIT_USAGE_END

12:29:21.0 (7707534)|CODE_UNIT_FINISHED|BoatSearchResults.getBoats
12:29:21.0 (7799870)|CODE_UNIT_FINISHED|Aura
12:29:21.0 (9106854)|EXECUTION_FINISHED
