42.0 APEX_CODE,FINEST;APEX_PROFILING,INFO;CALLOUT,INFO;DB,INFO;SYSTEM,DEBUG;VALIDATION,INFO;VISUALFORCE,INFO;WAVE,INFO;WORKFLOW,INFO
07:32:13.0 (70692)|USER_INFO|[EXTERNAL]|005f4000001gayX|lrodriguez@curious-bear-277664.com|Pacific Standard Time|GMT-07:00
07:32:13.0 (112430)|EXECUTION_STARTED
07:32:13.0 (117385)|CODE_UNIT_STARTED|[EXTERNAL]|Aura
07:32:13.0 (1266066)|CODE_UNIT_STARTED|[EXTERNAL]|01pf400000CcJkp|BoatSearchController.getBoatTypes
07:32:13.0 (1421318)|HEAP_ALLOCATE|[72]|Bytes:3
07:32:13.0 (1466545)|HEAP_ALLOCATE|[77]|Bytes:152
07:32:13.0 (1484697)|HEAP_ALLOCATE|[342]|Bytes:408
07:32:13.0 (1506442)|HEAP_ALLOCATE|[355]|Bytes:408
07:32:13.0 (1527715)|HEAP_ALLOCATE|[467]|Bytes:48
07:32:13.0 (1557253)|HEAP_ALLOCATE|[139]|Bytes:6
07:32:13.0 (1631758)|HEAP_ALLOCATE|[EXTERNAL]|Bytes:1
07:32:13.0 (1646949)|METHOD_ENTRY|[1]|01pf400000CcJkp|BoatSearchController.BoatSearchController()
07:32:13.0 (1656501)|STATEMENT_EXECUTE|[1]
07:32:13.0 (1663592)|STATEMENT_EXECUTE|[1]
07:32:13.0 (1696528)|HEAP_ALLOCATE|[50]|Bytes:5
07:32:13.0 (1727290)|HEAP_ALLOCATE|[56]|Bytes:5
07:32:13.0 (1737041)|HEAP_ALLOCATE|[64]|Bytes:7
07:32:13.0 (1762306)|SYSTEM_MODE_ENTER|false
07:32:13.0 (1778848)|HEAP_ALLOCATE|[EXTERNAL]|Bytes:5
07:32:13.0 (1788133)|SYSTEM_MODE_EXIT|false
07:32:13.0 (1801314)|METHOD_EXIT|[1]|BoatSearchController
07:32:13.0 (1817284)|SYSTEM_MODE_ENTER|false
07:32:13.0 (1836051)|HEAP_ALLOCATE|[4]|Bytes:5
07:32:13.0 (1840678)|STATEMENT_EXECUTE|[3]
07:32:13.0 (1842654)|STATEMENT_EXECUTE|[4]
07:32:13.0 (1846347)|HEAP_ALLOCATE|[4]|Bytes:32
07:32:13.0 (1867356)|HEAP_ALLOCATE|[4]|Bytes:4
07:32:13.0 (2146381)|SOQL_EXECUTE_BEGIN|[4]|Aggregations:0|SELECT Id, Name FROM BoatType__c
07:32:13.0 (5097758)|SOQL_EXECUTE_END|[4]|Rows:0
07:32:13.0 (5122493)|HEAP_ALLOCATE|[4]|Bytes:4
07:32:13.0 (5134176)|HEAP_ALLOCATE|[4]|Bytes:0
07:32:13.0 (5235452)|HEAP_ALLOCATE|[4]|Bytes:4
07:32:13.0 (5250067)|SYSTEM_MODE_EXIT|false
07:32:13.5 (5274090)|CUMULATIVE_LIMIT_USAGE
07:32:13.5 (5274090)|LIMIT_USAGE_FOR_NS|(default)|
  Number of SOQL queries: 1 out of 100
  Number of query rows: 0 out of 50000
  Number of SOSL queries: 0 out of 20
  Number of DML statements: 0 out of 150
  Number of DML rows: 0 out of 10000
  Maximum CPU time: 0 out of 10000
  Maximum heap size: 0 out of 6000000
  Number of callouts: 0 out of 100
  Number of Email Invocations: 0 out of 10
  Number of future calls: 0 out of 50
  Number of queueable jobs added to the queue: 0 out of 50
  Number of Mobile Apex push calls: 0 out of 10

07:32:13.5 (5274090)|CUMULATIVE_LIMIT_USAGE_END

07:32:13.0 (5303788)|CODE_UNIT_FINISHED|BoatSearchController.getBoatTypes
07:32:13.0 (5360566)|CODE_UNIT_FINISHED|Aura
07:32:13.0 (6542057)|EXECUTION_FINISHED
