42.0 APEX_CODE,FINEST;APEX_PROFILING,INFO;CALLOUT,INFO;DB,INFO;SYSTEM,DEBUG;VALIDATION,INFO;VISUALFORCE,INFO;WAVE,INFO;WORKFLOW,INFO
12:29:13.0 (60709)|USER_INFO|[EXTERNAL]|005f4000001gayX|lrodriguez@curious-bear-277664.com|Pacific Standard Time|GMT-07:00
12:29:13.0 (92844)|EXECUTION_STARTED
12:29:13.0 (97106)|CODE_UNIT_STARTED|[EXTERNAL]|Aura
12:29:13.0 (1255540)|CODE_UNIT_STARTED|[EXTERNAL]|01pf400000CcJkp|BoatSearchController.getBoatTypes
12:29:13.0 (1369111)|HEAP_ALLOCATE|[72]|Bytes:3
12:29:13.0 (1394174)|HEAP_ALLOCATE|[77]|Bytes:152
12:29:13.0 (1406837)|HEAP_ALLOCATE|[342]|Bytes:408
12:29:13.0 (1419135)|HEAP_ALLOCATE|[355]|Bytes:408
12:29:13.0 (1429461)|HEAP_ALLOCATE|[467]|Bytes:48
12:29:13.0 (1451468)|HEAP_ALLOCATE|[139]|Bytes:6
12:29:13.0 (1492214)|HEAP_ALLOCATE|[EXTERNAL]|Bytes:1
12:29:13.0 (1503921)|METHOD_ENTRY|[1]|01pf400000CcJkp|BoatSearchController.BoatSearchController()
12:29:13.0 (1513170)|STATEMENT_EXECUTE|[1]
12:29:13.0 (1522299)|STATEMENT_EXECUTE|[1]
12:29:13.0 (1557790)|HEAP_ALLOCATE|[50]|Bytes:5
12:29:13.0 (1585006)|HEAP_ALLOCATE|[56]|Bytes:5
12:29:13.0 (1597016)|HEAP_ALLOCATE|[64]|Bytes:7
12:29:13.0 (1624158)|SYSTEM_MODE_ENTER|false
12:29:13.0 (1633683)|HEAP_ALLOCATE|[EXTERNAL]|Bytes:5
12:29:13.0 (1640720)|SYSTEM_MODE_EXIT|false
12:29:13.0 (1649088)|METHOD_EXIT|[1]|BoatSearchController
12:29:13.0 (1662014)|SYSTEM_MODE_ENTER|false
12:29:13.0 (1676924)|HEAP_ALLOCATE|[4]|Bytes:5
12:29:13.0 (1683009)|STATEMENT_EXECUTE|[3]
12:29:13.0 (1685163)|STATEMENT_EXECUTE|[4]
12:29:13.0 (1688275)|HEAP_ALLOCATE|[4]|Bytes:32
12:29:13.0 (1706624)|HEAP_ALLOCATE|[4]|Bytes:4
12:29:13.0 (1992203)|SOQL_EXECUTE_BEGIN|[4]|Aggregations:0|SELECT Id, Name FROM BoatType__c
12:29:13.0 (3860566)|SOQL_EXECUTE_END|[4]|Rows:8
12:29:13.0 (3882694)|HEAP_ALLOCATE|[4]|Bytes:36
12:29:13.0 (3908241)|HEAP_ALLOCATE|[4]|Bytes:375
12:29:13.0 (3980217)|HEAP_ALLOCATE|[4]|Bytes:36
12:29:13.0 (3995278)|SYSTEM_MODE_EXIT|false
12:29:13.4 (4017899)|CUMULATIVE_LIMIT_USAGE
12:29:13.4 (4017899)|LIMIT_USAGE_FOR_NS|(default)|
  Number of SOQL queries: 1 out of 100
  Number of query rows: 8 out of 50000
  Number of SOSL queries: 0 out of 20
  Number of DML statements: 0 out of 150
  Number of DML rows: 0 out of 10000
  Maximum CPU time: 0 out of 10000
  Maximum heap size: 0 out of 6000000
  Number of callouts: 0 out of 100
  Number of Email Invocations: 0 out of 10
  Number of future calls: 0 out of 50
  Number of queueable jobs added to the queue: 0 out of 50
  Number of Mobile Apex push calls: 0 out of 10

12:29:13.4 (4017899)|CUMULATIVE_LIMIT_USAGE_END

12:29:13.0 (4045124)|CODE_UNIT_FINISHED|BoatSearchController.getBoatTypes
12:29:13.0 (4126282)|CODE_UNIT_FINISHED|Aura
12:29:13.0 (5227544)|EXECUTION_FINISHED
